quality-gate	Set up job	ï»¿2025-12-28T03:40:49.6571830Z Current runner version: '2.330.0'
quality-gate	Set up job	2025-12-28T03:40:49.6606151Z ##[group]Runner Image Provisioner
quality-gate	Set up job	2025-12-28T03:40:49.6607807Z Hosted Compute Agent
quality-gate	Set up job	2025-12-28T03:40:49.6608763Z Version: 20251211.462
quality-gate	Set up job	2025-12-28T03:40:49.6610100Z Commit: 6cbad8c2bb55d58165063d031ccabf57e2d2db61
quality-gate	Set up job	2025-12-28T03:40:49.6611227Z Build Date: 2025-12-11T16:28:49Z
quality-gate	Set up job	2025-12-28T03:40:49.6612407Z Worker ID: {504a420a-a5d6-4329-b220-29f5373dbc9f}
quality-gate	Set up job	2025-12-28T03:40:49.6613672Z ##[endgroup]
quality-gate	Set up job	2025-12-28T03:40:49.6614504Z ##[group]Operating System
quality-gate	Set up job	2025-12-28T03:40:49.6615489Z Ubuntu
quality-gate	Set up job	2025-12-28T03:40:49.6616229Z 24.04.3
quality-gate	Set up job	2025-12-28T03:40:49.6616971Z LTS
quality-gate	Set up job	2025-12-28T03:40:49.6617657Z ##[endgroup]
quality-gate	Set up job	2025-12-28T03:40:49.6618627Z ##[group]Runner Image
quality-gate	Set up job	2025-12-28T03:40:49.6619815Z Image: ubuntu-24.04
quality-gate	Set up job	2025-12-28T03:40:49.6620692Z Version: 20251215.174.1
quality-gate	Set up job	2025-12-28T03:40:49.6622470Z Included Software: https://github.com/actions/runner-images/blob/ubuntu24/20251215.174/images/ubuntu/Ubuntu2404-Readme.md
quality-gate	Set up job	2025-12-28T03:40:49.6625135Z Image Release: https://github.com/actions/runner-images/releases/tag/ubuntu24%2F20251215.174
quality-gate	Set up job	2025-12-28T03:40:49.6627197Z ##[endgroup]
quality-gate	Set up job	2025-12-28T03:40:49.6631961Z ##[group]GITHUB_TOKEN Permissions
quality-gate	Set up job	2025-12-28T03:40:49.6634977Z Actions: write
quality-gate	Set up job	2025-12-28T03:40:49.6635838Z ArtifactMetadata: write
quality-gate	Set up job	2025-12-28T03:40:49.6636714Z Attestations: write
quality-gate	Set up job	2025-12-28T03:40:49.6637590Z Checks: write
quality-gate	Set up job	2025-12-28T03:40:49.6638472Z Contents: write
quality-gate	Set up job	2025-12-28T03:40:49.6639508Z Deployments: write
quality-gate	Set up job	2025-12-28T03:40:49.6640408Z Discussions: write
quality-gate	Set up job	2025-12-28T03:40:49.6641144Z Issues: write
quality-gate	Set up job	2025-12-28T03:40:49.6642035Z Metadata: read
quality-gate	Set up job	2025-12-28T03:40:49.6642821Z Models: read
quality-gate	Set up job	2025-12-28T03:40:49.6643713Z Packages: write
quality-gate	Set up job	2025-12-28T03:40:49.6644500Z Pages: write
quality-gate	Set up job	2025-12-28T03:40:49.6645342Z PullRequests: write
quality-gate	Set up job	2025-12-28T03:40:49.6646352Z RepositoryProjects: write
quality-gate	Set up job	2025-12-28T03:40:49.6647280Z SecurityEvents: write
quality-gate	Set up job	2025-12-28T03:40:49.6648124Z Statuses: write
quality-gate	Set up job	2025-12-28T03:40:49.6648847Z ##[endgroup]
quality-gate	Set up job	2025-12-28T03:40:49.6652206Z Secret source: Actions
quality-gate	Set up job	2025-12-28T03:40:49.6653312Z Prepare workflow directory
quality-gate	Set up job	2025-12-28T03:40:49.7099529Z Prepare all required actions
quality-gate	Set up job	2025-12-28T03:40:49.7153589Z Getting action download info
quality-gate	Set up job	2025-12-28T03:40:50.0407337Z Download action repository 'actions/checkout@v4' (SHA:34e114876b0b11c390a56381ad16ebd13914f8d5)
quality-gate	Set up job	2025-12-28T03:40:50.1755135Z Download action repository 'actions/setup-python@v5' (SHA:a26af69be951a213d495a4c3e4e4022e16d87065)
quality-gate	Set up job	2025-12-28T03:40:50.2671428Z Download action repository 'actions/upload-artifact@v4' (SHA:ea165f8d65b6e75b540449e92b4886f43607fa02)
quality-gate	Set up job	2025-12-28T03:40:50.4680336Z Complete job name: quality-gate
quality-gate	Run actions/checkout@v4	ï»¿2025-12-28T03:40:50.5376099Z ##[group]Run actions/checkout@v4
quality-gate	Run actions/checkout@v4	2025-12-28T03:40:50.5376923Z with:
quality-gate	Run actions/checkout@v4	2025-12-28T03:40:50.5377382Z   repository: D-sorganization/Golf_Modeling_Suite
quality-gate	Run actions/checkout@v4	2025-12-28T03:40:50.5378089Z   token: ***
quality-gate	Run actions/checkout@v4	2025-12-28T03:40:50.5378466Z   ssh-strict: true
quality-gate	Run actions/checkout@v4	2025-12-28T03:40:50.5378860Z   ssh-user: git
quality-gate	Run actions/checkout@v4	2025-12-28T03:40:50.5379497Z   persist-credentials: true
quality-gate	Run actions/checkout@v4	2025-12-28T03:40:50.5379947Z   clean: true
quality-gate	Run actions/checkout@v4	2025-12-28T03:40:50.5380369Z   sparse-checkout-cone-mode: true
quality-gate	Run actions/checkout@v4	2025-12-28T03:40:50.5380847Z   fetch-depth: 1
quality-gate	Run actions/checkout@v4	2025-12-28T03:40:50.5381279Z   fetch-tags: false
quality-gate	Run actions/checkout@v4	2025-12-28T03:40:50.5381673Z   show-progress: true
quality-gate	Run actions/checkout@v4	2025-12-28T03:40:50.5382082Z   lfs: false
quality-gate	Run actions/checkout@v4	2025-12-28T03:40:50.5382437Z   submodules: false
quality-gate	Run actions/checkout@v4	2025-12-28T03:40:50.5382839Z   set-safe-directory: true
quality-gate	Run actions/checkout@v4	2025-12-28T03:40:50.5383540Z ##[endgroup]
quality-gate	Run actions/checkout@v4	2025-12-28T03:40:50.6537694Z Syncing repository: D-sorganization/Golf_Modeling_Suite
quality-gate	Run actions/checkout@v4	2025-12-28T03:40:50.6539909Z ##[group]Getting Git version info
quality-gate	Run actions/checkout@v4	2025-12-28T03:40:50.6540745Z Working directory is '/home/runner/work/Golf_Modeling_Suite/Golf_Modeling_Suite'
quality-gate	Run actions/checkout@v4	2025-12-28T03:40:50.6541845Z [command]/usr/bin/git version
quality-gate	Run actions/checkout@v4	2025-12-28T03:40:50.6651631Z git version 2.52.0
quality-gate	Run actions/checkout@v4	2025-12-28T03:40:50.6679469Z ##[endgroup]
quality-gate	Run actions/checkout@v4	2025-12-28T03:40:50.6693713Z Temporarily overriding HOME='/home/runner/work/_temp/b867ab2f-c14d-432c-9221-2a67f05e2a93' before making global git config changes
quality-gate	Run actions/checkout@v4	2025-12-28T03:40:50.6696186Z Adding repository directory to the temporary git global config as a safe directory
quality-gate	Run actions/checkout@v4	2025-12-28T03:40:50.6698853Z [command]/usr/bin/git config --global --add safe.directory /home/runner/work/Golf_Modeling_Suite/Golf_Modeling_Suite
quality-gate	Run actions/checkout@v4	2025-12-28T03:40:50.6738628Z Deleting the contents of '/home/runner/work/Golf_Modeling_Suite/Golf_Modeling_Suite'
quality-gate	Run actions/checkout@v4	2025-12-28T03:40:50.6742949Z ##[group]Initializing the repository
quality-gate	Run actions/checkout@v4	2025-12-28T03:40:50.6747380Z [command]/usr/bin/git init /home/runner/work/Golf_Modeling_Suite/Golf_Modeling_Suite
quality-gate	Run actions/checkout@v4	2025-12-28T03:40:50.6882150Z hint: Using 'master' as the name for the initial branch. This default branch name
quality-gate	Run actions/checkout@v4	2025-12-28T03:40:50.6883895Z hint: will change to "main" in Git 3.0. To configure the initial branch name
quality-gate	Run actions/checkout@v4	2025-12-28T03:40:50.6884838Z hint: to use in all of your new repositories, which will suppress this warning,
quality-gate	Run actions/checkout@v4	2025-12-28T03:40:50.6885511Z hint: call:
quality-gate	Run actions/checkout@v4	2025-12-28T03:40:50.6885863Z hint:
quality-gate	Run actions/checkout@v4	2025-12-28T03:40:50.6886323Z hint: 	git config --global init.defaultBranch <name>
quality-gate	Run actions/checkout@v4	2025-12-28T03:40:50.6886916Z hint:
quality-gate	Run actions/checkout@v4	2025-12-28T03:40:50.6887624Z hint: Names commonly chosen instead of 'master' are 'main', 'trunk' and
quality-gate	Run actions/checkout@v4	2025-12-28T03:40:50.6889314Z hint: 'development'. The just-created branch can be renamed via this command:
quality-gate	Run actions/checkout@v4	2025-12-28T03:40:50.6890520Z hint:
quality-gate	Run actions/checkout@v4	2025-12-28T03:40:50.6891123Z hint: 	git branch -m <name>
quality-gate	Run actions/checkout@v4	2025-12-28T03:40:50.6891800Z hint:
quality-gate	Run actions/checkout@v4	2025-12-28T03:40:50.6892720Z hint: Disable this message with "git config set advice.defaultBranchName false"
quality-gate	Run actions/checkout@v4	2025-12-28T03:40:50.6893884Z Initialized empty Git repository in /home/runner/work/Golf_Modeling_Suite/Golf_Modeling_Suite/.git/
quality-gate	Run actions/checkout@v4	2025-12-28T03:40:50.6907433Z [command]/usr/bin/git remote add origin https://github.com/D-sorganization/Golf_Modeling_Suite
quality-gate	Run actions/checkout@v4	2025-12-28T03:40:50.6943097Z ##[endgroup]
quality-gate	Run actions/checkout@v4	2025-12-28T03:40:50.6943805Z ##[group]Disabling automatic garbage collection
quality-gate	Run actions/checkout@v4	2025-12-28T03:40:50.6949754Z [command]/usr/bin/git config --local gc.auto 0
quality-gate	Run actions/checkout@v4	2025-12-28T03:40:50.6982579Z ##[endgroup]
quality-gate	Run actions/checkout@v4	2025-12-28T03:40:50.6983685Z ##[group]Setting up auth
quality-gate	Run actions/checkout@v4	2025-12-28T03:40:50.6991814Z [command]/usr/bin/git config --local --name-only --get-regexp core\.sshCommand
quality-gate	Run actions/checkout@v4	2025-12-28T03:40:50.7026619Z [command]/usr/bin/git submodule foreach --recursive sh -c "git config --local --name-only --get-regexp 'core\.sshCommand' && git config --local --unset-all 'core.sshCommand' || :"
quality-gate	Run actions/checkout@v4	2025-12-28T03:40:50.7406236Z [command]/usr/bin/git config --local --name-only --get-regexp http\.https\:\/\/github\.com\/\.extraheader
quality-gate	Run actions/checkout@v4	2025-12-28T03:40:50.7438034Z [command]/usr/bin/git submodule foreach --recursive sh -c "git config --local --name-only --get-regexp 'http\.https\:\/\/github\.com\/\.extraheader' && git config --local --unset-all 'http.https://github.com/.extraheader' || :"
quality-gate	Run actions/checkout@v4	2025-12-28T03:40:50.7667888Z [command]/usr/bin/git config --local --name-only --get-regexp ^includeIf\.gitdir:
quality-gate	Run actions/checkout@v4	2025-12-28T03:40:50.7698263Z [command]/usr/bin/git submodule foreach --recursive git config --local --show-origin --name-only --get-regexp remote.origin.url
quality-gate	Run actions/checkout@v4	2025-12-28T03:40:50.7918587Z [command]/usr/bin/git config --local http.https://github.com/.extraheader AUTHORIZATION: basic ***
quality-gate	Run actions/checkout@v4	2025-12-28T03:40:50.7951422Z ##[endgroup]
quality-gate	Run actions/checkout@v4	2025-12-28T03:40:50.7952872Z ##[group]Fetching the repository
quality-gate	Run actions/checkout@v4	2025-12-28T03:40:50.7961086Z [command]/usr/bin/git -c protocol.version=2 fetch --no-tags --prune --no-recurse-submodules --depth=1 origin +84b080d8a4a948ddde7e34b1fc92f2d1f9d9470f:refs/remotes/pull/149/merge
quality-gate	Run actions/checkout@v4	2025-12-28T03:40:52.4765593Z From https://github.com/D-sorganization/Golf_Modeling_Suite
quality-gate	Run actions/checkout@v4	2025-12-28T03:40:52.4766803Z  * [new ref]         84b080d8a4a948ddde7e34b1fc92f2d1f9d9470f -> pull/149/merge
quality-gate	Run actions/checkout@v4	2025-12-28T03:40:52.4796105Z ##[endgroup]
quality-gate	Run actions/checkout@v4	2025-12-28T03:40:52.4796881Z ##[group]Determining the checkout info
quality-gate	Run actions/checkout@v4	2025-12-28T03:40:52.4798341Z ##[endgroup]
quality-gate	Run actions/checkout@v4	2025-12-28T03:40:52.4803518Z [command]/usr/bin/git sparse-checkout disable
quality-gate	Run actions/checkout@v4	2025-12-28T03:40:52.4845781Z [command]/usr/bin/git config --local --unset-all extensions.worktreeConfig
quality-gate	Run actions/checkout@v4	2025-12-28T03:40:52.4870749Z ##[group]Checking out the ref
quality-gate	Run actions/checkout@v4	2025-12-28T03:40:52.4874148Z [command]/usr/bin/git checkout --progress --force refs/remotes/pull/149/merge
quality-gate	Run actions/checkout@v4	2025-12-28T03:40:53.3670217Z Note: switching to 'refs/remotes/pull/149/merge'.
quality-gate	Run actions/checkout@v4	2025-12-28T03:40:53.3671533Z 
quality-gate	Run actions/checkout@v4	2025-12-28T03:40:53.3672344Z You are in 'detached HEAD' state. You can look around, make experimental
quality-gate	Run actions/checkout@v4	2025-12-28T03:40:53.3673953Z changes and commit them, and you can discard any commits you make in this
quality-gate	Run actions/checkout@v4	2025-12-28T03:40:53.3675253Z state without impacting any branches by switching back to a branch.
quality-gate	Run actions/checkout@v4	2025-12-28T03:40:53.3676033Z 
quality-gate	Run actions/checkout@v4	2025-12-28T03:40:53.3676556Z If you want to create a new branch to retain commits you create, you may
quality-gate	Run actions/checkout@v4	2025-12-28T03:40:53.3677695Z do so (now or later) by using -c with the switch command. Example:
quality-gate	Run actions/checkout@v4	2025-12-28T03:40:53.3678427Z 
quality-gate	Run actions/checkout@v4	2025-12-28T03:40:53.3678721Z   git switch -c <new-branch-name>
quality-gate	Run actions/checkout@v4	2025-12-28T03:40:53.3679350Z 
quality-gate	Run actions/checkout@v4	2025-12-28T03:40:53.3679666Z Or undo this operation with:
quality-gate	Run actions/checkout@v4	2025-12-28T03:40:53.3680130Z 
quality-gate	Run actions/checkout@v4	2025-12-28T03:40:53.3680389Z   git switch -
quality-gate	Run actions/checkout@v4	2025-12-28T03:40:53.3680765Z 
quality-gate	Run actions/checkout@v4	2025-12-28T03:40:53.3681383Z Turn off this advice by setting config variable advice.detachedHead to false
quality-gate	Run actions/checkout@v4	2025-12-28T03:40:53.3682323Z 
quality-gate	Run actions/checkout@v4	2025-12-28T03:40:53.3683333Z HEAD is now at 84b080d Merge 38b4d9d355241309fe1ea68b91efed7cf5813a26 into 7824b97d8636f8ba2dbdcbb2d65c88831c665d12
quality-gate	Run actions/checkout@v4	2025-12-28T03:40:53.3710475Z ##[endgroup]
quality-gate	Run actions/checkout@v4	2025-12-28T03:40:53.3748256Z [command]/usr/bin/git log -1 --format=%H
quality-gate	Run actions/checkout@v4	2025-12-28T03:40:53.3770444Z 84b080d8a4a948ddde7e34b1fc92f2d1f9d9470f
quality-gate	Run actions/setup-python@v5	ï»¿2025-12-28T03:40:53.4154929Z ##[group]Run actions/setup-python@v5
quality-gate	Run actions/setup-python@v5	2025-12-28T03:40:53.4156150Z with:
quality-gate	Run actions/setup-python@v5	2025-12-28T03:40:53.4156971Z   python-version: 3.11
quality-gate	Run actions/setup-python@v5	2025-12-28T03:40:53.4157916Z   check-latest: false
quality-gate	Run actions/setup-python@v5	2025-12-28T03:40:53.4159360Z   token: ***
quality-gate	Run actions/setup-python@v5	2025-12-28T03:40:53.4160255Z   update-environment: true
quality-gate	Run actions/setup-python@v5	2025-12-28T03:40:53.4161302Z   allow-prereleases: false
quality-gate	Run actions/setup-python@v5	2025-12-28T03:40:53.4162336Z   freethreaded: false
quality-gate	Run actions/setup-python@v5	2025-12-28T03:40:53.4163248Z ##[endgroup]
quality-gate	Run actions/setup-python@v5	2025-12-28T03:40:53.5867177Z ##[group]Installed versions
quality-gate	Run actions/setup-python@v5	2025-12-28T03:40:53.5988180Z Successfully set up CPython (3.11.14)
quality-gate	Run actions/setup-python@v5	2025-12-28T03:40:53.5990914Z ##[endgroup]
quality-gate	Run pip install ruff==0.14.10 black==25.12.0 mypy==1.13.0 bandit==1.7.7 pydocstyle==6.3.0	ï»¿2025-12-28T03:40:53.6124383Z ##[group]Run pip install ruff==0.14.10 black==25.12.0 mypy==1.13.0 bandit==1.7.7 pydocstyle==6.3.0
quality-gate	Run pip install ruff==0.14.10 black==25.12.0 mypy==1.13.0 bandit==1.7.7 pydocstyle==6.3.0	2025-12-28T03:40:53.6125663Z [36;1mpip install ruff==0.14.10 black==25.12.0 mypy==1.13.0 bandit==1.7.7 pydocstyle==6.3.0[0m
quality-gate	Run pip install ruff==0.14.10 black==25.12.0 mypy==1.13.0 bandit==1.7.7 pydocstyle==6.3.0	2025-12-28T03:40:53.6320746Z shell: /usr/bin/bash -e {0}
quality-gate	Run pip install ruff==0.14.10 black==25.12.0 mypy==1.13.0 bandit==1.7.7 pydocstyle==6.3.0	2025-12-28T03:40:53.6321532Z env:
quality-gate	Run pip install ruff==0.14.10 black==25.12.0 mypy==1.13.0 bandit==1.7.7 pydocstyle==6.3.0	2025-12-28T03:40:53.6322268Z   pythonLocation: /opt/hostedtoolcache/Python/3.11.14/x64
quality-gate	Run pip install ruff==0.14.10 black==25.12.0 mypy==1.13.0 bandit==1.7.7 pydocstyle==6.3.0	2025-12-28T03:40:53.6323238Z   PKG_CONFIG_PATH: /opt/hostedtoolcache/Python/3.11.14/x64/lib/pkgconfig
quality-gate	Run pip install ruff==0.14.10 black==25.12.0 mypy==1.13.0 bandit==1.7.7 pydocstyle==6.3.0	2025-12-28T03:40:53.6324205Z   Python_ROOT_DIR: /opt/hostedtoolcache/Python/3.11.14/x64
quality-gate	Run pip install ruff==0.14.10 black==25.12.0 mypy==1.13.0 bandit==1.7.7 pydocstyle==6.3.0	2025-12-28T03:40:53.6325115Z   Python2_ROOT_DIR: /opt/hostedtoolcache/Python/3.11.14/x64
quality-gate	Run pip install ruff==0.14.10 black==25.12.0 mypy==1.13.0 bandit==1.7.7 pydocstyle==6.3.0	2025-12-28T03:40:53.6326006Z   Python3_ROOT_DIR: /opt/hostedtoolcache/Python/3.11.14/x64
quality-gate	Run pip install ruff==0.14.10 black==25.12.0 mypy==1.13.0 bandit==1.7.7 pydocstyle==6.3.0	2025-12-28T03:40:53.6326923Z   LD_LIBRARY_PATH: /opt/hostedtoolcache/Python/3.11.14/x64/lib
quality-gate	Run pip install ruff==0.14.10 black==25.12.0 mypy==1.13.0 bandit==1.7.7 pydocstyle==6.3.0	2025-12-28T03:40:53.6327732Z ##[endgroup]
quality-gate	Run pip install ruff==0.14.10 black==25.12.0 mypy==1.13.0 bandit==1.7.7 pydocstyle==6.3.0	2025-12-28T03:40:57.7215606Z Collecting ruff==0.14.10
quality-gate	Run pip install ruff==0.14.10 black==25.12.0 mypy==1.13.0 bandit==1.7.7 pydocstyle==6.3.0	2025-12-28T03:40:57.7953784Z   Downloading ruff-0.14.10-py3-none-manylinux_2_17_x86_64.manylinux2014_x86_64.whl.metadata (26 kB)
quality-gate	Run pip install ruff==0.14.10 black==25.12.0 mypy==1.13.0 bandit==1.7.7 pydocstyle==6.3.0	2025-12-28T03:40:57.8657090Z Collecting black==25.12.0
quality-gate	Run pip install ruff==0.14.10 black==25.12.0 mypy==1.13.0 bandit==1.7.7 pydocstyle==6.3.0	2025-12-28T03:40:57.8735167Z   Downloading black-25.12.0-cp311-cp311-manylinux2014_x86_64.manylinux_2_17_x86_64.manylinux_2_28_x86_64.whl.metadata (86 kB)
quality-gate	Run pip install ruff==0.14.10 black==25.12.0 mypy==1.13.0 bandit==1.7.7 pydocstyle==6.3.0	2025-12-28T03:40:58.0024569Z Collecting mypy==1.13.0
quality-gate	Run pip install ruff==0.14.10 black==25.12.0 mypy==1.13.0 bandit==1.7.7 pydocstyle==6.3.0	2025-12-28T03:40:58.0118045Z   Downloading mypy-1.13.0-cp311-cp311-manylinux_2_17_x86_64.manylinux2014_x86_64.manylinux_2_28_x86_64.whl.metadata (2.1 kB)
quality-gate	Run pip install ruff==0.14.10 black==25.12.0 mypy==1.13.0 bandit==1.7.7 pydocstyle==6.3.0	2025-12-28T03:40:58.0525633Z Collecting bandit==1.7.7
quality-gate	Run pip install ruff==0.14.10 black==25.12.0 mypy==1.13.0 bandit==1.7.7 pydocstyle==6.3.0	2025-12-28T03:40:58.0613899Z   Downloading bandit-1.7.7-py3-none-any.whl.metadata (5.9 kB)
quality-gate	Run pip install ruff==0.14.10 black==25.12.0 mypy==1.13.0 bandit==1.7.7 pydocstyle==6.3.0	2025-12-28T03:40:58.0804329Z Collecting pydocstyle==6.3.0
quality-gate	Run pip install ruff==0.14.10 black==25.12.0 mypy==1.13.0 bandit==1.7.7 pydocstyle==6.3.0	2025-12-28T03:40:58.0888747Z   Downloading pydocstyle-6.3.0-py3-none-any.whl.metadata (3.7 kB)
quality-gate	Run pip install ruff==0.14.10 black==25.12.0 mypy==1.13.0 bandit==1.7.7 pydocstyle==6.3.0	2025-12-28T03:40:58.1127824Z Collecting click>=8.0.0 (from black==25.12.0)
quality-gate	Run pip install ruff==0.14.10 black==25.12.0 mypy==1.13.0 bandit==1.7.7 pydocstyle==6.3.0	2025-12-28T03:40:58.1207406Z   Downloading click-8.3.1-py3-none-any.whl.metadata (2.6 kB)
quality-gate	Run pip install ruff==0.14.10 black==25.12.0 mypy==1.13.0 bandit==1.7.7 pydocstyle==6.3.0	2025-12-28T03:40:58.1385465Z Collecting mypy-extensions>=0.4.3 (from black==25.12.0)
quality-gate	Run pip install ruff==0.14.10 black==25.12.0 mypy==1.13.0 bandit==1.7.7 pydocstyle==6.3.0	2025-12-28T03:40:58.1464528Z   Downloading mypy_extensions-1.1.0-py3-none-any.whl.metadata (1.1 kB)
quality-gate	Run pip install ruff==0.14.10 black==25.12.0 mypy==1.13.0 bandit==1.7.7 pydocstyle==6.3.0	2025-12-28T03:40:58.1677010Z Collecting packaging>=22.0 (from black==25.12.0)
quality-gate	Run pip install ruff==0.14.10 black==25.12.0 mypy==1.13.0 bandit==1.7.7 pydocstyle==6.3.0	2025-12-28T03:40:58.1752096Z   Downloading packaging-25.0-py3-none-any.whl.metadata (3.3 kB)
quality-gate	Run pip install ruff==0.14.10 black==25.12.0 mypy==1.13.0 bandit==1.7.7 pydocstyle==6.3.0	2025-12-28T03:40:58.1923427Z Collecting pathspec>=0.9.0 (from black==25.12.0)
quality-gate	Run pip install ruff==0.14.10 black==25.12.0 mypy==1.13.0 bandit==1.7.7 pydocstyle==6.3.0	2025-12-28T03:40:58.2004111Z   Downloading pathspec-0.12.1-py3-none-any.whl.metadata (21 kB)
quality-gate	Run pip install ruff==0.14.10 black==25.12.0 mypy==1.13.0 bandit==1.7.7 pydocstyle==6.3.0	2025-12-28T03:40:58.2254978Z Collecting platformdirs>=2 (from black==25.12.0)
quality-gate	Run pip install ruff==0.14.10 black==25.12.0 mypy==1.13.0 bandit==1.7.7 pydocstyle==6.3.0	2025-12-28T03:40:58.2333503Z   Downloading platformdirs-4.5.1-py3-none-any.whl.metadata (12 kB)
quality-gate	Run pip install ruff==0.14.10 black==25.12.0 mypy==1.13.0 bandit==1.7.7 pydocstyle==6.3.0	2025-12-28T03:40:58.2523234Z Collecting pytokens>=0.3.0 (from black==25.12.0)
quality-gate	Run pip install ruff==0.14.10 black==25.12.0 mypy==1.13.0 bandit==1.7.7 pydocstyle==6.3.0	2025-12-28T03:40:58.2604685Z   Downloading pytokens-0.3.0-py3-none-any.whl.metadata (2.0 kB)
quality-gate	Run pip install ruff==0.14.10 black==25.12.0 mypy==1.13.0 bandit==1.7.7 pydocstyle==6.3.0	2025-12-28T03:40:58.2863229Z Collecting typing-extensions>=4.6.0 (from mypy==1.13.0)
quality-gate	Run pip install ruff==0.14.10 black==25.12.0 mypy==1.13.0 bandit==1.7.7 pydocstyle==6.3.0	2025-12-28T03:40:58.2938894Z   Downloading typing_extensions-4.15.0-py3-none-any.whl.metadata (3.3 kB)
quality-gate	Run pip install ruff==0.14.10 black==25.12.0 mypy==1.13.0 bandit==1.7.7 pydocstyle==6.3.0	2025-12-28T03:40:58.3420976Z Collecting PyYAML>=5.3.1 (from bandit==1.7.7)
quality-gate	Run pip install ruff==0.14.10 black==25.12.0 mypy==1.13.0 bandit==1.7.7 pydocstyle==6.3.0	2025-12-28T03:40:58.3495011Z   Downloading pyyaml-6.0.3-cp311-cp311-manylinux2014_x86_64.manylinux_2_17_x86_64.manylinux_2_28_x86_64.whl.metadata (2.4 kB)
quality-gate	Run pip install ruff==0.14.10 black==25.12.0 mypy==1.13.0 bandit==1.7.7 pydocstyle==6.3.0	2025-12-28T03:40:58.3783881Z Collecting stevedore>=1.20.0 (from bandit==1.7.7)
quality-gate	Run pip install ruff==0.14.10 black==25.12.0 mypy==1.13.0 bandit==1.7.7 pydocstyle==6.3.0	2025-12-28T03:40:58.3864229Z   Downloading stevedore-5.6.0-py3-none-any.whl.metadata (2.3 kB)
quality-gate	Run pip install ruff==0.14.10 black==25.12.0 mypy==1.13.0 bandit==1.7.7 pydocstyle==6.3.0	2025-12-28T03:40:58.4328476Z Collecting rich (from bandit==1.7.7)
quality-gate	Run pip install ruff==0.14.10 black==25.12.0 mypy==1.13.0 bandit==1.7.7 pydocstyle==6.3.0	2025-12-28T03:40:58.4402789Z   Downloading rich-14.2.0-py3-none-any.whl.metadata (18 kB)
quality-gate	Run pip install ruff==0.14.10 black==25.12.0 mypy==1.13.0 bandit==1.7.7 pydocstyle==6.3.0	2025-12-28T03:40:58.4839178Z Collecting snowballstemmer>=2.2.0 (from pydocstyle==6.3.0)
quality-gate	Run pip install ruff==0.14.10 black==25.12.0 mypy==1.13.0 bandit==1.7.7 pydocstyle==6.3.0	2025-12-28T03:40:58.4917283Z   Downloading snowballstemmer-3.0.1-py3-none-any.whl.metadata (7.9 kB)
quality-gate	Run pip install ruff==0.14.10 black==25.12.0 mypy==1.13.0 bandit==1.7.7 pydocstyle==6.3.0	2025-12-28T03:40:58.5194531Z Collecting markdown-it-py>=2.2.0 (from rich->bandit==1.7.7)
quality-gate	Run pip install ruff==0.14.10 black==25.12.0 mypy==1.13.0 bandit==1.7.7 pydocstyle==6.3.0	2025-12-28T03:40:58.5267902Z   Downloading markdown_it_py-4.0.0-py3-none-any.whl.metadata (7.3 kB)
quality-gate	Run pip install ruff==0.14.10 black==25.12.0 mypy==1.13.0 bandit==1.7.7 pydocstyle==6.3.0	2025-12-28T03:40:58.5550313Z Collecting pygments<3.0.0,>=2.13.0 (from rich->bandit==1.7.7)
quality-gate	Run pip install ruff==0.14.10 black==25.12.0 mypy==1.13.0 bandit==1.7.7 pydocstyle==6.3.0	2025-12-28T03:40:58.5625989Z   Downloading pygments-2.19.2-py3-none-any.whl.metadata (2.5 kB)
quality-gate	Run pip install ruff==0.14.10 black==25.12.0 mypy==1.13.0 bandit==1.7.7 pydocstyle==6.3.0	2025-12-28T03:40:58.5798864Z Collecting mdurl~=0.1 (from markdown-it-py>=2.2.0->rich->bandit==1.7.7)
quality-gate	Run pip install ruff==0.14.10 black==25.12.0 mypy==1.13.0 bandit==1.7.7 pydocstyle==6.3.0	2025-12-28T03:40:58.5880121Z   Downloading mdurl-0.1.2-py3-none-any.whl.metadata (1.6 kB)
quality-gate	Run pip install ruff==0.14.10 black==25.12.0 mypy==1.13.0 bandit==1.7.7 pydocstyle==6.3.0	2025-12-28T03:40:58.6037058Z Downloading ruff-0.14.10-py3-none-manylinux_2_17_x86_64.manylinux2014_x86_64.whl (14.2 MB)
quality-gate	Run pip install ruff==0.14.10 black==25.12.0 mypy==1.13.0 bandit==1.7.7 pydocstyle==6.3.0	2025-12-28T03:40:58.9512098Z    â”â”â”â”â”â”â”â”â”â”â”â”â”â”â”â”â”â”â”â”â”â”â”â”â”â”â”â”â”â”â”â”â”â”â”â”â”â”â”â” 14.2/14.2 MB 44.3 MB/s  0:00:00
quality-gate	Run pip install ruff==0.14.10 black==25.12.0 mypy==1.13.0 bandit==1.7.7 pydocstyle==6.3.0	2025-12-28T03:40:58.9590368Z Downloading black-25.12.0-cp311-cp311-manylinux2014_x86_64.manylinux_2_17_x86_64.manylinux_2_28_x86_64.whl (1.8 MB)
quality-gate	Run pip install ruff==0.14.10 black==25.12.0 mypy==1.13.0 bandit==1.7.7 pydocstyle==6.3.0	2025-12-28T03:40:58.9777590Z    â”â”â”â”â”â”â”â”â”â”â”â”â”â”â”â”â”â”â”â”â”â”â”â”â”â”â”â”â”â”â”â”â”â”â”â”â”â”â”â” 1.8/1.8 MB 95.1 MB/s  0:00:00
quality-gate	Run pip install ruff==0.14.10 black==25.12.0 mypy==1.13.0 bandit==1.7.7 pydocstyle==6.3.0	2025-12-28T03:40:58.9882118Z Downloading mypy-1.13.0-cp311-cp311-manylinux_2_17_x86_64.manylinux2014_x86_64.manylinux_2_28_x86_64.whl (12.5 MB)
quality-gate	Run pip install ruff==0.14.10 black==25.12.0 mypy==1.13.0 bandit==1.7.7 pydocstyle==6.3.0	2025-12-28T03:40:59.0734806Z    â”â”â”â”â”â”â”â”â”â”â”â”â”â”â”â”â”â”â”â”â”â”â”â”â”â”â”â”â”â”â”â”â”â”â”â”â”â”â”â” 12.5/12.5 MB 148.2 MB/s  0:00:00
quality-gate	Run pip install ruff==0.14.10 black==25.12.0 mypy==1.13.0 bandit==1.7.7 pydocstyle==6.3.0	2025-12-28T03:40:59.0828413Z Downloading bandit-1.7.7-py3-none-any.whl (124 kB)
quality-gate	Run pip install ruff==0.14.10 black==25.12.0 mypy==1.13.0 bandit==1.7.7 pydocstyle==6.3.0	2025-12-28T03:40:59.0933053Z Downloading pydocstyle-6.3.0-py3-none-any.whl (38 kB)
quality-gate	Run pip install ruff==0.14.10 black==25.12.0 mypy==1.13.0 bandit==1.7.7 pydocstyle==6.3.0	2025-12-28T03:40:59.1028212Z Downloading click-8.3.1-py3-none-any.whl (108 kB)
quality-gate	Run pip install ruff==0.14.10 black==25.12.0 mypy==1.13.0 bandit==1.7.7 pydocstyle==6.3.0	2025-12-28T03:40:59.1127460Z Downloading mypy_extensions-1.1.0-py3-none-any.whl (5.0 kB)
quality-gate	Run pip install ruff==0.14.10 black==25.12.0 mypy==1.13.0 bandit==1.7.7 pydocstyle==6.3.0	2025-12-28T03:40:59.1229721Z Downloading packaging-25.0-py3-none-any.whl (66 kB)
quality-gate	Run pip install ruff==0.14.10 black==25.12.0 mypy==1.13.0 bandit==1.7.7 pydocstyle==6.3.0	2025-12-28T03:40:59.1336198Z Downloading pathspec-0.12.1-py3-none-any.whl (31 kB)
quality-gate	Run pip install ruff==0.14.10 black==25.12.0 mypy==1.13.0 bandit==1.7.7 pydocstyle==6.3.0	2025-12-28T03:40:59.1437095Z Downloading platformdirs-4.5.1-py3-none-any.whl (18 kB)
quality-gate	Run pip install ruff==0.14.10 black==25.12.0 mypy==1.13.0 bandit==1.7.7 pydocstyle==6.3.0	2025-12-28T03:40:59.1535746Z Downloading pytokens-0.3.0-py3-none-any.whl (12 kB)
quality-gate	Run pip install ruff==0.14.10 black==25.12.0 mypy==1.13.0 bandit==1.7.7 pydocstyle==6.3.0	2025-12-28T03:40:59.1651203Z Downloading pyyaml-6.0.3-cp311-cp311-manylinux2014_x86_64.manylinux_2_17_x86_64.manylinux_2_28_x86_64.whl (806 kB)
quality-gate	Run pip install ruff==0.14.10 black==25.12.0 mypy==1.13.0 bandit==1.7.7 pydocstyle==6.3.0	2025-12-28T03:40:59.1737150Z    â”â”â”â”â”â”â”â”â”â”â”â”â”â”â”â”â”â”â”â”â”â”â”â”â”â”â”â”â”â”â”â”â”â”â”â”â”â”â”â” 806.6/806.6 kB 94.2 MB/s  0:00:00
quality-gate	Run pip install ruff==0.14.10 black==25.12.0 mypy==1.13.0 bandit==1.7.7 pydocstyle==6.3.0	2025-12-28T03:40:59.1816614Z Downloading snowballstemmer-3.0.1-py3-none-any.whl (103 kB)
quality-gate	Run pip install ruff==0.14.10 black==25.12.0 mypy==1.13.0 bandit==1.7.7 pydocstyle==6.3.0	2025-12-28T03:40:59.1929544Z Downloading stevedore-5.6.0-py3-none-any.whl (54 kB)
quality-gate	Run pip install ruff==0.14.10 black==25.12.0 mypy==1.13.0 bandit==1.7.7 pydocstyle==6.3.0	2025-12-28T03:40:59.2033079Z Downloading typing_extensions-4.15.0-py3-none-any.whl (44 kB)
quality-gate	Run pip install ruff==0.14.10 black==25.12.0 mypy==1.13.0 bandit==1.7.7 pydocstyle==6.3.0	2025-12-28T03:40:59.2141363Z Downloading rich-14.2.0-py3-none-any.whl (243 kB)
quality-gate	Run pip install ruff==0.14.10 black==25.12.0 mypy==1.13.0 bandit==1.7.7 pydocstyle==6.3.0	2025-12-28T03:40:59.2256023Z Downloading pygments-2.19.2-py3-none-any.whl (1.2 MB)
quality-gate	Run pip install ruff==0.14.10 black==25.12.0 mypy==1.13.0 bandit==1.7.7 pydocstyle==6.3.0	2025-12-28T03:40:59.2346350Z    â”â”â”â”â”â”â”â”â”â”â”â”â”â”â”â”â”â”â”â”â”â”â”â”â”â”â”â”â”â”â”â”â”â”â”â”â”â”â”â” 1.2/1.2 MB 150.0 MB/s  0:00:00
quality-gate	Run pip install ruff==0.14.10 black==25.12.0 mypy==1.13.0 bandit==1.7.7 pydocstyle==6.3.0	2025-12-28T03:40:59.2431343Z Downloading markdown_it_py-4.0.0-py3-none-any.whl (87 kB)
quality-gate	Run pip install ruff==0.14.10 black==25.12.0 mypy==1.13.0 bandit==1.7.7 pydocstyle==6.3.0	2025-12-28T03:40:59.2545120Z Downloading mdurl-0.1.2-py3-none-any.whl (10.0 kB)
quality-gate	Run pip install ruff==0.14.10 black==25.12.0 mypy==1.13.0 bandit==1.7.7 pydocstyle==6.3.0	2025-12-28T03:40:59.3796234Z Installing collected packages: typing-extensions, stevedore, snowballstemmer, ruff, PyYAML, pytokens, pygments, platformdirs, pathspec, packaging, mypy-extensions, mdurl, click, pydocstyle, mypy, markdown-it-py, black, rich, bandit
quality-gate	Run pip install ruff==0.14.10 black==25.12.0 mypy==1.13.0 bandit==1.7.7 pydocstyle==6.3.0	2025-12-28T03:41:02.1241082Z 
quality-gate	Run pip install ruff==0.14.10 black==25.12.0 mypy==1.13.0 bandit==1.7.7 pydocstyle==6.3.0	2025-12-28T03:41:02.1257592Z Successfully installed PyYAML-6.0.3 bandit-1.7.7 black-25.12.0 click-8.3.1 markdown-it-py-4.0.0 mdurl-0.1.2 mypy-1.13.0 mypy-extensions-1.1.0 packaging-25.0 pathspec-0.12.1 platformdirs-4.5.1 pydocstyle-6.3.0 pygments-2.19.2 pytokens-0.3.0 rich-14.2.0 ruff-0.14.10 snowballstemmer-3.0.1 stevedore-5.6.0 typing-extensions-4.15.0
quality-gate	Check Tool Version Consistency	ï»¿2025-12-28T03:41:02.3502276Z ##[group]Run echo "Validating tool versions match .pre-commit-config.yaml..."
quality-gate	Check Tool Version Consistency	2025-12-28T03:41:02.3502828Z [36;1mecho "Validating tool versions match .pre-commit-config.yaml..."[0m
quality-gate	Check Tool Version Consistency	2025-12-28T03:41:02.3503181Z [36;1m[0m
quality-gate	Check Tool Version Consistency	2025-12-28T03:41:02.3503360Z [36;1m# Check Black version[0m
quality-gate	Check Tool Version Consistency	2025-12-28T03:41:02.3503650Z [36;1mif ! grep -q "rev: 25.12.0" .pre-commit-config.yaml; then[0m
quality-gate	Check Tool Version Consistency	2025-12-28T03:41:02.3504063Z [36;1m  echo "::error::Black version mismatch between CI and pre-commit config"[0m
quality-gate	Check Tool Version Consistency	2025-12-28T03:41:02.3504392Z [36;1m  exit 1[0m
quality-gate	Check Tool Version Consistency	2025-12-28T03:41:02.3504553Z [36;1mfi[0m
quality-gate	Check Tool Version Consistency	2025-12-28T03:41:02.3504708Z [36;1m[0m
quality-gate	Check Tool Version Consistency	2025-12-28T03:41:02.3504863Z [36;1m# Check Ruff version[0m
quality-gate	Check Tool Version Consistency	2025-12-28T03:41:02.3505142Z [36;1mif ! grep -q "rev: v0.14.10" .pre-commit-config.yaml; then[0m
quality-gate	Check Tool Version Consistency	2025-12-28T03:41:02.3505530Z [36;1m  echo "::error::Ruff version mismatch between CI and pre-commit config"[0m
quality-gate	Check Tool Version Consistency	2025-12-28T03:41:02.3505860Z [36;1m  exit 1[0m
quality-gate	Check Tool Version Consistency	2025-12-28T03:41:02.3506018Z [36;1mfi[0m
quality-gate	Check Tool Version Consistency	2025-12-28T03:41:02.3506190Z [36;1m[0m
quality-gate	Check Tool Version Consistency	2025-12-28T03:41:02.3506353Z [36;1m# Check MyPy version[0m
quality-gate	Check Tool Version Consistency	2025-12-28T03:41:02.3506623Z [36;1mif ! grep -q "rev: v1.13.0" .pre-commit-config.yaml; then[0m
quality-gate	Check Tool Version Consistency	2025-12-28T03:41:02.3507021Z [36;1m  echo "::error::MyPy version mismatch between CI and pre-commit config"[0m
quality-gate	Check Tool Version Consistency	2025-12-28T03:41:02.3507340Z [36;1m  exit 1[0m
quality-gate	Check Tool Version Consistency	2025-12-28T03:41:02.3507495Z [36;1mfi[0m
quality-gate	Check Tool Version Consistency	2025-12-28T03:41:02.3507646Z [36;1m[0m
quality-gate	Check Tool Version Consistency	2025-12-28T03:41:02.3507835Z [36;1mecho "âœ“ All tool versions are consistent"[0m
quality-gate	Check Tool Version Consistency	2025-12-28T03:41:02.3542250Z shell: /usr/bin/bash -e {0}
quality-gate	Check Tool Version Consistency	2025-12-28T03:41:02.3542475Z env:
quality-gate	Check Tool Version Consistency	2025-12-28T03:41:02.3542714Z   pythonLocation: /opt/hostedtoolcache/Python/3.11.14/x64
quality-gate	Check Tool Version Consistency	2025-12-28T03:41:02.3543118Z   PKG_CONFIG_PATH: /opt/hostedtoolcache/Python/3.11.14/x64/lib/pkgconfig
quality-gate	Check Tool Version Consistency	2025-12-28T03:41:02.3543512Z   Python_ROOT_DIR: /opt/hostedtoolcache/Python/3.11.14/x64
quality-gate	Check Tool Version Consistency	2025-12-28T03:41:02.3543857Z   Python2_ROOT_DIR: /opt/hostedtoolcache/Python/3.11.14/x64
quality-gate	Check Tool Version Consistency	2025-12-28T03:41:02.3544197Z   Python3_ROOT_DIR: /opt/hostedtoolcache/Python/3.11.14/x64
quality-gate	Check Tool Version Consistency	2025-12-28T03:41:02.3544543Z   LD_LIBRARY_PATH: /opt/hostedtoolcache/Python/3.11.14/x64/lib
quality-gate	Check Tool Version Consistency	2025-12-28T03:41:02.3544831Z ##[endgroup]
quality-gate	Check Tool Version Consistency	2025-12-28T03:41:02.3599531Z Validating tool versions match .pre-commit-config.yaml...
quality-gate	Check Tool Version Consistency	2025-12-28T03:41:02.3639918Z âœ“ All tool versions are consistent
quality-gate	Lint	ï»¿2025-12-28T03:41:02.3669728Z ##[group]Run ruff check .
quality-gate	Lint	2025-12-28T03:41:02.3669979Z [36;1mruff check .[0m
quality-gate	Lint	2025-12-28T03:41:02.3700346Z shell: /usr/bin/bash -e {0}
quality-gate	Lint	2025-12-28T03:41:02.3700564Z env:
quality-gate	Lint	2025-12-28T03:41:02.3700791Z   pythonLocation: /opt/hostedtoolcache/Python/3.11.14/x64
quality-gate	Lint	2025-12-28T03:41:02.3701192Z   PKG_CONFIG_PATH: /opt/hostedtoolcache/Python/3.11.14/x64/lib/pkgconfig
quality-gate	Lint	2025-12-28T03:41:02.3701583Z   Python_ROOT_DIR: /opt/hostedtoolcache/Python/3.11.14/x64
quality-gate	Lint	2025-12-28T03:41:02.3701913Z   Python2_ROOT_DIR: /opt/hostedtoolcache/Python/3.11.14/x64
quality-gate	Lint	2025-12-28T03:41:02.3702407Z   Python3_ROOT_DIR: /opt/hostedtoolcache/Python/3.11.14/x64
quality-gate	Lint	2025-12-28T03:41:02.3702740Z   LD_LIBRARY_PATH: /opt/hostedtoolcache/Python/3.11.14/x64/lib
quality-gate	Lint	2025-12-28T03:41:02.3703020Z ##[endgroup]
quality-gate	Lint	2025-12-28T03:41:02.4661640Z All checks passed!
quality-gate	Check Formatting	ï»¿2025-12-28T03:41:02.4709645Z ##[group]Run black --check .
quality-gate	Check Formatting	2025-12-28T03:41:02.4709925Z [36;1mblack --check .[0m
quality-gate	Check Formatting	2025-12-28T03:41:02.4743690Z shell: /usr/bin/bash -e {0}
quality-gate	Check Formatting	2025-12-28T03:41:02.4743914Z env:
quality-gate	Check Formatting	2025-12-28T03:41:02.4744151Z   pythonLocation: /opt/hostedtoolcache/Python/3.11.14/x64
quality-gate	Check Formatting	2025-12-28T03:41:02.4744551Z   PKG_CONFIG_PATH: /opt/hostedtoolcache/Python/3.11.14/x64/lib/pkgconfig
quality-gate	Check Formatting	2025-12-28T03:41:02.4744937Z   Python_ROOT_DIR: /opt/hostedtoolcache/Python/3.11.14/x64
quality-gate	Check Formatting	2025-12-28T03:41:02.4745267Z   Python2_ROOT_DIR: /opt/hostedtoolcache/Python/3.11.14/x64
quality-gate	Check Formatting	2025-12-28T03:41:02.4745607Z   Python3_ROOT_DIR: /opt/hostedtoolcache/Python/3.11.14/x64
quality-gate	Check Formatting	2025-12-28T03:41:02.4745940Z   LD_LIBRARY_PATH: /opt/hostedtoolcache/Python/3.11.14/x64/lib
quality-gate	Check Formatting	2025-12-28T03:41:02.4746236Z ##[endgroup]
quality-gate	Check Formatting	2025-12-28T03:41:10.7680211Z All done! âœ¨ ðŸ° âœ¨
quality-gate	Check Formatting	2025-12-28T03:41:10.7682492Z 408 files would be left unchanged.
quality-gate	Run pip install mypy types-PyYAML types-requests	ï»¿2025-12-28T03:41:10.7935545Z ##[group]Run pip install mypy types-PyYAML types-requests
quality-gate	Run pip install mypy types-PyYAML types-requests	2025-12-28T03:41:10.7935963Z [36;1mpip install mypy types-PyYAML types-requests[0m
quality-gate	Run pip install mypy types-PyYAML types-requests	2025-12-28T03:41:10.7968787Z shell: /usr/bin/bash -e {0}
quality-gate	Run pip install mypy types-PyYAML types-requests	2025-12-28T03:41:10.7969147Z env:
quality-gate	Run pip install mypy types-PyYAML types-requests	2025-12-28T03:41:10.7969384Z   pythonLocation: /opt/hostedtoolcache/Python/3.11.14/x64
quality-gate	Run pip install mypy types-PyYAML types-requests	2025-12-28T03:41:10.7969795Z   PKG_CONFIG_PATH: /opt/hostedtoolcache/Python/3.11.14/x64/lib/pkgconfig
quality-gate	Run pip install mypy types-PyYAML types-requests	2025-12-28T03:41:10.7970194Z   Python_ROOT_DIR: /opt/hostedtoolcache/Python/3.11.14/x64
quality-gate	Run pip install mypy types-PyYAML types-requests	2025-12-28T03:41:10.7970532Z   Python2_ROOT_DIR: /opt/hostedtoolcache/Python/3.11.14/x64
quality-gate	Run pip install mypy types-PyYAML types-requests	2025-12-28T03:41:10.7970888Z   Python3_ROOT_DIR: /opt/hostedtoolcache/Python/3.11.14/x64
quality-gate	Run pip install mypy types-PyYAML types-requests	2025-12-28T03:41:10.7971226Z   LD_LIBRARY_PATH: /opt/hostedtoolcache/Python/3.11.14/x64/lib
quality-gate	Run pip install mypy types-PyYAML types-requests	2025-12-28T03:41:10.7971516Z ##[endgroup]
quality-gate	Run pip install mypy types-PyYAML types-requests	2025-12-28T03:41:11.2938326Z Requirement already satisfied: mypy in /opt/hostedtoolcache/Python/3.11.14/x64/lib/python3.11/site-packages (1.13.0)
quality-gate	Run pip install mypy types-PyYAML types-requests	2025-12-28T03:41:11.3941344Z Collecting types-PyYAML
quality-gate	Run pip install mypy types-PyYAML types-requests	2025-12-28T03:41:11.4629160Z   Downloading types_pyyaml-6.0.12.20250915-py3-none-any.whl.metadata (1.7 kB)
quality-gate	Run pip install mypy types-PyYAML types-requests	2025-12-28T03:41:11.5086495Z Collecting types-requests
quality-gate	Run pip install mypy types-PyYAML types-requests	2025-12-28T03:41:11.5162937Z   Downloading types_requests-2.32.4.20250913-py3-none-any.whl.metadata (2.0 kB)
quality-gate	Run pip install mypy types-PyYAML types-requests	2025-12-28T03:41:11.5209912Z Requirement already satisfied: typing-extensions>=4.6.0 in /opt/hostedtoolcache/Python/3.11.14/x64/lib/python3.11/site-packages (from mypy) (4.15.0)
quality-gate	Run pip install mypy types-PyYAML types-requests	2025-12-28T03:41:11.5214984Z Requirement already satisfied: mypy-extensions>=1.0.0 in /opt/hostedtoolcache/Python/3.11.14/x64/lib/python3.11/site-packages (from mypy) (1.1.0)
quality-gate	Run pip install mypy types-PyYAML types-requests	2025-12-28T03:41:11.5511838Z Collecting urllib3>=2 (from types-requests)
quality-gate	Run pip install mypy types-PyYAML types-requests	2025-12-28T03:41:11.5592554Z   Downloading urllib3-2.6.2-py3-none-any.whl.metadata (6.6 kB)
quality-gate	Run pip install mypy types-PyYAML types-requests	2025-12-28T03:41:11.5761655Z Downloading types_pyyaml-6.0.12.20250915-py3-none-any.whl (20 kB)
quality-gate	Run pip install mypy types-PyYAML types-requests	2025-12-28T03:41:11.5909391Z Downloading types_requests-2.32.4.20250913-py3-none-any.whl (20 kB)
quality-gate	Run pip install mypy types-PyYAML types-requests	2025-12-28T03:41:11.6025550Z Downloading urllib3-2.6.2-py3-none-any.whl (131 kB)
quality-gate	Run pip install mypy types-PyYAML types-requests	2025-12-28T03:41:11.6442368Z Installing collected packages: urllib3, types-PyYAML, types-requests
quality-gate	Run pip install mypy types-PyYAML types-requests	2025-12-28T03:41:11.7256373Z 
quality-gate	Run pip install mypy types-PyYAML types-requests	2025-12-28T03:41:11.7271618Z Successfully installed types-PyYAML-6.0.12.20250915 types-requests-2.32.4.20250913 urllib3-2.6.2
quality-gate	Run pip install -r requirements.txt	ï»¿2025-12-28T03:41:11.7731682Z ##[group]Run pip install -r requirements.txt
quality-gate	Run pip install -r requirements.txt	2025-12-28T03:41:11.7732035Z [36;1mpip install -r requirements.txt[0m
quality-gate	Run pip install -r requirements.txt	2025-12-28T03:41:11.7764969Z shell: /usr/bin/bash -e {0}
quality-gate	Run pip install -r requirements.txt	2025-12-28T03:41:11.7765197Z env:
quality-gate	Run pip install -r requirements.txt	2025-12-28T03:41:11.7765439Z   pythonLocation: /opt/hostedtoolcache/Python/3.11.14/x64
quality-gate	Run pip install -r requirements.txt	2025-12-28T03:41:11.7765849Z   PKG_CONFIG_PATH: /opt/hostedtoolcache/Python/3.11.14/x64/lib/pkgconfig
quality-gate	Run pip install -r requirements.txt	2025-12-28T03:41:11.7766251Z   Python_ROOT_DIR: /opt/hostedtoolcache/Python/3.11.14/x64
quality-gate	Run pip install -r requirements.txt	2025-12-28T03:41:11.7766778Z   Python2_ROOT_DIR: /opt/hostedtoolcache/Python/3.11.14/x64
quality-gate	Run pip install -r requirements.txt	2025-12-28T03:41:11.7767134Z   Python3_ROOT_DIR: /opt/hostedtoolcache/Python/3.11.14/x64
quality-gate	Run pip install -r requirements.txt	2025-12-28T03:41:11.7767482Z   LD_LIBRARY_PATH: /opt/hostedtoolcache/Python/3.11.14/x64/lib
quality-gate	Run pip install -r requirements.txt	2025-12-28T03:41:11.7767776Z ##[endgroup]
quality-gate	Run pip install -r requirements.txt	2025-12-28T03:41:12.0953304Z Obtaining file:///home/runner/work/Golf_Modeling_Suite/Golf_Modeling_Suite (from -r requirements.txt (line 8))
quality-gate	Run pip install -r requirements.txt	2025-12-28T03:41:12.0977251Z   Installing build dependencies: started
quality-gate	Run pip install -r requirements.txt	2025-12-28T03:41:13.0345317Z   Installing build dependencies: finished with status 'done'
quality-gate	Run pip install -r requirements.txt	2025-12-28T03:41:13.0350689Z   Checking if build backend supports build_editable: started
quality-gate	Run pip install -r requirements.txt	2025-12-28T03:41:13.3837316Z   Checking if build backend supports build_editable: finished with status 'done'
quality-gate	Run pip install -r requirements.txt	2025-12-28T03:41:13.3844253Z   Getting requirements to build editable: started
quality-gate	Run pip install -r requirements.txt	2025-12-28T03:41:13.7477441Z   Getting requirements to build editable: finished with status 'done'
quality-gate	Run pip install -r requirements.txt	2025-12-28T03:41:13.7486783Z   Preparing editable metadata (pyproject.toml): started
quality-gate	Run pip install -r requirements.txt	2025-12-28T03:41:13.9831288Z   Preparing editable metadata (pyproject.toml): finished with status 'done'
quality-gate	Run pip install -r requirements.txt	2025-12-28T03:41:14.2832611Z Collecting numpy<2.0.0,>=1.26.4 (from golf-modeling-suite==1.0.0->-r requirements.txt (line 8))
quality-gate	Run pip install -r requirements.txt	2025-12-28T03:41:14.3490277Z   Downloading numpy-1.26.4-cp311-cp311-manylinux_2_17_x86_64.manylinux2014_x86_64.whl.metadata (61 kB)
quality-gate	Run pip install -r requirements.txt	2025-12-28T03:41:14.4993739Z Collecting pandas<3.0.0,>=2.2.3 (from golf-modeling-suite==1.0.0->-r requirements.txt (line 8))
quality-gate	Run pip install -r requirements.txt	2025-12-28T03:41:14.5073371Z   Downloading pandas-2.3.3-cp311-cp311-manylinux_2_24_x86_64.manylinux_2_28_x86_64.whl.metadata (91 kB)
quality-gate	Run pip install -r requirements.txt	2025-12-28T03:41:14.6988703Z Collecting matplotlib<4.0.0,>=3.8.0 (from golf-modeling-suite==1.0.0->-r requirements.txt (line 8))
quality-gate	Run pip install -r requirements.txt	2025-12-28T03:41:14.7067645Z   Downloading matplotlib-3.10.8-cp311-cp311-manylinux2014_x86_64.manylinux_2_17_x86_64.whl.metadata (52 kB)
quality-gate	Run pip install -r requirements.txt	2025-12-28T03:41:14.8643067Z Collecting scipy<2.0.0,>=1.13.1 (from golf-modeling-suite==1.0.0->-r requirements.txt (line 8))
quality-gate	Run pip install -r requirements.txt	2025-12-28T03:41:14.8720196Z   Downloading scipy-1.16.3-cp311-cp311-manylinux2014_x86_64.manylinux_2_17_x86_64.whl.metadata (62 kB)
quality-gate	Run pip install -r requirements.txt	2025-12-28T03:41:14.9150413Z Collecting sympy<2.0.0,>=1.12 (from golf-modeling-suite==1.0.0->-r requirements.txt (line 8))
quality-gate	Run pip install -r requirements.txt	2025-12-28T03:41:14.9224470Z   Downloading sympy-1.14.0-py3-none-any.whl.metadata (12 kB)
quality-gate	Run pip install -r requirements.txt	2025-12-28T03:41:14.9489874Z Collecting PyQt6<7.0.0,>=6.6.0 (from golf-modeling-suite==1.0.0->-r requirements.txt (line 8))
quality-gate	Run pip install -r requirements.txt	2025-12-28T03:41:14.9569396Z   Downloading pyqt6-6.10.1-cp39-abi3-manylinux_2_34_x86_64.whl.metadata (2.1 kB)
quality-gate	Run pip install -r requirements.txt	2025-12-28T03:41:15.0261291Z Collecting mujoco<4.0.0,>=3.2.3 (from golf-modeling-suite==1.0.0->-r requirements.txt (line 8))
quality-gate	Run pip install -r requirements.txt	2025-12-28T03:41:15.0395840Z   Downloading mujoco-3.4.0-cp311-cp311-manylinux_2_27_x86_64.manylinux_2_28_x86_64.whl.metadata (41 kB)
quality-gate	Run pip install -r requirements.txt	2025-12-28T03:41:15.0506044Z Requirement already satisfied: pyyaml>=6.0.1 in /opt/hostedtoolcache/Python/3.11.14/x64/lib/python3.11/site-packages (from golf-modeling-suite==1.0.0->-r requirements.txt (line 8)) (6.0.3)
quality-gate	Run pip install -r requirements.txt	2025-12-28T03:41:15.0653984Z Collecting defusedxml<1.0.0,>=0.7.1 (from golf-modeling-suite==1.0.0->-r requirements.txt (line 8))
quality-gate	Run pip install -r requirements.txt	2025-12-28T03:41:15.0734304Z   Downloading defusedxml-0.7.1-py2.py3-none-any.whl.metadata (32 kB)
quality-gate	Run pip install -r requirements.txt	2025-12-28T03:41:15.1523985Z Collecting contourpy>=1.0.1 (from matplotlib<4.0.0,>=3.8.0->golf-modeling-suite==1.0.0->-r requirements.txt (line 8))
quality-gate	Run pip install -r requirements.txt	2025-12-28T03:41:15.1599336Z   Downloading contourpy-1.3.3-cp311-cp311-manylinux_2_27_x86_64.manylinux_2_28_x86_64.whl.metadata (5.5 kB)
quality-gate	Run pip install -r requirements.txt	2025-12-28T03:41:15.1772949Z Collecting cycler>=0.10 (from matplotlib<4.0.0,>=3.8.0->golf-modeling-suite==1.0.0->-r requirements.txt (line 8))
quality-gate	Run pip install -r requirements.txt	2025-12-28T03:41:15.1845358Z   Downloading cycler-0.12.1-py3-none-any.whl.metadata (3.8 kB)
quality-gate	Run pip install -r requirements.txt	2025-12-28T03:41:15.3506668Z Collecting fonttools>=4.22.0 (from matplotlib<4.0.0,>=3.8.0->golf-modeling-suite==1.0.0->-r requirements.txt (line 8))
quality-gate	Run pip install -r requirements.txt	2025-12-28T03:41:15.3591199Z   Downloading fonttools-4.61.1-cp311-cp311-manylinux2014_x86_64.manylinux_2_17_x86_64.whl.metadata (114 kB)
quality-gate	Run pip install -r requirements.txt	2025-12-28T03:41:15.4422785Z Collecting kiwisolver>=1.3.1 (from matplotlib<4.0.0,>=3.8.0->golf-modeling-suite==1.0.0->-r requirements.txt (line 8))
quality-gate	Run pip install -r requirements.txt	2025-12-28T03:41:15.4501154Z   Downloading kiwisolver-1.4.9-cp311-cp311-manylinux2014_x86_64.manylinux_2_17_x86_64.whl.metadata (6.3 kB)
quality-gate	Run pip install -r requirements.txt	2025-12-28T03:41:15.4611364Z Requirement already satisfied: packaging>=20.0 in /opt/hostedtoolcache/Python/3.11.14/x64/lib/python3.11/site-packages (from matplotlib<4.0.0,>=3.8.0->golf-modeling-suite==1.0.0->-r requirements.txt (line 8)) (25.0)
quality-gate	Run pip install -r requirements.txt	2025-12-28T03:41:15.6491069Z Collecting pillow>=8 (from matplotlib<4.0.0,>=3.8.0->golf-modeling-suite==1.0.0->-r requirements.txt (line 8))
quality-gate	Run pip install -r requirements.txt	2025-12-28T03:41:15.6575923Z   Downloading pillow-12.0.0-cp311-cp311-manylinux_2_27_x86_64.manylinux_2_28_x86_64.whl.metadata (8.8 kB)
quality-gate	Run pip install -r requirements.txt	2025-12-28T03:41:15.6917308Z Collecting pyparsing>=3 (from matplotlib<4.0.0,>=3.8.0->golf-modeling-suite==1.0.0->-r requirements.txt (line 8))
quality-gate	Run pip install -r requirements.txt	2025-12-28T03:41:15.6992008Z   Downloading pyparsing-3.3.1-py3-none-any.whl.metadata (5.6 kB)
quality-gate	Run pip install -r requirements.txt	2025-12-28T03:41:15.7198616Z Collecting python-dateutil>=2.7 (from matplotlib<4.0.0,>=3.8.0->golf-modeling-suite==1.0.0->-r requirements.txt (line 8))
quality-gate	Run pip install -r requirements.txt	2025-12-28T03:41:15.7274076Z   Downloading python_dateutil-2.9.0.post0-py2.py3-none-any.whl.metadata (8.4 kB)
quality-gate	Run pip install -r requirements.txt	2025-12-28T03:41:15.7483518Z Collecting absl-py (from mujoco<4.0.0,>=3.2.3->golf-modeling-suite==1.0.0->-r requirements.txt (line 8))
quality-gate	Run pip install -r requirements.txt	2025-12-28T03:41:15.7557409Z   Downloading absl_py-2.3.1-py3-none-any.whl.metadata (3.3 kB)
quality-gate	Run pip install -r requirements.txt	2025-12-28T03:41:15.7763935Z Collecting etils[epath] (from mujoco<4.0.0,>=3.2.3->golf-modeling-suite==1.0.0->-r requirements.txt (line 8))
quality-gate	Run pip install -r requirements.txt	2025-12-28T03:41:15.7847429Z   Downloading etils-1.13.0-py3-none-any.whl.metadata (6.5 kB)
quality-gate	Run pip install -r requirements.txt	2025-12-28T03:41:15.8339305Z Collecting glfw (from mujoco<4.0.0,>=3.2.3->golf-modeling-suite==1.0.0->-r requirements.txt (line 8))
quality-gate	Run pip install -r requirements.txt	2025-12-28T03:41:15.8426810Z   Downloading glfw-2.10.0-py2.py27.py3.py30.py31.py32.py33.py34.py35.py36.py37.py38.p39.p310.p311.p312.p313-none-manylinux_2_28_x86_64.whl.metadata (5.4 kB)
quality-gate	Run pip install -r requirements.txt	2025-12-28T03:41:15.8643822Z Collecting pyopengl (from mujoco<4.0.0,>=3.2.3->golf-modeling-suite==1.0.0->-r requirements.txt (line 8))
quality-gate	Run pip install -r requirements.txt	2025-12-28T03:41:15.8724032Z   Downloading pyopengl-3.1.10-py3-none-any.whl.metadata (3.3 kB)
quality-gate	Run pip install -r requirements.txt	2025-12-28T03:41:15.9222984Z Collecting pytz>=2020.1 (from pandas<3.0.0,>=2.2.3->golf-modeling-suite==1.0.0->-r requirements.txt (line 8))
quality-gate	Run pip install -r requirements.txt	2025-12-28T03:41:15.9312841Z   Downloading pytz-2025.2-py2.py3-none-any.whl.metadata (22 kB)
quality-gate	Run pip install -r requirements.txt	2025-12-28T03:41:15.9506036Z Collecting tzdata>=2022.7 (from pandas<3.0.0,>=2.2.3->golf-modeling-suite==1.0.0->-r requirements.txt (line 8))
quality-gate	Run pip install -r requirements.txt	2025-12-28T03:41:15.9595372Z   Downloading tzdata-2025.3-py2.py3-none-any.whl.metadata (1.4 kB)
quality-gate	Run pip install -r requirements.txt	2025-12-28T03:41:15.9933662Z Collecting PyQt6-sip<14,>=13.8 (from PyQt6<7.0.0,>=6.6.0->golf-modeling-suite==1.0.0->-r requirements.txt (line 8))
quality-gate	Run pip install -r requirements.txt	2025-12-28T03:41:16.0030957Z   Downloading pyqt6_sip-13.10.3-cp311-cp311-manylinux1_x86_64.manylinux_2_5_x86_64.whl.metadata (495 bytes)
quality-gate	Run pip install -r requirements.txt	2025-12-28T03:41:16.0264699Z Collecting PyQt6-Qt6<6.11.0,>=6.10.0 (from PyQt6<7.0.0,>=6.6.0->golf-modeling-suite==1.0.0->-r requirements.txt (line 8))
quality-gate	Run pip install -r requirements.txt	2025-12-28T03:41:16.0354867Z   Downloading pyqt6_qt6-6.10.1-py3-none-manylinux_2_34_x86_64.whl.metadata (535 bytes)
quality-gate	Run pip install -r requirements.txt	2025-12-28T03:41:16.0606324Z Collecting mpmath<1.4,>=1.1.0 (from sympy<2.0.0,>=1.12->golf-modeling-suite==1.0.0->-r requirements.txt (line 8))
quality-gate	Run pip install -r requirements.txt	2025-12-28T03:41:16.0682863Z   Downloading mpmath-1.3.0-py3-none-any.whl.metadata (8.6 kB)
quality-gate	Run pip install -r requirements.txt	2025-12-28T03:41:16.1007166Z Collecting six>=1.5 (from python-dateutil>=2.7->matplotlib<4.0.0,>=3.8.0->golf-modeling-suite==1.0.0->-r requirements.txt (line 8))
quality-gate	Run pip install -r requirements.txt	2025-12-28T03:41:16.1091228Z   Downloading six-1.17.0-py2.py3-none-any.whl.metadata (1.7 kB)
quality-gate	Run pip install -r requirements.txt	2025-12-28T03:41:16.1407941Z Collecting fsspec (from etils[epath]->mujoco<4.0.0,>=3.2.3->golf-modeling-suite==1.0.0->-r requirements.txt (line 8))
quality-gate	Run pip install -r requirements.txt	2025-12-28T03:41:16.1483897Z   Downloading fsspec-2025.12.0-py3-none-any.whl.metadata (10 kB)
quality-gate	Run pip install -r requirements.txt	2025-12-28T03:41:16.2007121Z Collecting importlib_resources (from etils[epath]->mujoco<4.0.0,>=3.2.3->golf-modeling-suite==1.0.0->-r requirements.txt (line 8))
quality-gate	Run pip install -r requirements.txt	2025-12-28T03:41:16.2081486Z   Downloading importlib_resources-6.5.2-py3-none-any.whl.metadata (3.9 kB)
quality-gate	Run pip install -r requirements.txt	2025-12-28T03:41:16.2136871Z Requirement already satisfied: typing_extensions in /opt/hostedtoolcache/Python/3.11.14/x64/lib/python3.11/site-packages (from etils[epath]->mujoco<4.0.0,>=3.2.3->golf-modeling-suite==1.0.0->-r requirements.txt (line 8)) (4.15.0)
quality-gate	Run pip install -r requirements.txt	2025-12-28T03:41:16.2358118Z Collecting zipp (from etils[epath]->mujoco<4.0.0,>=3.2.3->golf-modeling-suite==1.0.0->-r requirements.txt (line 8))
quality-gate	Run pip install -r requirements.txt	2025-12-28T03:41:16.2463952Z   Downloading zipp-3.23.0-py3-none-any.whl.metadata (3.6 kB)
quality-gate	Run pip install -r requirements.txt	2025-12-28T03:41:16.2683545Z Downloading defusedxml-0.7.1-py2.py3-none-any.whl (25 kB)
quality-gate	Run pip install -r requirements.txt	2025-12-28T03:41:16.2792743Z Downloading matplotlib-3.10.8-cp311-cp311-manylinux2014_x86_64.manylinux_2_17_x86_64.whl (8.7 MB)
quality-gate	Run pip install -r requirements.txt	2025-12-28T03:41:16.5488312Z    â”â”â”â”â”â”â”â”â”â”â”â”â”â”â”â”â”â”â”â”â”â”â”â”â”â”â”â”â”â”â”â”â”â”â”â”â”â”â”â” 8.7/8.7 MB 34.4 MB/s  0:00:00
quality-gate	Run pip install -r requirements.txt	2025-12-28T03:41:16.5576650Z Downloading mujoco-3.4.0-cp311-cp311-manylinux_2_27_x86_64.manylinux_2_28_x86_64.whl (6.9 MB)
quality-gate	Run pip install -r requirements.txt	2025-12-28T03:41:16.6319383Z    â”â”â”â”â”â”â”â”â”â”â”â”â”â”â”â”â”â”â”â”â”â”â”â”â”â”â”â”â”â”â”â”â”â”â”â”â”â”â”â” 6.9/6.9 MB 95.0 MB/s  0:00:00
quality-gate	Run pip install -r requirements.txt	2025-12-28T03:41:16.6397003Z Downloading numpy-1.26.4-cp311-cp311-manylinux_2_17_x86_64.manylinux2014_x86_64.whl (18.3 MB)
quality-gate	Run pip install -r requirements.txt	2025-12-28T03:41:16.7555679Z    â”â”â”â”â”â”â”â”â”â”â”â”â”â”â”â”â”â”â”â”â”â”â”â”â”â”â”â”â”â”â”â”â”â”â”â”â”â”â”â” 18.3/18.3 MB 158.9 MB/s  0:00:00
quality-gate	Run pip install -r requirements.txt	2025-12-28T03:41:16.7654538Z Downloading pandas-2.3.3-cp311-cp311-manylinux_2_24_x86_64.manylinux_2_28_x86_64.whl (12.8 MB)
quality-gate	Run pip install -r requirements.txt	2025-12-28T03:41:16.8329654Z    â”â”â”â”â”â”â”â”â”â”â”â”â”â”â”â”â”â”â”â”â”â”â”â”â”â”â”â”â”â”â”â”â”â”â”â”â”â”â”â” 12.8/12.8 MB 194.1 MB/s  0:00:00
quality-gate	Run pip install -r requirements.txt	2025-12-28T03:41:16.8499474Z Downloading pyqt6-6.10.1-cp39-abi3-manylinux_2_34_x86_64.whl (37.9 MB)
quality-gate	Run pip install -r requirements.txt	2025-12-28T03:41:17.1183899Z    â”â”â”â”â”â”â”â”â”â”â”â”â”â”â”â”â”â”â”â”â”â”â”â”â”â”â”â”â”â”â”â”â”â”â”â”â”â”â”â” 37.9/37.9 MB 141.6 MB/s  0:00:00
quality-gate	Run pip install -r requirements.txt	2025-12-28T03:41:17.1377542Z Downloading pyqt6_qt6-6.10.1-py3-none-manylinux_2_34_x86_64.whl (83.8 MB)
quality-gate	Run pip install -r requirements.txt	2025-12-28T03:41:17.7482752Z    â”â”â”â”â”â”â”â”â”â”â”â”â”â”â”â”â”â”â”â”â”â”â”â”â”â”â”â”â”â”â”â”â”â”â”â”â”â”â”â” 83.8/83.8 MB 137.4 MB/s  0:00:00
quality-gate	Run pip install -r requirements.txt	2025-12-28T03:41:17.7575735Z Downloading pyqt6_sip-13.10.3-cp311-cp311-manylinux1_x86_64.manylinux_2_5_x86_64.whl (291 kB)
quality-gate	Run pip install -r requirements.txt	2025-12-28T03:41:17.7698951Z Downloading scipy-1.16.3-cp311-cp311-manylinux2014_x86_64.manylinux_2_17_x86_64.whl (35.9 MB)
quality-gate	Run pip install -r requirements.txt	2025-12-28T03:41:17.9654771Z    â”â”â”â”â”â”â”â”â”â”â”â”â”â”â”â”â”â”â”â”â”â”â”â”â”â”â”â”â”â”â”â”â”â”â”â”â”â”â”â” 35.9/35.9 MB 188.6 MB/s  0:00:00
quality-gate	Run pip install -r requirements.txt	2025-12-28T03:41:17.9742045Z Downloading sympy-1.14.0-py3-none-any.whl (6.3 MB)
quality-gate	Run pip install -r requirements.txt	2025-12-28T03:41:18.0072214Z    â”â”â”â”â”â”â”â”â”â”â”â”â”â”â”â”â”â”â”â”â”â”â”â”â”â”â”â”â”â”â”â”â”â”â”â”â”â”â”â” 6.3/6.3 MB 198.9 MB/s  0:00:00
quality-gate	Run pip install -r requirements.txt	2025-12-28T03:41:18.0173454Z Downloading mpmath-1.3.0-py3-none-any.whl (536 kB)
quality-gate	Run pip install -r requirements.txt	2025-12-28T03:41:18.0262845Z    â”â”â”â”â”â”â”â”â”â”â”â”â”â”â”â”â”â”â”â”â”â”â”â”â”â”â”â”â”â”â”â”â”â”â”â”â”â”â”â” 536.2/536.2 kB 46.3 MB/s  0:00:00
quality-gate	Run pip install -r requirements.txt	2025-12-28T03:41:18.0346441Z Downloading contourpy-1.3.3-cp311-cp311-manylinux_2_27_x86_64.manylinux_2_28_x86_64.whl (355 kB)
quality-gate	Run pip install -r requirements.txt	2025-12-28T03:41:18.0488719Z Downloading cycler-0.12.1-py3-none-any.whl (8.3 kB)
quality-gate	Run pip install -r requirements.txt	2025-12-28T03:41:18.0596566Z Downloading fonttools-4.61.1-cp311-cp311-manylinux2014_x86_64.manylinux_2_17_x86_64.whl (5.0 MB)
quality-gate	Run pip install -r requirements.txt	2025-12-28T03:41:18.0869805Z    â”â”â”â”â”â”â”â”â”â”â”â”â”â”â”â”â”â”â”â”â”â”â”â”â”â”â”â”â”â”â”â”â”â”â”â”â”â”â”â” 5.0/5.0 MB 189.8 MB/s  0:00:00
quality-gate	Run pip install -r requirements.txt	2025-12-28T03:41:18.0949415Z Downloading kiwisolver-1.4.9-cp311-cp311-manylinux2014_x86_64.manylinux_2_17_x86_64.whl (1.4 MB)
quality-gate	Run pip install -r requirements.txt	2025-12-28T03:41:18.1055589Z    â”â”â”â”â”â”â”â”â”â”â”â”â”â”â”â”â”â”â”â”â”â”â”â”â”â”â”â”â”â”â”â”â”â”â”â”â”â”â”â” 1.4/1.4 MB 137.2 MB/s  0:00:00
quality-gate	Run pip install -r requirements.txt	2025-12-28T03:41:18.1136667Z Downloading pillow-12.0.0-cp311-cp311-manylinux_2_27_x86_64.manylinux_2_28_x86_64.whl (7.0 MB)
quality-gate	Run pip install -r requirements.txt	2025-12-28T03:41:18.1486717Z    â”â”â”â”â”â”â”â”â”â”â”â”â”â”â”â”â”â”â”â”â”â”â”â”â”â”â”â”â”â”â”â”â”â”â”â”â”â”â”â” 7.0/7.0 MB 208.3 MB/s  0:00:00
quality-gate	Run pip install -r requirements.txt	2025-12-28T03:41:18.1562285Z Downloading pyparsing-3.3.1-py3-none-any.whl (121 kB)
quality-gate	Run pip install -r requirements.txt	2025-12-28T03:41:18.1660254Z Downloading python_dateutil-2.9.0.post0-py2.py3-none-any.whl (229 kB)
quality-gate	Run pip install -r requirements.txt	2025-12-28T03:41:18.1769401Z Downloading pytz-2025.2-py2.py3-none-any.whl (509 kB)
quality-gate	Run pip install -r requirements.txt	2025-12-28T03:41:18.1893131Z Downloading six-1.17.0-py2.py3-none-any.whl (11 kB)
quality-gate	Run pip install -r requirements.txt	2025-12-28T03:41:18.1992172Z Downloading tzdata-2025.3-py2.py3-none-any.whl (348 kB)
quality-gate	Run pip install -r requirements.txt	2025-12-28T03:41:18.2117548Z Downloading absl_py-2.3.1-py3-none-any.whl (135 kB)
quality-gate	Run pip install -r requirements.txt	2025-12-28T03:41:18.2241326Z Downloading etils-1.13.0-py3-none-any.whl (170 kB)
quality-gate	Run pip install -r requirements.txt	2025-12-28T03:41:18.2357381Z Downloading fsspec-2025.12.0-py3-none-any.whl (201 kB)
quality-gate	Run pip install -r requirements.txt	2025-12-28T03:41:18.2531492Z Downloading glfw-2.10.0-py2.py27.py3.py30.py31.py32.py33.py34.py35.py36.py37.py38.p39.p310.p311.p312.p313-none-manylinux_2_28_x86_64.whl (243 kB)
quality-gate	Run pip install -r requirements.txt	2025-12-28T03:41:18.2644012Z Downloading importlib_resources-6.5.2-py3-none-any.whl (37 kB)
quality-gate	Run pip install -r requirements.txt	2025-12-28T03:41:18.2783926Z Downloading pyopengl-3.1.10-py3-none-any.whl (3.2 MB)
quality-gate	Run pip install -r requirements.txt	2025-12-28T03:41:18.3052929Z    â”â”â”â”â”â”â”â”â”â”â”â”â”â”â”â”â”â”â”â”â”â”â”â”â”â”â”â”â”â”â”â”â”â”â”â”â”â”â”â” 3.2/3.2 MB 118.6 MB/s  0:00:00
quality-gate	Run pip install -r requirements.txt	2025-12-28T03:41:18.3167945Z Downloading zipp-3.23.0-py3-none-any.whl (10 kB)
quality-gate	Run pip install -r requirements.txt	2025-12-28T03:41:18.5558883Z Building wheels for collected packages: golf-modeling-suite
quality-gate	Run pip install -r requirements.txt	2025-12-28T03:41:18.5566620Z   Building editable for golf-modeling-suite (pyproject.toml): started
quality-gate	Run pip install -r requirements.txt	2025-12-28T03:41:19.0968328Z   Building editable for golf-modeling-suite (pyproject.toml): finished with status 'done'
quality-gate	Run pip install -r requirements.txt	2025-12-28T03:41:19.0974379Z   Created wheel for golf-modeling-suite: filename=golf_modeling_suite-1.0.0-0.editable-py3-none-any.whl size=9214 sha256=675905a22504106b421ca2a003317d39ff37ea7ff7885c6aefbec2921abfef02
quality-gate	Run pip install -r requirements.txt	2025-12-28T03:41:19.0976230Z   Stored in directory: /tmp/pip-ephem-wheel-cache-wx9gmqvs/wheels/bc/bb/0e/3f543f8e98b771bfbacbe26635c66d662a01ee9ec807b324ba
quality-gate	Run pip install -r requirements.txt	2025-12-28T03:41:19.0994926Z Successfully built golf-modeling-suite
quality-gate	Run pip install -r requirements.txt	2025-12-28T03:41:19.2752143Z Installing collected packages: pytz, PyQt6-Qt6, pyopengl, mpmath, glfw, zipp, tzdata, sympy, six, PyQt6-sip, pyparsing, pillow, numpy, kiwisolver, importlib_resources, fsspec, fonttools, etils, defusedxml, cycler, absl-py, scipy, python-dateutil, PyQt6, contourpy, pandas, matplotlib, mujoco, golf-modeling-suite
quality-gate	Run pip install -r requirements.txt	2025-12-28T03:41:40.1170671Z 
quality-gate	Run pip install -r requirements.txt	2025-12-28T03:41:40.1198604Z Successfully installed PyQt6-6.10.1 PyQt6-Qt6-6.10.1 PyQt6-sip-13.10.3 absl-py-2.3.1 contourpy-1.3.3 cycler-0.12.1 defusedxml-0.7.1 etils-1.13.0 fonttools-4.61.1 fsspec-2025.12.0 glfw-2.10.0 golf-modeling-suite-1.0.0 importlib_resources-6.5.2 kiwisolver-1.4.9 matplotlib-3.10.8 mpmath-1.3.0 mujoco-3.4.0 numpy-1.26.4 pandas-2.3.3 pillow-12.0.0 pyopengl-3.1.10 pyparsing-3.3.1 python-dateutil-2.9.0.post0 pytz-2025.2 scipy-1.16.3 six-1.17.0 sympy-1.14.0 tzdata-2025.3 zipp-3.23.0
quality-gate	Run mypy . --ignore-missing-imports	ï»¿2025-12-28T03:41:40.3490294Z ##[group]Run mypy . --ignore-missing-imports
quality-gate	Run mypy . --ignore-missing-imports	2025-12-28T03:41:40.3490873Z [36;1mmypy . --ignore-missing-imports[0m
quality-gate	Run mypy . --ignore-missing-imports	2025-12-28T03:41:40.3537721Z shell: /usr/bin/bash -e {0}
quality-gate	Run mypy . --ignore-missing-imports	2025-12-28T03:41:40.3538103Z env:
quality-gate	Run mypy . --ignore-missing-imports	2025-12-28T03:41:40.3538510Z   pythonLocation: /opt/hostedtoolcache/Python/3.11.14/x64
quality-gate	Run mypy . --ignore-missing-imports	2025-12-28T03:41:40.3540454Z   PKG_CONFIG_PATH: /opt/hostedtoolcache/Python/3.11.14/x64/lib/pkgconfig
quality-gate	Run mypy . --ignore-missing-imports	2025-12-28T03:41:40.3541194Z   Python_ROOT_DIR: /opt/hostedtoolcache/Python/3.11.14/x64
quality-gate	Run mypy . --ignore-missing-imports	2025-12-28T03:41:40.3542103Z   Python2_ROOT_DIR: /opt/hostedtoolcache/Python/3.11.14/x64
quality-gate	Run mypy . --ignore-missing-imports	2025-12-28T03:41:40.3542745Z   Python3_ROOT_DIR: /opt/hostedtoolcache/Python/3.11.14/x64
quality-gate	Run mypy . --ignore-missing-imports	2025-12-28T03:41:40.3543396Z   LD_LIBRARY_PATH: /opt/hostedtoolcache/Python/3.11.14/x64/lib
quality-gate	Run mypy . --ignore-missing-imports	2025-12-28T03:41:40.3543894Z ##[endgroup]
quality-gate	Run mypy . --ignore-missing-imports	2025-12-28T03:41:58.1463315Z Success: no issues found in 216 source files
quality-gate	Verify No Placeholders	ï»¿2025-12-28T03:41:58.1804855Z ##[group]Run violations=$(
quality-gate	Verify No Placeholders	2025-12-28T03:41:58.1805305Z [36;1mviolations=$([0m
quality-gate	Verify No Placeholders	2025-12-28T03:41:58.1806316Z [36;1m  find . \( -path "./.git" -o -path "./.mypy_cache" -o -path "./.ruff_cache" -o -path "./__pycache__" -o -path "./archive" -o -path "./check_code_quality" \) -prune -o -type f -name "*.py" -print0 \[0m
quality-gate	Verify No Placeholders	2025-12-28T03:41:58.1807441Z [36;1m    | xargs -0 grep -nE "TODO|FIXME" || true[0m
quality-gate	Verify No Placeholders	2025-12-28T03:41:58.1807870Z [36;1m)[0m
quality-gate	Verify No Placeholders	2025-12-28T03:41:58.1808185Z [36;1mif [ -n "$violations" ]; then[0m
quality-gate	Verify No Placeholders	2025-12-28T03:41:58.1808601Z [36;1m  echo "$violations"[0m
quality-gate	Verify No Placeholders	2025-12-28T03:41:58.1809480Z [36;1m  echo "::error::Placeholders found. Remove TODOs/FIXMEs or create tracked GitHub issues."[0m
quality-gate	Verify No Placeholders	2025-12-28T03:41:58.1810173Z [36;1m  exit 1[0m
quality-gate	Verify No Placeholders	2025-12-28T03:41:58.1810460Z [36;1mfi[0m
quality-gate	Verify No Placeholders	2025-12-28T03:41:58.1855355Z shell: /usr/bin/bash -e {0}
quality-gate	Verify No Placeholders	2025-12-28T03:41:58.1855723Z env:
quality-gate	Verify No Placeholders	2025-12-28T03:41:58.1856124Z   pythonLocation: /opt/hostedtoolcache/Python/3.11.14/x64
quality-gate	Verify No Placeholders	2025-12-28T03:41:58.1856826Z   PKG_CONFIG_PATH: /opt/hostedtoolcache/Python/3.11.14/x64/lib/pkgconfig
quality-gate	Verify No Placeholders	2025-12-28T03:41:58.1857533Z   Python_ROOT_DIR: /opt/hostedtoolcache/Python/3.11.14/x64
quality-gate	Verify No Placeholders	2025-12-28T03:41:58.1858151Z   Python2_ROOT_DIR: /opt/hostedtoolcache/Python/3.11.14/x64
quality-gate	Verify No Placeholders	2025-12-28T03:41:58.1858766Z   Python3_ROOT_DIR: /opt/hostedtoolcache/Python/3.11.14/x64
quality-gate	Verify No Placeholders	2025-12-28T03:41:58.1859635Z   LD_LIBRARY_PATH: /opt/hostedtoolcache/Python/3.11.14/x64/lib
quality-gate	Verify No Placeholders	2025-12-28T03:41:58.1860138Z ##[endgroup]
quality-gate	Security Audit	ï»¿2025-12-28T03:41:58.2156531Z ##[group]Run pip install pip-audit
quality-gate	Security Audit	2025-12-28T03:41:58.2156824Z [36;1mpip install pip-audit[0m
quality-gate	Security Audit	2025-12-28T03:41:58.2157042Z [36;1mpip-audit || true[0m
quality-gate	Security Audit	2025-12-28T03:41:58.2187839Z shell: /usr/bin/bash -e {0}
quality-gate	Security Audit	2025-12-28T03:41:58.2188063Z env:
quality-gate	Security Audit	2025-12-28T03:41:58.2188307Z   pythonLocation: /opt/hostedtoolcache/Python/3.11.14/x64
quality-gate	Security Audit	2025-12-28T03:41:58.2188710Z   PKG_CONFIG_PATH: /opt/hostedtoolcache/Python/3.11.14/x64/lib/pkgconfig
quality-gate	Security Audit	2025-12-28T03:41:58.2189408Z   Python_ROOT_DIR: /opt/hostedtoolcache/Python/3.11.14/x64
quality-gate	Security Audit	2025-12-28T03:41:58.2189770Z   Python2_ROOT_DIR: /opt/hostedtoolcache/Python/3.11.14/x64
quality-gate	Security Audit	2025-12-28T03:41:58.2190110Z   Python3_ROOT_DIR: /opt/hostedtoolcache/Python/3.11.14/x64
quality-gate	Security Audit	2025-12-28T03:41:58.2190444Z   LD_LIBRARY_PATH: /opt/hostedtoolcache/Python/3.11.14/x64/lib
quality-gate	Security Audit	2025-12-28T03:41:58.2190741Z ##[endgroup]
quality-gate	Security Audit	2025-12-28T03:41:58.6671676Z Collecting pip-audit
quality-gate	Security Audit	2025-12-28T03:41:58.7351510Z   Downloading pip_audit-2.10.0-py3-none-any.whl.metadata (28 kB)
quality-gate	Security Audit	2025-12-28T03:41:58.7708037Z Collecting CacheControl>=0.13.0 (from CacheControl[filecache]>=0.13.0->pip-audit)
quality-gate	Security Audit	2025-12-28T03:41:58.7798481Z   Downloading cachecontrol-0.14.4-py3-none-any.whl.metadata (3.1 kB)
quality-gate	Security Audit	2025-12-28T03:41:58.8317508Z Collecting cyclonedx-python-lib<12,>=5 (from pip-audit)
quality-gate	Security Audit	2025-12-28T03:41:58.8401305Z   Downloading cyclonedx_python_lib-11.6.0-py3-none-any.whl.metadata (6.8 kB)
quality-gate	Security Audit	2025-12-28T03:41:58.8458738Z Requirement already satisfied: packaging>=23.0.0 in /opt/hostedtoolcache/Python/3.11.14/x64/lib/python3.11/site-packages (from pip-audit) (25.0)
quality-gate	Security Audit	2025-12-28T03:41:58.8613575Z Collecting pip-api>=0.0.28 (from pip-audit)
quality-gate	Security Audit	2025-12-28T03:41:58.8687810Z   Downloading pip_api-0.0.34-py3-none-any.whl.metadata (6.6 kB)
quality-gate	Security Audit	2025-12-28T03:41:58.8883204Z Collecting pip-requirements-parser>=32.0.0 (from pip-audit)
quality-gate	Security Audit	2025-12-28T03:41:58.8961126Z   Downloading pip_requirements_parser-32.0.1-py3-none-any.whl.metadata (9.3 kB)
quality-gate	Security Audit	2025-12-28T03:41:58.9378636Z Collecting requests>=2.31.0 (from pip-audit)
quality-gate	Security Audit	2025-12-28T03:41:58.9453695Z   Downloading requests-2.32.5-py3-none-any.whl.metadata (4.9 kB)
quality-gate	Security Audit	2025-12-28T03:41:58.9500971Z Requirement already satisfied: rich>=12.4 in /opt/hostedtoolcache/Python/3.11.14/x64/lib/python3.11/site-packages (from pip-audit) (14.2.0)
quality-gate	Security Audit	2025-12-28T03:41:58.9681987Z Collecting tomli>=2.2.1 (from pip-audit)
quality-gate	Security Audit	2025-12-28T03:41:58.9757093Z   Downloading tomli-2.3.0-cp311-cp311-manylinux2014_x86_64.manylinux_2_17_x86_64.manylinux_2_28_x86_64.whl.metadata (10 kB)
quality-gate	Security Audit	2025-12-28T03:41:58.9924645Z Collecting tomli-w>=1.2.0 (from pip-audit)
quality-gate	Security Audit	2025-12-28T03:41:59.0000265Z   Downloading tomli_w-1.2.0-py3-none-any.whl.metadata (5.7 kB)
quality-gate	Security Audit	2025-12-28T03:41:59.0036436Z Requirement already satisfied: platformdirs>=4.2.0 in /opt/hostedtoolcache/Python/3.11.14/x64/lib/python3.11/site-packages (from pip-audit) (4.5.1)
quality-gate	Security Audit	2025-12-28T03:41:59.0224946Z Collecting license-expression<31,>=30 (from cyclonedx-python-lib<12,>=5->pip-audit)
quality-gate	Security Audit	2025-12-28T03:41:59.0299539Z   Downloading license_expression-30.4.4-py3-none-any.whl.metadata (11 kB)
quality-gate	Security Audit	2025-12-28T03:41:59.0566955Z Collecting packageurl-python<2,>=0.11 (from cyclonedx-python-lib<12,>=5->pip-audit)
quality-gate	Security Audit	2025-12-28T03:41:59.0640443Z   Downloading packageurl_python-0.17.6-py3-none-any.whl.metadata (5.1 kB)
quality-gate	Security Audit	2025-12-28T03:41:59.0856820Z Collecting py-serializable<3.0.0,>=2.1.0 (from cyclonedx-python-lib<12,>=5->pip-audit)
quality-gate	Security Audit	2025-12-28T03:41:59.0931616Z   Downloading py_serializable-2.1.0-py3-none-any.whl.metadata (4.3 kB)
quality-gate	Security Audit	2025-12-28T03:41:59.1126514Z Collecting sortedcontainers<3.0.0,>=2.4.0 (from cyclonedx-python-lib<12,>=5->pip-audit)
quality-gate	Security Audit	2025-12-28T03:41:59.1202988Z   Downloading sortedcontainers-2.4.0-py2.py3-none-any.whl.metadata (10 kB)
quality-gate	Security Audit	2025-12-28T03:41:59.1245038Z Requirement already satisfied: typing_extensions<5.0,>=4.6 in /opt/hostedtoolcache/Python/3.11.14/x64/lib/python3.11/site-packages (from cyclonedx-python-lib<12,>=5->pip-audit) (4.15.0)
quality-gate	Security Audit	2025-12-28T03:41:59.1395907Z Collecting boolean.py>=4.0 (from license-expression<31,>=30->cyclonedx-python-lib<12,>=5->pip-audit)
quality-gate	Security Audit	2025-12-28T03:41:59.1472657Z   Downloading boolean_py-5.0-py3-none-any.whl.metadata (2.3 kB)
quality-gate	Security Audit	2025-12-28T03:41:59.1529398Z Requirement already satisfied: defusedxml<0.8.0,>=0.7.1 in /opt/hostedtoolcache/Python/3.11.14/x64/lib/python3.11/site-packages (from py-serializable<3.0.0,>=2.1.0->cyclonedx-python-lib<12,>=5->pip-audit) (0.7.1)
quality-gate	Security Audit	2025-12-28T03:41:59.2295243Z Collecting msgpack<2.0.0,>=0.5.2 (from CacheControl>=0.13.0->CacheControl[filecache]>=0.13.0->pip-audit)
quality-gate	Security Audit	2025-12-28T03:41:59.2373450Z   Downloading msgpack-1.1.2-cp311-cp311-manylinux2014_x86_64.manylinux_2_17_x86_64.manylinux_2_28_x86_64.whl.metadata (8.1 kB)
quality-gate	Security Audit	2025-12-28T03:41:59.2734635Z Collecting filelock>=3.8.0 (from CacheControl[filecache]>=0.13.0->pip-audit)
quality-gate	Security Audit	2025-12-28T03:41:59.2809729Z   Downloading filelock-3.20.1-py3-none-any.whl.metadata (2.1 kB)
quality-gate	Security Audit	2025-12-28T03:41:59.2863039Z Requirement already satisfied: pip in /opt/hostedtoolcache/Python/3.11.14/x64/lib/python3.11/site-packages (from pip-api>=0.0.28->pip-audit) (25.3)
quality-gate	Security Audit	2025-12-28T03:41:59.2872470Z Requirement already satisfied: pyparsing in /opt/hostedtoolcache/Python/3.11.14/x64/lib/python3.11/site-packages (from pip-requirements-parser>=32.0.0->pip-audit) (3.3.1)
quality-gate	Security Audit	2025-12-28T03:41:59.3741628Z Collecting charset_normalizer<4,>=2 (from requests>=2.31.0->pip-audit)
quality-gate	Security Audit	2025-12-28T03:41:59.3821770Z   Downloading charset_normalizer-3.4.4-cp311-cp311-manylinux2014_x86_64.manylinux_2_17_x86_64.manylinux_2_28_x86_64.whl.metadata (37 kB)
quality-gate	Security Audit	2025-12-28T03:41:59.4048540Z Collecting idna<4,>=2.5 (from requests>=2.31.0->pip-audit)
quality-gate	Security Audit	2025-12-28T03:41:59.4120434Z   Downloading idna-3.11-py3-none-any.whl.metadata (8.4 kB)
quality-gate	Security Audit	2025-12-28T03:41:59.4164964Z Requirement already satisfied: urllib3<3,>=1.21.1 in /opt/hostedtoolcache/Python/3.11.14/x64/lib/python3.11/site-packages (from requests>=2.31.0->pip-audit) (2.6.2)
quality-gate	Security Audit	2025-12-28T03:41:59.4372532Z Collecting certifi>=2017.4.17 (from requests>=2.31.0->pip-audit)
quality-gate	Security Audit	2025-12-28T03:41:59.4455232Z   Downloading certifi-2025.11.12-py3-none-any.whl.metadata (2.5 kB)
quality-gate	Security Audit	2025-12-28T03:41:59.4540440Z Requirement already satisfied: markdown-it-py>=2.2.0 in /opt/hostedtoolcache/Python/3.11.14/x64/lib/python3.11/site-packages (from rich>=12.4->pip-audit) (4.0.0)
quality-gate	Security Audit	2025-12-28T03:41:59.4546471Z Requirement already satisfied: pygments<3.0.0,>=2.13.0 in /opt/hostedtoolcache/Python/3.11.14/x64/lib/python3.11/site-packages (from rich>=12.4->pip-audit) (2.19.2)
quality-gate	Security Audit	2025-12-28T03:41:59.4563359Z Requirement already satisfied: mdurl~=0.1 in /opt/hostedtoolcache/Python/3.11.14/x64/lib/python3.11/site-packages (from markdown-it-py>=2.2.0->rich>=12.4->pip-audit) (0.1.2)
quality-gate	Security Audit	2025-12-28T03:41:59.4692622Z Downloading pip_audit-2.10.0-py3-none-any.whl (61 kB)
quality-gate	Security Audit	2025-12-28T03:41:59.4850754Z Downloading cyclonedx_python_lib-11.6.0-py3-none-any.whl (511 kB)
quality-gate	Security Audit	2025-12-28T03:41:59.5345952Z Downloading license_expression-30.4.4-py3-none-any.whl (120 kB)
quality-gate	Security Audit	2025-12-28T03:41:59.5506138Z Downloading packageurl_python-0.17.6-py3-none-any.whl (36 kB)
quality-gate	Security Audit	2025-12-28T03:41:59.5607327Z Downloading py_serializable-2.1.0-py3-none-any.whl (23 kB)
quality-gate	Security Audit	2025-12-28T03:41:59.5712673Z Downloading sortedcontainers-2.4.0-py2.py3-none-any.whl (29 kB)
quality-gate	Security Audit	2025-12-28T03:41:59.5809713Z Downloading boolean_py-5.0-py3-none-any.whl (26 kB)
quality-gate	Security Audit	2025-12-28T03:41:59.5914507Z Downloading cachecontrol-0.14.4-py3-none-any.whl (22 kB)
quality-gate	Security Audit	2025-12-28T03:41:59.6020643Z Downloading msgpack-1.1.2-cp311-cp311-manylinux2014_x86_64.manylinux_2_17_x86_64.manylinux_2_28_x86_64.whl (426 kB)
quality-gate	Security Audit	2025-12-28T03:41:59.6374669Z Downloading filelock-3.20.1-py3-none-any.whl (16 kB)
quality-gate	Security Audit	2025-12-28T03:41:59.6471218Z Downloading pip_api-0.0.34-py3-none-any.whl (120 kB)
quality-gate	Security Audit	2025-12-28T03:41:59.6620554Z Downloading pip_requirements_parser-32.0.1-py3-none-any.whl (35 kB)
quality-gate	Security Audit	2025-12-28T03:41:59.6718931Z Downloading requests-2.32.5-py3-none-any.whl (64 kB)
quality-gate	Security Audit	2025-12-28T03:41:59.6832598Z Downloading charset_normalizer-3.4.4-cp311-cp311-manylinux2014_x86_64.manylinux_2_17_x86_64.manylinux_2_28_x86_64.whl (151 kB)
quality-gate	Security Audit	2025-12-28T03:41:59.6990930Z Downloading idna-3.11-py3-none-any.whl (71 kB)
quality-gate	Security Audit	2025-12-28T03:41:59.7107220Z Downloading certifi-2025.11.12-py3-none-any.whl (159 kB)
quality-gate	Security Audit	2025-12-28T03:41:59.7271178Z Downloading tomli-2.3.0-cp311-cp311-manylinux2014_x86_64.manylinux_2_17_x86_64.manylinux_2_28_x86_64.whl (242 kB)
quality-gate	Security Audit	2025-12-28T03:41:59.7469298Z Downloading tomli_w-1.2.0-py3-none-any.whl (6.7 kB)
quality-gate	Security Audit	2025-12-28T03:41:59.8608866Z Installing collected packages: sortedcontainers, boolean.py, tomli-w, tomli, py-serializable, pip-requirements-parser, pip-api, packageurl-python, msgpack, license-expression, idna, filelock, charset_normalizer, certifi, requests, cyclonedx-python-lib, CacheControl, pip-audit
quality-gate	Security Audit	2025-12-28T03:42:00.4216850Z 
quality-gate	Security Audit	2025-12-28T03:42:00.4249472Z Successfully installed CacheControl-0.14.4 boolean.py-5.0 certifi-2025.11.12 charset_normalizer-3.4.4 cyclonedx-python-lib-11.6.0 filelock-3.20.1 idna-3.11 license-expression-30.4.4 msgpack-1.1.2 packageurl-python-0.17.6 pip-api-0.0.34 pip-audit-2.10.0 pip-requirements-parser-32.0.1 py-serializable-2.1.0 requests-2.32.5 sortedcontainers-2.4.0 tomli-2.3.0 tomli-w-1.2.0
quality-gate	Security Audit	2025-12-28T03:42:02.1151782Z No known vulnerabilities found
quality-gate	Security Audit	2025-12-28T03:42:02.1161842Z Name                Skip Reason
quality-gate	Security Audit	2025-12-28T03:42:02.1162417Z ------------------- ----------------------------------------------------------------------------------
quality-gate	Security Audit	2025-12-28T03:42:02.1163278Z golf-modeling-suite Dependency not found on PyPI and could not be audited: golf-modeling-suite (1.0.0)
quality-gate	MATLAB Quality Check	ï»¿2025-12-28T03:42:02.1581616Z ##[group]Run python tools/matlab_utilities/scripts/matlab_quality_check.py --output-format text > matlab_quality_report.txt
quality-gate	MATLAB Quality Check	2025-12-28T03:42:02.1582518Z [36;1mpython tools/matlab_utilities/scripts/matlab_quality_check.py --output-format text > matlab_quality_report.txt[0m
quality-gate	MATLAB Quality Check	2025-12-28T03:42:02.1583008Z [36;1mcat matlab_quality_report.txt[0m
quality-gate	MATLAB Quality Check	2025-12-28T03:42:02.1615105Z shell: /usr/bin/bash -e {0}
quality-gate	MATLAB Quality Check	2025-12-28T03:42:02.1615321Z env:
quality-gate	MATLAB Quality Check	2025-12-28T03:42:02.1615548Z   pythonLocation: /opt/hostedtoolcache/Python/3.11.14/x64
quality-gate	MATLAB Quality Check	2025-12-28T03:42:02.1615935Z   PKG_CONFIG_PATH: /opt/hostedtoolcache/Python/3.11.14/x64/lib/pkgconfig
quality-gate	MATLAB Quality Check	2025-12-28T03:42:02.1616305Z   Python_ROOT_DIR: /opt/hostedtoolcache/Python/3.11.14/x64
quality-gate	MATLAB Quality Check	2025-12-28T03:42:02.1616635Z   Python2_ROOT_DIR: /opt/hostedtoolcache/Python/3.11.14/x64
quality-gate	MATLAB Quality Check	2025-12-28T03:42:02.1616972Z   Python3_ROOT_DIR: /opt/hostedtoolcache/Python/3.11.14/x64
quality-gate	MATLAB Quality Check	2025-12-28T03:42:02.1617469Z   LD_LIBRARY_PATH: /opt/hostedtoolcache/Python/3.11.14/x64/lib
quality-gate	MATLAB Quality Check	2025-12-28T03:42:02.1617750Z ##[endgroup]
quality-gate	MATLAB Quality Check	2025-12-28T03:42:02.2051996Z 2025-12-28 03:42:02,205 - INFO - Starting MATLAB quality checks
quality-gate	MATLAB Quality Check	2025-12-28T03:42:02.2052934Z 2025-12-28 03:42:02,205 - INFO - MATLAB directory not found: /home/runner/work/Golf_Modeling_Suite/Golf_Modeling_Suite/matlab (skipping MATLAB checks)
quality-gate	MATLAB Quality Check	2025-12-28T03:42:02.2120704Z 
quality-gate	MATLAB Quality Check	2025-12-28T03:42:02.2120908Z ============================================================
quality-gate	MATLAB Quality Check	2025-12-28T03:42:02.2121358Z MATLAB QUALITY CHECK RESULTS
quality-gate	MATLAB Quality Check	2025-12-28T03:42:02.2121726Z ============================================================
quality-gate	MATLAB Quality Check	2025-12-28T03:42:02.2122019Z Timestamp: 2025-12-28T03:42:02.205048+00:00
quality-gate	MATLAB Quality Check	2025-12-28T03:42:02.2122265Z Total Files: 0
quality-gate	MATLAB Quality Check	2025-12-28T03:42:02.2122448Z Status: PASSED
quality-gate	MATLAB Quality Check	2025-12-28T03:42:02.2122671Z Summary: [SKIP] No MATLAB files to check - passed
quality-gate	MATLAB Quality Check	2025-12-28T03:42:02.2122886Z 
quality-gate	MATLAB Quality Check	2025-12-28T03:42:02.2122973Z ============================================================
quality-gate	Upload MATLAB Report	ï»¿2025-12-28T03:42:02.2175178Z ##[group]Run actions/upload-artifact@v4
quality-gate	Upload MATLAB Report	2025-12-28T03:42:02.2175436Z with:
quality-gate	Upload MATLAB Report	2025-12-28T03:42:02.2175612Z   name: matlab-quality-report
quality-gate	Upload MATLAB Report	2025-12-28T03:42:02.2175834Z   path: matlab_quality_report.txt
quality-gate	Upload MATLAB Report	2025-12-28T03:42:02.2176068Z   if-no-files-found: warn
quality-gate	Upload MATLAB Report	2025-12-28T03:42:02.2176266Z   compression-level: 6
quality-gate	Upload MATLAB Report	2025-12-28T03:42:02.2176453Z   overwrite: false
quality-gate	Upload MATLAB Report	2025-12-28T03:42:02.2176639Z   include-hidden-files: false
quality-gate	Upload MATLAB Report	2025-12-28T03:42:02.2176833Z env:
quality-gate	Upload MATLAB Report	2025-12-28T03:42:02.2177052Z   pythonLocation: /opt/hostedtoolcache/Python/3.11.14/x64
quality-gate	Upload MATLAB Report	2025-12-28T03:42:02.2177429Z   PKG_CONFIG_PATH: /opt/hostedtoolcache/Python/3.11.14/x64/lib/pkgconfig
quality-gate	Upload MATLAB Report	2025-12-28T03:42:02.2177807Z   Python_ROOT_DIR: /opt/hostedtoolcache/Python/3.11.14/x64
quality-gate	Upload MATLAB Report	2025-12-28T03:42:02.2178139Z   Python2_ROOT_DIR: /opt/hostedtoolcache/Python/3.11.14/x64
quality-gate	Upload MATLAB Report	2025-12-28T03:42:02.2178475Z   Python3_ROOT_DIR: /opt/hostedtoolcache/Python/3.11.14/x64
quality-gate	Upload MATLAB Report	2025-12-28T03:42:02.2178809Z   LD_LIBRARY_PATH: /opt/hostedtoolcache/Python/3.11.14/x64/lib
quality-gate	Upload MATLAB Report	2025-12-28T03:42:02.2179325Z ##[endgroup]
quality-gate	Upload MATLAB Report	2025-12-28T03:42:02.4310903Z With the provided path, there will be 1 file uploaded
quality-gate	Upload MATLAB Report	2025-12-28T03:42:02.4313686Z Artifact name is valid!
quality-gate	Upload MATLAB Report	2025-12-28T03:42:02.4315179Z Root directory input is valid!
quality-gate	Upload MATLAB Report	2025-12-28T03:42:02.5137839Z Beginning upload of artifact content to blob storage
quality-gate	Upload MATLAB Report	2025-12-28T03:42:02.5808727Z Uploaded bytes 314
quality-gate	Upload MATLAB Report	2025-12-28T03:42:02.6033387Z Finished uploading artifact content to blob storage!
quality-gate	Upload MATLAB Report	2025-12-28T03:42:02.6037018Z SHA256 digest of uploaded artifact zip is 1b923bf8e6e6fef28f8bc9db340508aa454f6bfb33006530119d19c7159b787b
quality-gate	Upload MATLAB Report	2025-12-28T03:42:02.6038829Z Finalizing artifact upload
quality-gate	Upload MATLAB Report	2025-12-28T03:42:02.6815811Z Artifact matlab-quality-report.zip successfully finalized. Artifact ID 4977248642
quality-gate	Upload MATLAB Report	2025-12-28T03:42:02.6817152Z Artifact matlab-quality-report has been successfully uploaded! Final size is 314 bytes. Artifact ID is 4977248642
quality-gate	Upload MATLAB Report	2025-12-28T03:42:02.6824726Z Artifact download URL: https://github.com/D-sorganization/Golf_Modeling_Suite/actions/runs/20548359033/artifacts/4977248642
quality-gate	Post Run actions/setup-python@v5	ï»¿2025-12-28T03:42:02.6960023Z Post job cleanup.
quality-gate	Post Run actions/checkout@v4	ï»¿2025-12-28T03:42:02.8561481Z Post job cleanup.
quality-gate	Post Run actions/checkout@v4	2025-12-28T03:42:02.9510330Z [command]/usr/bin/git version
quality-gate	Post Run actions/checkout@v4	2025-12-28T03:42:02.9557720Z git version 2.52.0
quality-gate	Post Run actions/checkout@v4	2025-12-28T03:42:02.9603297Z Temporarily overriding HOME='/home/runner/work/_temp/8b638afa-5d89-4f10-8972-2f8ea1c235fb' before making global git config changes
quality-gate	Post Run actions/checkout@v4	2025-12-28T03:42:02.9604568Z Adding repository directory to the temporary git global config as a safe directory
quality-gate	Post Run actions/checkout@v4	2025-12-28T03:42:02.9609550Z [command]/usr/bin/git config --global --add safe.directory /home/runner/work/Golf_Modeling_Suite/Golf_Modeling_Suite
quality-gate	Post Run actions/checkout@v4	2025-12-28T03:42:02.9645582Z [command]/usr/bin/git config --local --name-only --get-regexp core\.sshCommand
quality-gate	Post Run actions/checkout@v4	2025-12-28T03:42:02.9679468Z [command]/usr/bin/git submodule foreach --recursive sh -c "git config --local --name-only --get-regexp 'core\.sshCommand' && git config --local --unset-all 'core.sshCommand' || :"
quality-gate	Post Run actions/checkout@v4	2025-12-28T03:42:02.9932044Z [command]/usr/bin/git config --local --name-only --get-regexp http\.https\:\/\/github\.com\/\.extraheader
quality-gate	Post Run actions/checkout@v4	2025-12-28T03:42:02.9954808Z http.https://github.com/.extraheader
quality-gate	Post Run actions/checkout@v4	2025-12-28T03:42:02.9967880Z [command]/usr/bin/git config --local --unset-all http.https://github.com/.extraheader
quality-gate	Post Run actions/checkout@v4	2025-12-28T03:42:02.9999854Z [command]/usr/bin/git submodule foreach --recursive sh -c "git config --local --name-only --get-regexp 'http\.https\:\/\/github\.com\/\.extraheader' && git config --local --unset-all 'http.https://github.com/.extraheader' || :"
quality-gate	Post Run actions/checkout@v4	2025-12-28T03:42:03.0243840Z [command]/usr/bin/git config --local --name-only --get-regexp ^includeIf\.gitdir:
quality-gate	Post Run actions/checkout@v4	2025-12-28T03:42:03.0276910Z [command]/usr/bin/git submodule foreach --recursive git config --local --show-origin --name-only --get-regexp remote.origin.url
quality-gate	Complete job	ï»¿2025-12-28T03:42:03.0639858Z Cleaning up orphan processes
tests (3.11)	Set up job	ï»¿2025-12-28T03:42:19.3135339Z Current runner version: '2.330.0'
tests (3.11)	Set up job	2025-12-28T03:42:19.3160702Z ##[group]Runner Image Provisioner
tests (3.11)	Set up job	2025-12-28T03:42:19.3161627Z Hosted Compute Agent
tests (3.11)	Set up job	2025-12-28T03:42:19.3162195Z Version: 20251211.462
tests (3.11)	Set up job	2025-12-28T03:42:19.3162768Z Commit: 6cbad8c2bb55d58165063d031ccabf57e2d2db61
tests (3.11)	Set up job	2025-12-28T03:42:19.3163571Z Build Date: 2025-12-11T16:28:49Z
tests (3.11)	Set up job	2025-12-28T03:42:19.3164200Z Worker ID: {df8712d0-304b-4067-be87-42bbec3c0c94}
tests (3.11)	Set up job	2025-12-28T03:42:19.3164878Z ##[endgroup]
tests (3.11)	Set up job	2025-12-28T03:42:19.3165475Z ##[group]Operating System
tests (3.11)	Set up job	2025-12-28T03:42:19.3166014Z Ubuntu
tests (3.11)	Set up job	2025-12-28T03:42:19.3166530Z 24.04.3
tests (3.11)	Set up job	2025-12-28T03:42:19.3166998Z LTS
tests (3.11)	Set up job	2025-12-28T03:42:19.3167483Z ##[endgroup]
tests (3.11)	Set up job	2025-12-28T03:42:19.3167954Z ##[group]Runner Image
tests (3.11)	Set up job	2025-12-28T03:42:19.3168986Z Image: ubuntu-24.04
tests (3.11)	Set up job	2025-12-28T03:42:19.3169541Z Version: 20251215.174.1
tests (3.11)	Set up job	2025-12-28T03:42:19.3170573Z Included Software: https://github.com/actions/runner-images/blob/ubuntu24/20251215.174/images/ubuntu/Ubuntu2404-Readme.md
tests (3.11)	Set up job	2025-12-28T03:42:19.3172004Z Image Release: https://github.com/actions/runner-images/releases/tag/ubuntu24%2F20251215.174
tests (3.11)	Set up job	2025-12-28T03:42:19.3173126Z ##[endgroup]
tests (3.11)	Set up job	2025-12-28T03:42:19.3175730Z ##[group]GITHUB_TOKEN Permissions
tests (3.11)	Set up job	2025-12-28T03:42:19.3177737Z Actions: write
tests (3.11)	Set up job	2025-12-28T03:42:19.3178832Z ArtifactMetadata: write
tests (3.11)	Set up job	2025-12-28T03:42:19.3179541Z Attestations: write
tests (3.11)	Set up job	2025-12-28T03:42:19.3180033Z Checks: write
tests (3.11)	Set up job	2025-12-28T03:42:19.3180513Z Contents: write
tests (3.11)	Set up job	2025-12-28T03:42:19.3181084Z Deployments: write
tests (3.11)	Set up job	2025-12-28T03:42:19.3181569Z Discussions: write
tests (3.11)	Set up job	2025-12-28T03:42:19.3182121Z Issues: write
tests (3.11)	Set up job	2025-12-28T03:42:19.3182648Z Metadata: read
tests (3.11)	Set up job	2025-12-28T03:42:19.3183157Z Models: read
tests (3.11)	Set up job	2025-12-28T03:42:19.3183621Z Packages: write
tests (3.11)	Set up job	2025-12-28T03:42:19.3184199Z Pages: write
tests (3.11)	Set up job	2025-12-28T03:42:19.3184670Z PullRequests: write
tests (3.11)	Set up job	2025-12-28T03:42:19.3185350Z RepositoryProjects: write
tests (3.11)	Set up job	2025-12-28T03:42:19.3185985Z SecurityEvents: write
tests (3.11)	Set up job	2025-12-28T03:42:19.3186492Z Statuses: write
tests (3.11)	Set up job	2025-12-28T03:42:19.3186997Z ##[endgroup]
tests (3.11)	Set up job	2025-12-28T03:42:19.3189361Z Secret source: Actions
tests (3.11)	Set up job	2025-12-28T03:42:19.3190171Z Prepare workflow directory
tests (3.11)	Set up job	2025-12-28T03:42:19.3525528Z Prepare all required actions
tests (3.11)	Set up job	2025-12-28T03:42:19.3565033Z Getting action download info
tests (3.11)	Set up job	2025-12-28T03:42:19.8046881Z Download action repository 'actions/checkout@v4' (SHA:34e114876b0b11c390a56381ad16ebd13914f8d5)
tests (3.11)	Set up job	2025-12-28T03:42:19.9152011Z Download action repository 'actions/setup-python@v5' (SHA:a26af69be951a213d495a4c3e4e4022e16d87065)
tests (3.11)	Set up job	2025-12-28T03:42:20.0264895Z Download action repository 'codecov/codecov-action@v4' (SHA:b9fd7d16f6d7d1b5d2bec1a2887e65ceed900238)
tests (3.11)	Set up job	2025-12-28T03:42:20.9680490Z Complete job name: tests (3.11)
tests (3.11)	Run actions/checkout@v4	ï»¿2025-12-28T03:42:21.0524616Z ##[group]Run actions/checkout@v4
tests (3.11)	Run actions/checkout@v4	2025-12-28T03:42:21.0525952Z with:
tests (3.11)	Run actions/checkout@v4	2025-12-28T03:42:21.0526847Z   repository: D-sorganization/Golf_Modeling_Suite
tests (3.11)	Run actions/checkout@v4	2025-12-28T03:42:21.0528459Z   token: ***
tests (3.11)	Run actions/checkout@v4	2025-12-28T03:42:21.0529239Z   ssh-strict: true
tests (3.11)	Run actions/checkout@v4	2025-12-28T03:42:21.0530036Z   ssh-user: git
tests (3.11)	Run actions/checkout@v4	2025-12-28T03:42:21.0530850Z   persist-credentials: true
tests (3.11)	Run actions/checkout@v4	2025-12-28T03:42:21.0531776Z   clean: true
tests (3.11)	Run actions/checkout@v4	2025-12-28T03:42:21.0532623Z   sparse-checkout-cone-mode: true
tests (3.11)	Run actions/checkout@v4	2025-12-28T03:42:21.0533622Z   fetch-depth: 1
tests (3.11)	Run actions/checkout@v4	2025-12-28T03:42:21.0534404Z   fetch-tags: false
tests (3.11)	Run actions/checkout@v4	2025-12-28T03:42:21.0535231Z   show-progress: true
tests (3.11)	Run actions/checkout@v4	2025-12-28T03:42:21.0536044Z   lfs: false
tests (3.11)	Run actions/checkout@v4	2025-12-28T03:42:21.0536785Z   submodules: false
tests (3.11)	Run actions/checkout@v4	2025-12-28T03:42:21.0537615Z   set-safe-directory: true
tests (3.11)	Run actions/checkout@v4	2025-12-28T03:42:21.0538873Z ##[endgroup]
tests (3.11)	Run actions/checkout@v4	2025-12-28T03:42:21.1670605Z Syncing repository: D-sorganization/Golf_Modeling_Suite
tests (3.11)	Run actions/checkout@v4	2025-12-28T03:42:21.1675173Z ##[group]Getting Git version info
tests (3.11)	Run actions/checkout@v4	2025-12-28T03:42:21.1677223Z Working directory is '/home/runner/work/Golf_Modeling_Suite/Golf_Modeling_Suite'
tests (3.11)	Run actions/checkout@v4	2025-12-28T03:42:21.1679794Z [command]/usr/bin/git version
tests (3.11)	Run actions/checkout@v4	2025-12-28T03:42:21.1739437Z git version 2.52.0
tests (3.11)	Run actions/checkout@v4	2025-12-28T03:42:21.1766775Z ##[endgroup]
tests (3.11)	Run actions/checkout@v4	2025-12-28T03:42:21.1783147Z Temporarily overriding HOME='/home/runner/work/_temp/86828bb3-af35-4fec-889e-1a6c499b1b8f' before making global git config changes
tests (3.11)	Run actions/checkout@v4	2025-12-28T03:42:21.1788006Z Adding repository directory to the temporary git global config as a safe directory
tests (3.11)	Run actions/checkout@v4	2025-12-28T03:42:21.1792916Z [command]/usr/bin/git config --global --add safe.directory /home/runner/work/Golf_Modeling_Suite/Golf_Modeling_Suite
tests (3.11)	Run actions/checkout@v4	2025-12-28T03:42:21.1829240Z Deleting the contents of '/home/runner/work/Golf_Modeling_Suite/Golf_Modeling_Suite'
tests (3.11)	Run actions/checkout@v4	2025-12-28T03:42:21.1833200Z ##[group]Initializing the repository
tests (3.11)	Run actions/checkout@v4	2025-12-28T03:42:21.1837911Z [command]/usr/bin/git init /home/runner/work/Golf_Modeling_Suite/Golf_Modeling_Suite
tests (3.11)	Run actions/checkout@v4	2025-12-28T03:42:21.1931152Z hint: Using 'master' as the name for the initial branch. This default branch name
tests (3.11)	Run actions/checkout@v4	2025-12-28T03:42:21.1933173Z hint: will change to "main" in Git 3.0. To configure the initial branch name
tests (3.11)	Run actions/checkout@v4	2025-12-28T03:42:21.1935624Z hint: to use in all of your new repositories, which will suppress this warning,
tests (3.11)	Run actions/checkout@v4	2025-12-28T03:42:21.1937834Z hint: call:
tests (3.11)	Run actions/checkout@v4	2025-12-28T03:42:21.1939323Z hint:
tests (3.11)	Run actions/checkout@v4	2025-12-28T03:42:21.1940968Z hint: 	git config --global init.defaultBranch <name>
tests (3.11)	Run actions/checkout@v4	2025-12-28T03:42:21.1942992Z hint:
tests (3.11)	Run actions/checkout@v4	2025-12-28T03:42:21.1944952Z hint: Names commonly chosen instead of 'master' are 'main', 'trunk' and
tests (3.11)	Run actions/checkout@v4	2025-12-28T03:42:21.1948090Z hint: 'development'. The just-created branch can be renamed via this command:
tests (3.11)	Run actions/checkout@v4	2025-12-28T03:42:21.1950830Z hint:
tests (3.11)	Run actions/checkout@v4	2025-12-28T03:42:21.1952108Z hint: 	git branch -m <name>
tests (3.11)	Run actions/checkout@v4	2025-12-28T03:42:21.1953555Z hint:
tests (3.11)	Run actions/checkout@v4	2025-12-28T03:42:21.1955520Z hint: Disable this message with "git config set advice.defaultBranchName false"
tests (3.11)	Run actions/checkout@v4	2025-12-28T03:42:21.1957797Z Initialized empty Git repository in /home/runner/work/Golf_Modeling_Suite/Golf_Modeling_Suite/.git/
tests (3.11)	Run actions/checkout@v4	2025-12-28T03:42:21.1962380Z [command]/usr/bin/git remote add origin https://github.com/D-sorganization/Golf_Modeling_Suite
tests (3.11)	Run actions/checkout@v4	2025-12-28T03:42:21.1985952Z ##[endgroup]
tests (3.11)	Run actions/checkout@v4	2025-12-28T03:42:21.1988597Z ##[group]Disabling automatic garbage collection
tests (3.11)	Run actions/checkout@v4	2025-12-28T03:42:21.1990830Z [command]/usr/bin/git config --local gc.auto 0
tests (3.11)	Run actions/checkout@v4	2025-12-28T03:42:21.2021522Z ##[endgroup]
tests (3.11)	Run actions/checkout@v4	2025-12-28T03:42:21.2023300Z ##[group]Setting up auth
tests (3.11)	Run actions/checkout@v4	2025-12-28T03:42:21.2030211Z [command]/usr/bin/git config --local --name-only --get-regexp core\.sshCommand
tests (3.11)	Run actions/checkout@v4	2025-12-28T03:42:21.2061673Z [command]/usr/bin/git submodule foreach --recursive sh -c "git config --local --name-only --get-regexp 'core\.sshCommand' && git config --local --unset-all 'core.sshCommand' || :"
tests (3.11)	Run actions/checkout@v4	2025-12-28T03:42:21.2404117Z [command]/usr/bin/git config --local --name-only --get-regexp http\.https\:\/\/github\.com\/\.extraheader
tests (3.11)	Run actions/checkout@v4	2025-12-28T03:42:21.2440398Z [command]/usr/bin/git submodule foreach --recursive sh -c "git config --local --name-only --get-regexp 'http\.https\:\/\/github\.com\/\.extraheader' && git config --local --unset-all 'http.https://github.com/.extraheader' || :"
tests (3.11)	Run actions/checkout@v4	2025-12-28T03:42:21.2660110Z [command]/usr/bin/git config --local --name-only --get-regexp ^includeIf\.gitdir:
tests (3.11)	Run actions/checkout@v4	2025-12-28T03:42:21.2693148Z [command]/usr/bin/git submodule foreach --recursive git config --local --show-origin --name-only --get-regexp remote.origin.url
tests (3.11)	Run actions/checkout@v4	2025-12-28T03:42:21.2919025Z [command]/usr/bin/git config --local http.https://github.com/.extraheader AUTHORIZATION: basic ***
tests (3.11)	Run actions/checkout@v4	2025-12-28T03:42:21.2955428Z ##[endgroup]
tests (3.11)	Run actions/checkout@v4	2025-12-28T03:42:21.2964199Z ##[group]Fetching the repository
tests (3.11)	Run actions/checkout@v4	2025-12-28T03:42:21.2966948Z [command]/usr/bin/git -c protocol.version=2 fetch --no-tags --prune --no-recurse-submodules --depth=1 origin +84b080d8a4a948ddde7e34b1fc92f2d1f9d9470f:refs/remotes/pull/149/merge
tests (3.11)	Run actions/checkout@v4	2025-12-28T03:42:23.6358461Z From https://github.com/D-sorganization/Golf_Modeling_Suite
tests (3.11)	Run actions/checkout@v4	2025-12-28T03:42:23.6360314Z  * [new ref]         84b080d8a4a948ddde7e34b1fc92f2d1f9d9470f -> pull/149/merge
tests (3.11)	Run actions/checkout@v4	2025-12-28T03:42:23.6425085Z ##[endgroup]
tests (3.11)	Run actions/checkout@v4	2025-12-28T03:42:23.6425731Z ##[group]Determining the checkout info
tests (3.11)	Run actions/checkout@v4	2025-12-28T03:42:23.6428128Z ##[endgroup]
tests (3.11)	Run actions/checkout@v4	2025-12-28T03:42:23.6433666Z [command]/usr/bin/git sparse-checkout disable
tests (3.11)	Run actions/checkout@v4	2025-12-28T03:42:23.6474878Z [command]/usr/bin/git config --local --unset-all extensions.worktreeConfig
tests (3.11)	Run actions/checkout@v4	2025-12-28T03:42:23.6500470Z ##[group]Checking out the ref
tests (3.11)	Run actions/checkout@v4	2025-12-28T03:42:23.6504684Z [command]/usr/bin/git checkout --progress --force refs/remotes/pull/149/merge
tests (3.11)	Run actions/checkout@v4	2025-12-28T03:42:24.5162344Z Note: switching to 'refs/remotes/pull/149/merge'.
tests (3.11)	Run actions/checkout@v4	2025-12-28T03:42:24.5163423Z 
tests (3.11)	Run actions/checkout@v4	2025-12-28T03:42:24.5163680Z You are in 'detached HEAD' state. You can look around, make experimental
tests (3.11)	Run actions/checkout@v4	2025-12-28T03:42:24.5164272Z changes and commit them, and you can discard any commits you make in this
tests (3.11)	Run actions/checkout@v4	2025-12-28T03:42:24.5164822Z state without impacting any branches by switching back to a branch.
tests (3.11)	Run actions/checkout@v4	2025-12-28T03:42:24.5165191Z 
tests (3.11)	Run actions/checkout@v4	2025-12-28T03:42:24.5165430Z If you want to create a new branch to retain commits you create, you may
tests (3.11)	Run actions/checkout@v4	2025-12-28T03:42:24.5165934Z do so (now or later) by using -c with the switch command. Example:
tests (3.11)	Run actions/checkout@v4	2025-12-28T03:42:24.5166244Z 
tests (3.11)	Run actions/checkout@v4	2025-12-28T03:42:24.5166346Z   git switch -c <new-branch-name>
tests (3.11)	Run actions/checkout@v4	2025-12-28T03:42:24.5166526Z 
tests (3.11)	Run actions/checkout@v4	2025-12-28T03:42:24.5166648Z Or undo this operation with:
tests (3.11)	Run actions/checkout@v4	2025-12-28T03:42:24.5166807Z 
tests (3.11)	Run actions/checkout@v4	2025-12-28T03:42:24.5166897Z   git switch -
tests (3.11)	Run actions/checkout@v4	2025-12-28T03:42:24.5167078Z 
tests (3.11)	Run actions/checkout@v4	2025-12-28T03:42:24.5167281Z Turn off this advice by setting config variable advice.detachedHead to false
tests (3.11)	Run actions/checkout@v4	2025-12-28T03:42:24.5167597Z 
tests (3.11)	Run actions/checkout@v4	2025-12-28T03:42:24.5167946Z HEAD is now at 84b080d Merge 38b4d9d355241309fe1ea68b91efed7cf5813a26 into 7824b97d8636f8ba2dbdcbb2d65c88831c665d12
tests (3.11)	Run actions/checkout@v4	2025-12-28T03:42:24.5217142Z ##[endgroup]
tests (3.11)	Run actions/checkout@v4	2025-12-28T03:42:24.5257326Z [command]/usr/bin/git log -1 --format=%H
tests (3.11)	Run actions/checkout@v4	2025-12-28T03:42:24.5280531Z 84b080d8a4a948ddde7e34b1fc92f2d1f9d9470f
tests (3.11)	Install System Dependencies	ï»¿2025-12-28T03:42:24.5476105Z ##[group]Run sudo apt-get update
tests (3.11)	Install System Dependencies	2025-12-28T03:42:24.5476464Z [36;1msudo apt-get update[0m
tests (3.11)	Install System Dependencies	2025-12-28T03:42:24.5476726Z [36;1msudo apt-get install -y \[0m
tests (3.11)	Install System Dependencies	2025-12-28T03:42:24.5477000Z [36;1m  libegl1 libgl1 xvfb \[0m
tests (3.11)	Install System Dependencies	2025-12-28T03:42:24.5477244Z [36;1m  libxkbcommon-x11-0 \[0m
tests (3.11)	Install System Dependencies	2025-12-28T03:42:24.5477481Z [36;1m  libxcb-cursor0 \[0m
tests (3.11)	Install System Dependencies	2025-12-28T03:42:24.5477708Z [36;1m  libxcb-icccm4 \[0m
tests (3.11)	Install System Dependencies	2025-12-28T03:42:24.5477948Z [36;1m  libxcb-image0 \[0m
tests (3.11)	Install System Dependencies	2025-12-28T03:42:24.5478165Z [36;1m  libxcb-keysyms1 \[0m
tests (3.11)	Install System Dependencies	2025-12-28T03:42:24.5478532Z [36;1m  libxcb-randr0 \[0m
tests (3.11)	Install System Dependencies	2025-12-28T03:42:24.5478753Z [36;1m  libxcb-render-util0 \[0m
tests (3.11)	Install System Dependencies	2025-12-28T03:42:24.5479004Z [36;1m  libxcb-shape0 \[0m
tests (3.11)	Install System Dependencies	2025-12-28T03:42:24.5479222Z [36;1m  libxcb-xinerama0 \[0m
tests (3.11)	Install System Dependencies	2025-12-28T03:42:24.5479437Z [36;1m  libxcb-xkb1[0m
tests (3.11)	Install System Dependencies	2025-12-28T03:42:24.5515945Z shell: /usr/bin/bash -e {0}
tests (3.11)	Install System Dependencies	2025-12-28T03:42:24.5516225Z ##[endgroup]
tests (3.11)	Install System Dependencies	2025-12-28T03:42:24.6677437Z Get:1 file:/etc/apt/apt-mirrors.txt Mirrorlist [144 B]
tests (3.11)	Install System Dependencies	2025-12-28T03:42:24.7128593Z Hit:2 http://azure.archive.ubuntu.com/ubuntu noble InRelease
tests (3.11)	Install System Dependencies	2025-12-28T03:42:24.7153252Z Get:3 http://azure.archive.ubuntu.com/ubuntu noble-updates InRelease [126 kB]
tests (3.11)	Install System Dependencies	2025-12-28T03:42:24.7215951Z Get:4 http://azure.archive.ubuntu.com/ubuntu noble-backports InRelease [126 kB]
tests (3.11)	Install System Dependencies	2025-12-28T03:42:24.7260988Z Get:5 http://azure.archive.ubuntu.com/ubuntu noble-security InRelease [126 kB]
tests (3.11)	Install System Dependencies	2025-12-28T03:42:24.7307056Z Hit:6 https://packages.microsoft.com/repos/azure-cli noble InRelease
tests (3.11)	Install System Dependencies	2025-12-28T03:42:24.7502253Z Get:7 https://packages.microsoft.com/ubuntu/24.04/prod noble InRelease [3600 B]
tests (3.11)	Install System Dependencies	2025-12-28T03:42:24.8648441Z Get:8 http://azure.archive.ubuntu.com/ubuntu noble-updates/main amd64 Packages [1684 kB]
tests (3.11)	Install System Dependencies	2025-12-28T03:42:24.8847261Z Get:9 http://azure.archive.ubuntu.com/ubuntu noble-updates/main Translation-en [311 kB]
tests (3.11)	Install System Dependencies	2025-12-28T03:42:24.8877064Z Get:10 http://azure.archive.ubuntu.com/ubuntu noble-updates/main amd64 Components [175 kB]
tests (3.11)	Install System Dependencies	2025-12-28T03:42:24.8900986Z Get:11 http://azure.archive.ubuntu.com/ubuntu noble-updates/main amd64 c-n-f Metadata [15.8 kB]
tests (3.11)	Install System Dependencies	2025-12-28T03:42:24.8914147Z Get:12 http://azure.archive.ubuntu.com/ubuntu noble-updates/universe amd64 Packages [1506 kB]
tests (3.11)	Install System Dependencies	2025-12-28T03:42:24.9004928Z Get:13 http://azure.archive.ubuntu.com/ubuntu noble-updates/universe Translation-en [306 kB]
tests (3.11)	Install System Dependencies	2025-12-28T03:42:24.9036467Z Get:14 http://azure.archive.ubuntu.com/ubuntu noble-updates/universe amd64 Components [377 kB]
tests (3.11)	Install System Dependencies	2025-12-28T03:42:24.9068154Z Get:15 http://azure.archive.ubuntu.com/ubuntu noble-updates/universe amd64 c-n-f Metadata [31.4 kB]
tests (3.11)	Install System Dependencies	2025-12-28T03:42:24.9080808Z Get:16 http://azure.archive.ubuntu.com/ubuntu noble-updates/restricted amd64 Packages [2413 kB]
tests (3.11)	Install System Dependencies	2025-12-28T03:42:24.9251606Z Get:17 http://azure.archive.ubuntu.com/ubuntu noble-updates/restricted Translation-en [550 kB]
tests (3.11)	Install System Dependencies	2025-12-28T03:42:24.9672097Z Get:18 http://azure.archive.ubuntu.com/ubuntu noble-updates/restricted amd64 Components [212 B]
tests (3.11)	Install System Dependencies	2025-12-28T03:42:24.9680905Z Get:19 http://azure.archive.ubuntu.com/ubuntu noble-updates/restricted amd64 c-n-f Metadata [516 B]
tests (3.11)	Install System Dependencies	2025-12-28T03:42:24.9693425Z Get:20 http://azure.archive.ubuntu.com/ubuntu noble-updates/multiverse amd64 Packages [30.3 kB]
tests (3.11)	Install System Dependencies	2025-12-28T03:42:24.9704051Z Get:21 http://azure.archive.ubuntu.com/ubuntu noble-updates/multiverse Translation-en [6048 B]
tests (3.11)	Install System Dependencies	2025-12-28T03:42:24.9713398Z Get:22 http://azure.archive.ubuntu.com/ubuntu noble-updates/multiverse amd64 Components [940 B]
tests (3.11)	Install System Dependencies	2025-12-28T03:42:24.9723877Z Get:23 http://azure.archive.ubuntu.com/ubuntu noble-updates/multiverse amd64 c-n-f Metadata [488 B]
tests (3.11)	Install System Dependencies	2025-12-28T03:42:24.9732686Z Get:24 http://azure.archive.ubuntu.com/ubuntu noble-backports/main amd64 Packages [40.4 kB]
tests (3.11)	Install System Dependencies	2025-12-28T03:42:24.9782317Z Get:25 http://azure.archive.ubuntu.com/ubuntu noble-backports/main amd64 Components [7316 B]
tests (3.11)	Install System Dependencies	2025-12-28T03:42:24.9784019Z Get:26 http://azure.archive.ubuntu.com/ubuntu noble-backports/main amd64 c-n-f Metadata [368 B]
tests (3.11)	Install System Dependencies	2025-12-28T03:42:24.9785530Z Get:27 http://azure.archive.ubuntu.com/ubuntu noble-backports/universe amd64 Packages [29.5 kB]
tests (3.11)	Install System Dependencies	2025-12-28T03:42:24.9789327Z Get:28 http://azure.archive.ubuntu.com/ubuntu noble-backports/universe Translation-en [17.9 kB]
tests (3.11)	Install System Dependencies	2025-12-28T03:42:24.9793051Z Get:29 http://azure.archive.ubuntu.com/ubuntu noble-backports/universe amd64 Components [10.5 kB]
tests (3.11)	Install System Dependencies	2025-12-28T03:42:24.9800773Z Get:30 http://azure.archive.ubuntu.com/ubuntu noble-backports/universe amd64 c-n-f Metadata [1444 B]
tests (3.11)	Install System Dependencies	2025-12-28T03:42:24.9811600Z Get:31 http://azure.archive.ubuntu.com/ubuntu noble-backports/restricted amd64 Components [216 B]
tests (3.11)	Install System Dependencies	2025-12-28T03:42:25.0271549Z Get:32 http://azure.archive.ubuntu.com/ubuntu noble-backports/multiverse amd64 Components [212 B]
tests (3.11)	Install System Dependencies	2025-12-28T03:42:25.0286720Z Get:33 http://azure.archive.ubuntu.com/ubuntu noble-security/main Translation-en [225 kB]
tests (3.11)	Install System Dependencies	2025-12-28T03:42:25.0308716Z Get:34 http://azure.archive.ubuntu.com/ubuntu noble-security/main amd64 Components [21.5 kB]
tests (3.11)	Install System Dependencies	2025-12-28T03:42:25.0323959Z Get:35 http://azure.archive.ubuntu.com/ubuntu noble-security/main amd64 c-n-f Metadata [9504 B]
tests (3.11)	Install System Dependencies	2025-12-28T03:42:25.0334240Z Get:36 http://azure.archive.ubuntu.com/ubuntu noble-security/universe amd64 Components [71.4 kB]
tests (3.11)	Install System Dependencies	2025-12-28T03:42:25.0352660Z Get:37 http://azure.archive.ubuntu.com/ubuntu noble-security/restricted amd64 Components [212 B]
tests (3.11)	Install System Dependencies	2025-12-28T03:42:25.0363473Z Get:38 http://azure.archive.ubuntu.com/ubuntu noble-security/multiverse amd64 Components [212 B]
tests (3.11)	Install System Dependencies	2025-12-28T03:42:25.0923931Z Get:39 https://packages.microsoft.com/ubuntu/24.04/prod noble/main armhf Packages [11.4 kB]
tests (3.11)	Install System Dependencies	2025-12-28T03:42:25.1077728Z Get:40 https://packages.microsoft.com/ubuntu/24.04/prod noble/main amd64 Packages [77.4 kB]
tests (3.11)	Install System Dependencies	2025-12-28T03:42:25.1336357Z Get:41 https://packages.microsoft.com/ubuntu/24.04/prod noble/main arm64 Packages [58.9 kB]
tests (3.11)	Install System Dependencies	2025-12-28T03:42:35.6704165Z Fetched 8375 kB in 1s (7559 kB/s)
tests (3.11)	Install System Dependencies	2025-12-28T03:42:36.4001039Z Reading package lists...
tests (3.11)	Install System Dependencies	2025-12-28T03:42:36.4324618Z Reading package lists...
tests (3.11)	Install System Dependencies	2025-12-28T03:42:36.6002410Z Building dependency tree...
tests (3.11)	Install System Dependencies	2025-12-28T03:42:36.6010353Z Reading state information...
tests (3.11)	Install System Dependencies	2025-12-28T03:42:36.7590268Z libgl1 is already the newest version (1.7.0-1build1).
tests (3.11)	Install System Dependencies	2025-12-28T03:42:36.7590742Z libgl1 set to manually installed.
tests (3.11)	Install System Dependencies	2025-12-28T03:42:36.7591114Z xvfb is already the newest version (2:21.1.12-1ubuntu1.5).
tests (3.11)	Install System Dependencies	2025-12-28T03:42:36.7591567Z libxcb-randr0 is already the newest version (1.15-1ubuntu2).
tests (3.11)	Install System Dependencies	2025-12-28T03:42:36.7591959Z libxcb-randr0 set to manually installed.
tests (3.11)	Install System Dependencies	2025-12-28T03:42:36.7592338Z The following additional packages will be installed:
tests (3.11)	Install System Dependencies	2025-12-28T03:42:36.7594598Z   libegl-mesa0 libxcb-util1
tests (3.11)	Install System Dependencies	2025-12-28T03:42:36.8079144Z The following NEW packages will be installed:
tests (3.11)	Install System Dependencies	2025-12-28T03:42:36.8081863Z   libegl-mesa0 libegl1 libxcb-cursor0 libxcb-icccm4 libxcb-image0
tests (3.11)	Install System Dependencies	2025-12-28T03:42:36.8082789Z   libxcb-keysyms1 libxcb-render-util0 libxcb-shape0 libxcb-util1
tests (3.11)	Install System Dependencies	2025-12-28T03:42:36.8084771Z   libxcb-xinerama0 libxcb-xkb1 libxkbcommon-x11-0
tests (3.11)	Install System Dependencies	2025-12-28T03:42:36.8259597Z 0 upgraded, 12 newly installed, 0 to remove and 69 not upgraded.
tests (3.11)	Install System Dependencies	2025-12-28T03:42:36.8260160Z Need to get 271 kB of archives.
tests (3.11)	Install System Dependencies	2025-12-28T03:42:36.8260664Z After this operation, 1078 kB of additional disk space will be used.
tests (3.11)	Install System Dependencies	2025-12-28T03:42:36.8261264Z Get:1 file:/etc/apt/apt-mirrors.txt Mirrorlist [144 B]
tests (3.11)	Install System Dependencies	2025-12-28T03:42:36.9027735Z Get:2 http://azure.archive.ubuntu.com/ubuntu noble-updates/main amd64 libegl-mesa0 amd64 25.0.7-0ubuntu0.24.04.2 [124 kB]
tests (3.11)	Install System Dependencies	2025-12-28T03:42:36.9603454Z Get:3 http://azure.archive.ubuntu.com/ubuntu noble/main amd64 libxcb-shape0 amd64 1.15-1ubuntu2 [6100 B]
tests (3.11)	Install System Dependencies	2025-12-28T03:42:37.0154016Z Get:4 http://azure.archive.ubuntu.com/ubuntu noble/main amd64 libxcb-xinerama0 amd64 1.15-1ubuntu2 [5410 B]
tests (3.11)	Install System Dependencies	2025-12-28T03:42:37.0709045Z Get:5 http://azure.archive.ubuntu.com/ubuntu noble/main amd64 libxcb-xkb1 amd64 1.15-1ubuntu2 [32.3 kB]
tests (3.11)	Install System Dependencies	2025-12-28T03:42:37.1262986Z Get:6 http://azure.archive.ubuntu.com/ubuntu noble/main amd64 libxkbcommon-x11-0 amd64 1.6.0-1build1 [14.5 kB]
tests (3.11)	Install System Dependencies	2025-12-28T03:42:37.1812257Z Get:7 http://azure.archive.ubuntu.com/ubuntu noble/main amd64 libegl1 amd64 1.7.0-1build1 [28.7 kB]
tests (3.11)	Install System Dependencies	2025-12-28T03:42:37.2362976Z Get:8 http://azure.archive.ubuntu.com/ubuntu noble/main amd64 libxcb-util1 amd64 0.4.0-1build3 [10.7 kB]
tests (3.11)	Install System Dependencies	2025-12-28T03:42:37.2914951Z Get:9 http://azure.archive.ubuntu.com/ubuntu noble/main amd64 libxcb-image0 amd64 0.4.0-2build1 [10.8 kB]
tests (3.11)	Install System Dependencies	2025-12-28T03:42:37.3465118Z Get:10 http://azure.archive.ubuntu.com/ubuntu noble/main amd64 libxcb-render-util0 amd64 0.3.9-1build4 [9608 B]
tests (3.11)	Install System Dependencies	2025-12-28T03:42:37.4019905Z Get:11 http://azure.archive.ubuntu.com/ubuntu noble/universe amd64 libxcb-cursor0 amd64 0.1.4-1build1 [10.7 kB]
tests (3.11)	Install System Dependencies	2025-12-28T03:42:37.4595961Z Get:12 http://azure.archive.ubuntu.com/ubuntu noble/main amd64 libxcb-icccm4 amd64 0.4.1-1.1build3 [10.8 kB]
tests (3.11)	Install System Dependencies	2025-12-28T03:42:37.5148193Z Get:13 http://azure.archive.ubuntu.com/ubuntu noble/main amd64 libxcb-keysyms1 amd64 0.4.0-1build4 [7956 B]
tests (3.11)	Install System Dependencies	2025-12-28T03:42:37.7719726Z Fetched 271 kB in 1s (388 kB/s)
tests (3.11)	Install System Dependencies	2025-12-28T03:42:37.8272215Z Selecting previously unselected package libegl-mesa0:amd64.
tests (3.11)	Install System Dependencies	2025-12-28T03:42:37.8850428Z (Reading database ... 
tests (3.11)	Install System Dependencies	2025-12-28T03:42:37.8850972Z (Reading database ... 5%
tests (3.11)	Install System Dependencies	2025-12-28T03:42:37.8851412Z (Reading database ... 10%
tests (3.11)	Install System Dependencies	2025-12-28T03:42:37.8851873Z (Reading database ... 15%
tests (3.11)	Install System Dependencies	2025-12-28T03:42:37.8852161Z (Reading database ... 20%
tests (3.11)	Install System Dependencies	2025-12-28T03:42:37.8852633Z (Reading database ... 25%
tests (3.11)	Install System Dependencies	2025-12-28T03:42:37.8853065Z (Reading database ... 30%
tests (3.11)	Install System Dependencies	2025-12-28T03:42:37.8853504Z (Reading database ... 35%
tests (3.11)	Install System Dependencies	2025-12-28T03:42:37.8853920Z (Reading database ... 40%
tests (3.11)	Install System Dependencies	2025-12-28T03:42:37.8854233Z (Reading database ... 45%
tests (3.11)	Install System Dependencies	2025-12-28T03:42:37.8854479Z (Reading database ... 50%
tests (3.11)	Install System Dependencies	2025-12-28T03:42:37.9387315Z (Reading database ... 55%
tests (3.11)	Install System Dependencies	2025-12-28T03:42:38.2065139Z (Reading database ... 60%
tests (3.11)	Install System Dependencies	2025-12-28T03:42:38.3419164Z (Reading database ... 65%
tests (3.11)	Install System Dependencies	2025-12-28T03:42:38.5572305Z (Reading database ... 70%
tests (3.11)	Install System Dependencies	2025-12-28T03:42:38.6687475Z (Reading database ... 75%
tests (3.11)	Install System Dependencies	2025-12-28T03:42:39.0720156Z (Reading database ... 80%
tests (3.11)	Install System Dependencies	2025-12-28T03:42:39.6728159Z (Reading database ... 85%
tests (3.11)	Install System Dependencies	2025-12-28T03:42:40.1246638Z (Reading database ... 90%
tests (3.11)	Install System Dependencies	2025-12-28T03:42:40.4994927Z (Reading database ... 95%
tests (3.11)	Install System Dependencies	2025-12-28T03:42:40.4995545Z (Reading database ... 100%
tests (3.11)	Install System Dependencies	2025-12-28T03:42:40.4996063Z (Reading database ... 217374 files and directories currently installed.)
tests (3.11)	Install System Dependencies	2025-12-28T03:42:40.5039380Z Preparing to unpack .../00-libegl-mesa0_25.0.7-0ubuntu0.24.04.2_amd64.deb ...
tests (3.11)	Install System Dependencies	2025-12-28T03:42:40.5082480Z Unpacking libegl-mesa0:amd64 (25.0.7-0ubuntu0.24.04.2) ...
tests (3.11)	Install System Dependencies	2025-12-28T03:42:40.5346288Z Selecting previously unselected package libxcb-shape0:amd64.
tests (3.11)	Install System Dependencies	2025-12-28T03:42:40.5476566Z Preparing to unpack .../01-libxcb-shape0_1.15-1ubuntu2_amd64.deb ...
tests (3.11)	Install System Dependencies	2025-12-28T03:42:40.5487057Z Unpacking libxcb-shape0:amd64 (1.15-1ubuntu2) ...
tests (3.11)	Install System Dependencies	2025-12-28T03:42:40.5739230Z Selecting previously unselected package libxcb-xinerama0:amd64.
tests (3.11)	Install System Dependencies	2025-12-28T03:42:40.5869347Z Preparing to unpack .../02-libxcb-xinerama0_1.15-1ubuntu2_amd64.deb ...
tests (3.11)	Install System Dependencies	2025-12-28T03:42:40.5879735Z Unpacking libxcb-xinerama0:amd64 (1.15-1ubuntu2) ...
tests (3.11)	Install System Dependencies	2025-12-28T03:42:40.6092040Z Selecting previously unselected package libxcb-xkb1:amd64.
tests (3.11)	Install System Dependencies	2025-12-28T03:42:40.6223329Z Preparing to unpack .../03-libxcb-xkb1_1.15-1ubuntu2_amd64.deb ...
tests (3.11)	Install System Dependencies	2025-12-28T03:42:40.6234082Z Unpacking libxcb-xkb1:amd64 (1.15-1ubuntu2) ...
tests (3.11)	Install System Dependencies	2025-12-28T03:42:40.6529531Z Selecting previously unselected package libxkbcommon-x11-0:amd64.
tests (3.11)	Install System Dependencies	2025-12-28T03:42:40.6658793Z Preparing to unpack .../04-libxkbcommon-x11-0_1.6.0-1build1_amd64.deb ...
tests (3.11)	Install System Dependencies	2025-12-28T03:42:40.6668423Z Unpacking libxkbcommon-x11-0:amd64 (1.6.0-1build1) ...
tests (3.11)	Install System Dependencies	2025-12-28T03:42:40.6914880Z Selecting previously unselected package libegl1:amd64.
tests (3.11)	Install System Dependencies	2025-12-28T03:42:40.7045484Z Preparing to unpack .../05-libegl1_1.7.0-1build1_amd64.deb ...
tests (3.11)	Install System Dependencies	2025-12-28T03:42:40.7055299Z Unpacking libegl1:amd64 (1.7.0-1build1) ...
tests (3.11)	Install System Dependencies	2025-12-28T03:42:40.7353105Z Selecting previously unselected package libxcb-util1:amd64.
tests (3.11)	Install System Dependencies	2025-12-28T03:42:40.7485235Z Preparing to unpack .../06-libxcb-util1_0.4.0-1build3_amd64.deb ...
tests (3.11)	Install System Dependencies	2025-12-28T03:42:40.7495166Z Unpacking libxcb-util1:amd64 (0.4.0-1build3) ...
tests (3.11)	Install System Dependencies	2025-12-28T03:42:40.7718960Z Selecting previously unselected package libxcb-image0:amd64.
tests (3.11)	Install System Dependencies	2025-12-28T03:42:40.7850966Z Preparing to unpack .../07-libxcb-image0_0.4.0-2build1_amd64.deb ...
tests (3.11)	Install System Dependencies	2025-12-28T03:42:40.7861187Z Unpacking libxcb-image0:amd64 (0.4.0-2build1) ...
tests (3.11)	Install System Dependencies	2025-12-28T03:42:40.8076757Z Selecting previously unselected package libxcb-render-util0:amd64.
tests (3.11)	Install System Dependencies	2025-12-28T03:42:40.8208538Z Preparing to unpack .../08-libxcb-render-util0_0.3.9-1build4_amd64.deb ...
tests (3.11)	Install System Dependencies	2025-12-28T03:42:40.8219540Z Unpacking libxcb-render-util0:amd64 (0.3.9-1build4) ...
tests (3.11)	Install System Dependencies	2025-12-28T03:42:40.8435723Z Selecting previously unselected package libxcb-cursor0:amd64.
tests (3.11)	Install System Dependencies	2025-12-28T03:42:40.8566130Z Preparing to unpack .../09-libxcb-cursor0_0.1.4-1build1_amd64.deb ...
tests (3.11)	Install System Dependencies	2025-12-28T03:42:40.8576824Z Unpacking libxcb-cursor0:amd64 (0.1.4-1build1) ...
tests (3.11)	Install System Dependencies	2025-12-28T03:42:40.8781097Z Selecting previously unselected package libxcb-icccm4:amd64.
tests (3.11)	Install System Dependencies	2025-12-28T03:42:40.8910009Z Preparing to unpack .../10-libxcb-icccm4_0.4.1-1.1build3_amd64.deb ...
tests (3.11)	Install System Dependencies	2025-12-28T03:42:40.8921480Z Unpacking libxcb-icccm4:amd64 (0.4.1-1.1build3) ...
tests (3.11)	Install System Dependencies	2025-12-28T03:42:40.9132556Z Selecting previously unselected package libxcb-keysyms1:amd64.
tests (3.11)	Install System Dependencies	2025-12-28T03:42:40.9265593Z Preparing to unpack .../11-libxcb-keysyms1_0.4.0-1build4_amd64.deb ...
tests (3.11)	Install System Dependencies	2025-12-28T03:42:40.9276392Z Unpacking libxcb-keysyms1:amd64 (0.4.0-1build4) ...
tests (3.11)	Install System Dependencies	2025-12-28T03:42:40.9669182Z Setting up libxcb-keysyms1:amd64 (0.4.0-1build4) ...
tests (3.11)	Install System Dependencies	2025-12-28T03:42:40.9696106Z Setting up libxcb-shape0:amd64 (1.15-1ubuntu2) ...
tests (3.11)	Install System Dependencies	2025-12-28T03:42:40.9720364Z Setting up libxcb-render-util0:amd64 (0.3.9-1build4) ...
tests (3.11)	Install System Dependencies	2025-12-28T03:42:40.9746185Z Setting up libxcb-icccm4:amd64 (0.4.1-1.1build3) ...
tests (3.11)	Install System Dependencies	2025-12-28T03:42:40.9770054Z Setting up libxcb-util1:amd64 (0.4.0-1build3) ...
tests (3.11)	Install System Dependencies	2025-12-28T03:42:40.9794018Z Setting up libxcb-xkb1:amd64 (1.15-1ubuntu2) ...
tests (3.11)	Install System Dependencies	2025-12-28T03:42:40.9817246Z Setting up libxcb-image0:amd64 (0.4.0-2build1) ...
tests (3.11)	Install System Dependencies	2025-12-28T03:42:40.9842517Z Setting up libegl-mesa0:amd64 (25.0.7-0ubuntu0.24.04.2) ...
tests (3.11)	Install System Dependencies	2025-12-28T03:42:40.9865572Z Setting up libxcb-xinerama0:amd64 (1.15-1ubuntu2) ...
tests (3.11)	Install System Dependencies	2025-12-28T03:42:40.9893657Z Setting up libxcb-cursor0:amd64 (0.1.4-1build1) ...
tests (3.11)	Install System Dependencies	2025-12-28T03:42:40.9917014Z Setting up libxkbcommon-x11-0:amd64 (1.6.0-1build1) ...
tests (3.11)	Install System Dependencies	2025-12-28T03:42:40.9941150Z Setting up libegl1:amd64 (1.7.0-1build1) ...
tests (3.11)	Install System Dependencies	2025-12-28T03:42:40.9971527Z Processing triggers for libc-bin (2.39-0ubuntu8.6) ...
tests (3.11)	Install System Dependencies	2025-12-28T03:42:44.2779934Z 
tests (3.11)	Install System Dependencies	2025-12-28T03:42:44.2780418Z Running kernel seems to be up-to-date.
tests (3.11)	Install System Dependencies	2025-12-28T03:42:44.2780778Z 
tests (3.11)	Install System Dependencies	2025-12-28T03:42:44.2780936Z No services need to be restarted.
tests (3.11)	Install System Dependencies	2025-12-28T03:42:44.2781203Z 
tests (3.11)	Install System Dependencies	2025-12-28T03:42:44.2781360Z No containers need to be restarted.
tests (3.11)	Install System Dependencies	2025-12-28T03:42:44.2781638Z 
tests (3.11)	Install System Dependencies	2025-12-28T03:42:44.2781821Z No user sessions are running outdated binaries.
tests (3.11)	Install System Dependencies	2025-12-28T03:42:44.2782542Z 
tests (3.11)	Install System Dependencies	2025-12-28T03:42:44.2782849Z No VM guests are running outdated hypervisor (qemu) binaries on this host.
tests (3.11)	Run actions/setup-python@v5	ï»¿2025-12-28T03:42:45.1859354Z ##[group]Run actions/setup-python@v5
tests (3.11)	Run actions/setup-python@v5	2025-12-28T03:42:45.1859647Z with:
tests (3.11)	Run actions/setup-python@v5	2025-12-28T03:42:45.1859832Z   python-version: 3.11
tests (3.11)	Run actions/setup-python@v5	2025-12-28T03:42:45.1860045Z   check-latest: false
tests (3.11)	Run actions/setup-python@v5	2025-12-28T03:42:45.1860365Z   token: ***
tests (3.11)	Run actions/setup-python@v5	2025-12-28T03:42:45.1860555Z   update-environment: true
tests (3.11)	Run actions/setup-python@v5	2025-12-28T03:42:45.1860778Z   allow-prereleases: false
tests (3.11)	Run actions/setup-python@v5	2025-12-28T03:42:45.1860984Z   freethreaded: false
tests (3.11)	Run actions/setup-python@v5	2025-12-28T03:42:45.1861184Z ##[endgroup]
tests (3.11)	Run actions/setup-python@v5	2025-12-28T03:42:45.3515934Z ##[group]Installed versions
tests (3.11)	Run actions/setup-python@v5	2025-12-28T03:42:45.3992649Z Successfully set up CPython (3.11.14)
tests (3.11)	Run actions/setup-python@v5	2025-12-28T03:42:45.3993925Z ##[endgroup]
tests (3.11)	Run pip install -r requirements.txt	ï»¿2025-12-28T03:42:45.4097719Z ##[group]Run pip install -r requirements.txt
tests (3.11)	Run pip install -r requirements.txt	2025-12-28T03:42:45.4098595Z [36;1mpip install -r requirements.txt[0m
tests (3.11)	Run pip install -r requirements.txt	2025-12-28T03:42:45.4230075Z shell: /usr/bin/bash -e {0}
tests (3.11)	Run pip install -r requirements.txt	2025-12-28T03:42:45.4230324Z env:
tests (3.11)	Run pip install -r requirements.txt	2025-12-28T03:42:45.4230589Z   pythonLocation: /opt/hostedtoolcache/Python/3.11.14/x64
tests (3.11)	Run pip install -r requirements.txt	2025-12-28T03:42:45.4231011Z   PKG_CONFIG_PATH: /opt/hostedtoolcache/Python/3.11.14/x64/lib/pkgconfig
tests (3.11)	Run pip install -r requirements.txt	2025-12-28T03:42:45.4231407Z   Python_ROOT_DIR: /opt/hostedtoolcache/Python/3.11.14/x64
tests (3.11)	Run pip install -r requirements.txt	2025-12-28T03:42:45.4231748Z   Python2_ROOT_DIR: /opt/hostedtoolcache/Python/3.11.14/x64
tests (3.11)	Run pip install -r requirements.txt	2025-12-28T03:42:45.4232107Z   Python3_ROOT_DIR: /opt/hostedtoolcache/Python/3.11.14/x64
tests (3.11)	Run pip install -r requirements.txt	2025-12-28T03:42:45.4232486Z   LD_LIBRARY_PATH: /opt/hostedtoolcache/Python/3.11.14/x64/lib
tests (3.11)	Run pip install -r requirements.txt	2025-12-28T03:42:45.4232772Z ##[endgroup]
tests (3.11)	Run pip install -r requirements.txt	2025-12-28T03:42:47.5394634Z Obtaining file:///home/runner/work/Golf_Modeling_Suite/Golf_Modeling_Suite (from -r requirements.txt (line 8))
tests (3.11)	Run pip install -r requirements.txt	2025-12-28T03:42:47.5418802Z   Installing build dependencies: started
tests (3.11)	Run pip install -r requirements.txt	2025-12-28T03:42:49.0048804Z   Installing build dependencies: finished with status 'done'
tests (3.11)	Run pip install -r requirements.txt	2025-12-28T03:42:49.0054561Z   Checking if build backend supports build_editable: started
tests (3.11)	Run pip install -r requirements.txt	2025-12-28T03:42:49.3471901Z   Checking if build backend supports build_editable: finished with status 'done'
tests (3.11)	Run pip install -r requirements.txt	2025-12-28T03:42:49.3480541Z   Getting requirements to build editable: started
tests (3.11)	Run pip install -r requirements.txt	2025-12-28T03:42:49.7163246Z   Getting requirements to build editable: finished with status 'done'
tests (3.11)	Run pip install -r requirements.txt	2025-12-28T03:42:49.7171842Z   Preparing editable metadata (pyproject.toml): started
tests (3.11)	Run pip install -r requirements.txt	2025-12-28T03:42:49.9609199Z   Preparing editable metadata (pyproject.toml): finished with status 'done'
tests (3.11)	Run pip install -r requirements.txt	2025-12-28T03:42:50.2819053Z Collecting numpy<2.0.0,>=1.26.4 (from golf-modeling-suite==1.0.0->-r requirements.txt (line 8))
tests (3.11)	Run pip install -r requirements.txt	2025-12-28T03:42:50.3594689Z   Downloading numpy-1.26.4-cp311-cp311-manylinux_2_17_x86_64.manylinux2014_x86_64.whl.metadata (61 kB)
tests (3.11)	Run pip install -r requirements.txt	2025-12-28T03:42:50.5191506Z Collecting pandas<3.0.0,>=2.2.3 (from golf-modeling-suite==1.0.0->-r requirements.txt (line 8))
tests (3.11)	Run pip install -r requirements.txt	2025-12-28T03:42:50.5307302Z   Downloading pandas-2.3.3-cp311-cp311-manylinux_2_24_x86_64.manylinux_2_28_x86_64.whl.metadata (91 kB)
tests (3.11)	Run pip install -r requirements.txt	2025-12-28T03:42:50.7236631Z Collecting matplotlib<4.0.0,>=3.8.0 (from golf-modeling-suite==1.0.0->-r requirements.txt (line 8))
tests (3.11)	Run pip install -r requirements.txt	2025-12-28T03:42:50.7345943Z   Downloading matplotlib-3.10.8-cp311-cp311-manylinux2014_x86_64.manylinux_2_17_x86_64.whl.metadata (52 kB)
tests (3.11)	Run pip install -r requirements.txt	2025-12-28T03:42:50.9012410Z Collecting scipy<2.0.0,>=1.13.1 (from golf-modeling-suite==1.0.0->-r requirements.txt (line 8))
tests (3.11)	Run pip install -r requirements.txt	2025-12-28T03:42:50.9117903Z   Downloading scipy-1.16.3-cp311-cp311-manylinux2014_x86_64.manylinux_2_17_x86_64.whl.metadata (62 kB)
tests (3.11)	Run pip install -r requirements.txt	2025-12-28T03:42:50.9550439Z Collecting sympy<2.0.0,>=1.12 (from golf-modeling-suite==1.0.0->-r requirements.txt (line 8))
tests (3.11)	Run pip install -r requirements.txt	2025-12-28T03:42:50.9657353Z   Downloading sympy-1.14.0-py3-none-any.whl.metadata (12 kB)
tests (3.11)	Run pip install -r requirements.txt	2025-12-28T03:42:50.9971555Z Collecting PyQt6<7.0.0,>=6.6.0 (from golf-modeling-suite==1.0.0->-r requirements.txt (line 8))
tests (3.11)	Run pip install -r requirements.txt	2025-12-28T03:42:51.0088951Z   Downloading pyqt6-6.10.1-cp39-abi3-manylinux_2_34_x86_64.whl.metadata (2.1 kB)
tests (3.11)	Run pip install -r requirements.txt	2025-12-28T03:42:51.0821171Z Collecting mujoco<4.0.0,>=3.2.3 (from golf-modeling-suite==1.0.0->-r requirements.txt (line 8))
tests (3.11)	Run pip install -r requirements.txt	2025-12-28T03:42:51.0945564Z   Downloading mujoco-3.4.0-cp311-cp311-manylinux_2_27_x86_64.manylinux_2_28_x86_64.whl.metadata (41 kB)
tests (3.11)	Run pip install -r requirements.txt	2025-12-28T03:42:51.1459464Z Collecting pyyaml>=6.0.1 (from golf-modeling-suite==1.0.0->-r requirements.txt (line 8))
tests (3.11)	Run pip install -r requirements.txt	2025-12-28T03:42:51.1570154Z   Downloading pyyaml-6.0.3-cp311-cp311-manylinux2014_x86_64.manylinux_2_17_x86_64.manylinux_2_28_x86_64.whl.metadata (2.4 kB)
tests (3.11)	Run pip install -r requirements.txt	2025-12-28T03:42:51.1768149Z Collecting defusedxml<1.0.0,>=0.7.1 (from golf-modeling-suite==1.0.0->-r requirements.txt (line 8))
tests (3.11)	Run pip install -r requirements.txt	2025-12-28T03:42:51.1871555Z   Downloading defusedxml-0.7.1-py2.py3-none-any.whl.metadata (32 kB)
tests (3.11)	Run pip install -r requirements.txt	2025-12-28T03:42:51.2659953Z Collecting contourpy>=1.0.1 (from matplotlib<4.0.0,>=3.8.0->golf-modeling-suite==1.0.0->-r requirements.txt (line 8))
tests (3.11)	Run pip install -r requirements.txt	2025-12-28T03:42:51.2764369Z   Downloading contourpy-1.3.3-cp311-cp311-manylinux_2_27_x86_64.manylinux_2_28_x86_64.whl.metadata (5.5 kB)
tests (3.11)	Run pip install -r requirements.txt	2025-12-28T03:42:51.3089273Z Collecting cycler>=0.10 (from matplotlib<4.0.0,>=3.8.0->golf-modeling-suite==1.0.0->-r requirements.txt (line 8))
tests (3.11)	Run pip install -r requirements.txt	2025-12-28T03:42:51.3192351Z   Downloading cycler-0.12.1-py3-none-any.whl.metadata (3.8 kB)
tests (3.11)	Run pip install -r requirements.txt	2025-12-28T03:42:51.4920636Z Collecting fonttools>=4.22.0 (from matplotlib<4.0.0,>=3.8.0->golf-modeling-suite==1.0.0->-r requirements.txt (line 8))
tests (3.11)	Run pip install -r requirements.txt	2025-12-28T03:42:51.5028046Z   Downloading fonttools-4.61.1-cp311-cp311-manylinux2014_x86_64.manylinux_2_17_x86_64.whl.metadata (114 kB)
tests (3.11)	Run pip install -r requirements.txt	2025-12-28T03:42:51.5967193Z Collecting kiwisolver>=1.3.1 (from matplotlib<4.0.0,>=3.8.0->golf-modeling-suite==1.0.0->-r requirements.txt (line 8))
tests (3.11)	Run pip install -r requirements.txt	2025-12-28T03:42:51.6076139Z   Downloading kiwisolver-1.4.9-cp311-cp311-manylinux2014_x86_64.manylinux_2_17_x86_64.whl.metadata (6.3 kB)
tests (3.11)	Run pip install -r requirements.txt	2025-12-28T03:42:51.6669471Z Collecting packaging>=20.0 (from matplotlib<4.0.0,>=3.8.0->golf-modeling-suite==1.0.0->-r requirements.txt (line 8))
tests (3.11)	Run pip install -r requirements.txt	2025-12-28T03:42:51.6771305Z   Downloading packaging-25.0-py3-none-any.whl.metadata (3.3 kB)
tests (3.11)	Run pip install -r requirements.txt	2025-12-28T03:42:51.8549789Z Collecting pillow>=8 (from matplotlib<4.0.0,>=3.8.0->golf-modeling-suite==1.0.0->-r requirements.txt (line 8))
tests (3.11)	Run pip install -r requirements.txt	2025-12-28T03:42:51.8653797Z   Downloading pillow-12.0.0-cp311-cp311-manylinux_2_27_x86_64.manylinux_2_28_x86_64.whl.metadata (8.8 kB)
tests (3.11)	Run pip install -r requirements.txt	2025-12-28T03:42:51.9005991Z Collecting pyparsing>=3 (from matplotlib<4.0.0,>=3.8.0->golf-modeling-suite==1.0.0->-r requirements.txt (line 8))
tests (3.11)	Run pip install -r requirements.txt	2025-12-28T03:42:51.9104968Z   Downloading pyparsing-3.3.1-py3-none-any.whl.metadata (5.6 kB)
tests (3.11)	Run pip install -r requirements.txt	2025-12-28T03:42:51.9310599Z Collecting python-dateutil>=2.7 (from matplotlib<4.0.0,>=3.8.0->golf-modeling-suite==1.0.0->-r requirements.txt (line 8))
tests (3.11)	Run pip install -r requirements.txt	2025-12-28T03:42:51.9412385Z   Downloading python_dateutil-2.9.0.post0-py2.py3-none-any.whl.metadata (8.4 kB)
tests (3.11)	Run pip install -r requirements.txt	2025-12-28T03:42:51.9633348Z Collecting absl-py (from mujoco<4.0.0,>=3.2.3->golf-modeling-suite==1.0.0->-r requirements.txt (line 8))
tests (3.11)	Run pip install -r requirements.txt	2025-12-28T03:42:51.9737446Z   Downloading absl_py-2.3.1-py3-none-any.whl.metadata (3.3 kB)
tests (3.11)	Run pip install -r requirements.txt	2025-12-28T03:42:51.9964159Z Collecting etils[epath] (from mujoco<4.0.0,>=3.2.3->golf-modeling-suite==1.0.0->-r requirements.txt (line 8))
tests (3.11)	Run pip install -r requirements.txt	2025-12-28T03:42:52.0073593Z   Downloading etils-1.13.0-py3-none-any.whl.metadata (6.5 kB)
tests (3.11)	Run pip install -r requirements.txt	2025-12-28T03:42:52.0587149Z Collecting glfw (from mujoco<4.0.0,>=3.2.3->golf-modeling-suite==1.0.0->-r requirements.txt (line 8))
tests (3.11)	Run pip install -r requirements.txt	2025-12-28T03:42:52.0702985Z   Downloading glfw-2.10.0-py2.py27.py3.py30.py31.py32.py33.py34.py35.py36.py37.py38.p39.p310.p311.p312.p313-none-manylinux_2_28_x86_64.whl.metadata (5.4 kB)
tests (3.11)	Run pip install -r requirements.txt	2025-12-28T03:42:52.0913333Z Collecting pyopengl (from mujoco<4.0.0,>=3.2.3->golf-modeling-suite==1.0.0->-r requirements.txt (line 8))
tests (3.11)	Run pip install -r requirements.txt	2025-12-28T03:42:52.1026497Z   Downloading pyopengl-3.1.10-py3-none-any.whl.metadata (3.3 kB)
tests (3.11)	Run pip install -r requirements.txt	2025-12-28T03:42:52.1571408Z Collecting pytz>=2020.1 (from pandas<3.0.0,>=2.2.3->golf-modeling-suite==1.0.0->-r requirements.txt (line 8))
tests (3.11)	Run pip install -r requirements.txt	2025-12-28T03:42:52.1674308Z   Downloading pytz-2025.2-py2.py3-none-any.whl.metadata (22 kB)
tests (3.11)	Run pip install -r requirements.txt	2025-12-28T03:42:52.1903741Z Collecting tzdata>=2022.7 (from pandas<3.0.0,>=2.2.3->golf-modeling-suite==1.0.0->-r requirements.txt (line 8))
tests (3.11)	Run pip install -r requirements.txt	2025-12-28T03:42:52.2010063Z   Downloading tzdata-2025.3-py2.py3-none-any.whl.metadata (1.4 kB)
tests (3.11)	Run pip install -r requirements.txt	2025-12-28T03:42:52.2377875Z Collecting PyQt6-sip<14,>=13.8 (from PyQt6<7.0.0,>=6.6.0->golf-modeling-suite==1.0.0->-r requirements.txt (line 8))
tests (3.11)	Run pip install -r requirements.txt	2025-12-28T03:42:52.2531400Z   Downloading pyqt6_sip-13.10.3-cp311-cp311-manylinux1_x86_64.manylinux_2_5_x86_64.whl.metadata (495 bytes)
tests (3.11)	Run pip install -r requirements.txt	2025-12-28T03:42:52.2804274Z Collecting PyQt6-Qt6<6.11.0,>=6.10.0 (from PyQt6<7.0.0,>=6.6.0->golf-modeling-suite==1.0.0->-r requirements.txt (line 8))
tests (3.11)	Run pip install -r requirements.txt	2025-12-28T03:42:52.2937455Z   Downloading pyqt6_qt6-6.10.1-py3-none-manylinux_2_34_x86_64.whl.metadata (535 bytes)
tests (3.11)	Run pip install -r requirements.txt	2025-12-28T03:42:52.3260264Z Collecting mpmath<1.4,>=1.1.0 (from sympy<2.0.0,>=1.12->golf-modeling-suite==1.0.0->-r requirements.txt (line 8))
tests (3.11)	Run pip install -r requirements.txt	2025-12-28T03:42:52.3371840Z   Downloading mpmath-1.3.0-py3-none-any.whl.metadata (8.6 kB)
tests (3.11)	Run pip install -r requirements.txt	2025-12-28T03:42:52.3750218Z Collecting six>=1.5 (from python-dateutil>=2.7->matplotlib<4.0.0,>=3.8.0->golf-modeling-suite==1.0.0->-r requirements.txt (line 8))
tests (3.11)	Run pip install -r requirements.txt	2025-12-28T03:42:52.3858087Z   Downloading six-1.17.0-py2.py3-none-any.whl.metadata (1.7 kB)
tests (3.11)	Run pip install -r requirements.txt	2025-12-28T03:42:52.4195104Z Collecting fsspec (from etils[epath]->mujoco<4.0.0,>=3.2.3->golf-modeling-suite==1.0.0->-r requirements.txt (line 8))
tests (3.11)	Run pip install -r requirements.txt	2025-12-28T03:42:52.4297805Z   Downloading fsspec-2025.12.0-py3-none-any.whl.metadata (10 kB)
tests (3.11)	Run pip install -r requirements.txt	2025-12-28T03:42:52.4834457Z Collecting importlib_resources (from etils[epath]->mujoco<4.0.0,>=3.2.3->golf-modeling-suite==1.0.0->-r requirements.txt (line 8))
tests (3.11)	Run pip install -r requirements.txt	2025-12-28T03:42:52.4935658Z   Downloading importlib_resources-6.5.2-py3-none-any.whl.metadata (3.9 kB)
tests (3.11)	Run pip install -r requirements.txt	2025-12-28T03:42:52.5200473Z Collecting typing_extensions (from etils[epath]->mujoco<4.0.0,>=3.2.3->golf-modeling-suite==1.0.0->-r requirements.txt (line 8))
tests (3.11)	Run pip install -r requirements.txt	2025-12-28T03:42:52.5305369Z   Downloading typing_extensions-4.15.0-py3-none-any.whl.metadata (3.3 kB)
tests (3.11)	Run pip install -r requirements.txt	2025-12-28T03:42:52.5573574Z Collecting zipp (from etils[epath]->mujoco<4.0.0,>=3.2.3->golf-modeling-suite==1.0.0->-r requirements.txt (line 8))
tests (3.11)	Run pip install -r requirements.txt	2025-12-28T03:42:52.5680256Z   Downloading zipp-3.23.0-py3-none-any.whl.metadata (3.6 kB)
tests (3.11)	Run pip install -r requirements.txt	2025-12-28T03:42:52.5912047Z Downloading defusedxml-0.7.1-py2.py3-none-any.whl (25 kB)
tests (3.11)	Run pip install -r requirements.txt	2025-12-28T03:42:52.6093492Z Downloading matplotlib-3.10.8-cp311-cp311-manylinux2014_x86_64.manylinux_2_17_x86_64.whl (8.7 MB)
tests (3.11)	Run pip install -r requirements.txt	2025-12-28T03:42:52.9516247Z    â”â”â”â”â”â”â”â”â”â”â”â”â”â”â”â”â”â”â”â”â”â”â”â”â”â”â”â”â”â”â”â”â”â”â”â”â”â”â”â” 8.7/8.7 MB 26.9 MB/s  0:00:00
tests (3.11)	Run pip install -r requirements.txt	2025-12-28T03:42:52.9628096Z Downloading mujoco-3.4.0-cp311-cp311-manylinux_2_27_x86_64.manylinux_2_28_x86_64.whl (6.9 MB)
tests (3.11)	Run pip install -r requirements.txt	2025-12-28T03:42:53.0626915Z    â”â”â”â”â”â”â”â”â”â”â”â”â”â”â”â”â”â”â”â”â”â”â”â”â”â”â”â”â”â”â”â”â”â”â”â”â”â”â”â” 6.9/6.9 MB 70.1 MB/s  0:00:00
tests (3.11)	Run pip install -r requirements.txt	2025-12-28T03:42:53.0729740Z Downloading numpy-1.26.4-cp311-cp311-manylinux_2_17_x86_64.manylinux2014_x86_64.whl (18.3 MB)
tests (3.11)	Run pip install -r requirements.txt	2025-12-28T03:42:53.2202629Z    â”â”â”â”â”â”â”â”â”â”â”â”â”â”â”â”â”â”â”â”â”â”â”â”â”â”â”â”â”â”â”â”â”â”â”â”â”â”â”â” 18.3/18.3 MB 124.9 MB/s  0:00:00
tests (3.11)	Run pip install -r requirements.txt	2025-12-28T03:42:53.2311947Z Downloading pandas-2.3.3-cp311-cp311-manylinux_2_24_x86_64.manylinux_2_28_x86_64.whl (12.8 MB)
tests (3.11)	Run pip install -r requirements.txt	2025-12-28T03:42:53.3124270Z    â”â”â”â”â”â”â”â”â”â”â”â”â”â”â”â”â”â”â”â”â”â”â”â”â”â”â”â”â”â”â”â”â”â”â”â”â”â”â”â” 12.8/12.8 MB 160.1 MB/s  0:00:00
tests (3.11)	Run pip install -r requirements.txt	2025-12-28T03:42:53.3322355Z Downloading pyqt6-6.10.1-cp39-abi3-manylinux_2_34_x86_64.whl (37.9 MB)
tests (3.11)	Run pip install -r requirements.txt	2025-12-28T03:42:53.6118471Z    â”â”â”â”â”â”â”â”â”â”â”â”â”â”â”â”â”â”â”â”â”â”â”â”â”â”â”â”â”â”â”â”â”â”â”â”â”â”â”â” 37.9/37.9 MB 135.9 MB/s  0:00:00
tests (3.11)	Run pip install -r requirements.txt	2025-12-28T03:42:53.6228978Z Downloading pyqt6_qt6-6.10.1-py3-none-manylinux_2_34_x86_64.whl (83.8 MB)
tests (3.11)	Run pip install -r requirements.txt	2025-12-28T03:42:54.1527761Z    â”â”â”â”â”â”â”â”â”â”â”â”â”â”â”â”â”â”â”â”â”â”â”â”â”â”â”â”â”â”â”â”â”â”â”â”â”â”â”â” 83.8/83.8 MB 158.8 MB/s  0:00:00
tests (3.11)	Run pip install -r requirements.txt	2025-12-28T03:42:54.1638849Z Downloading pyqt6_sip-13.10.3-cp311-cp311-manylinux1_x86_64.manylinux_2_5_x86_64.whl (291 kB)
tests (3.11)	Run pip install -r requirements.txt	2025-12-28T03:42:54.1826367Z Downloading scipy-1.16.3-cp311-cp311-manylinux2014_x86_64.manylinux_2_17_x86_64.whl (35.9 MB)
tests (3.11)	Run pip install -r requirements.txt	2025-12-28T03:42:54.3906997Z    â”â”â”â”â”â”â”â”â”â”â”â”â”â”â”â”â”â”â”â”â”â”â”â”â”â”â”â”â”â”â”â”â”â”â”â”â”â”â”â” 35.9/35.9 MB 173.3 MB/s  0:00:00
tests (3.11)	Run pip install -r requirements.txt	2025-12-28T03:42:54.4014074Z Downloading sympy-1.14.0-py3-none-any.whl (6.3 MB)
tests (3.11)	Run pip install -r requirements.txt	2025-12-28T03:42:54.4311256Z    â”â”â”â”â”â”â”â”â”â”â”â”â”â”â”â”â”â”â”â”â”â”â”â”â”â”â”â”â”â”â”â”â”â”â”â”â”â”â”â” 6.3/6.3 MB 221.7 MB/s  0:00:00
tests (3.11)	Run pip install -r requirements.txt	2025-12-28T03:42:54.4420965Z Downloading mpmath-1.3.0-py3-none-any.whl (536 kB)
tests (3.11)	Run pip install -r requirements.txt	2025-12-28T03:42:54.4476605Z    â”â”â”â”â”â”â”â”â”â”â”â”â”â”â”â”â”â”â”â”â”â”â”â”â”â”â”â”â”â”â”â”â”â”â”â”â”â”â”â” 536.2/536.2 kB 81.7 MB/s  0:00:00
tests (3.11)	Run pip install -r requirements.txt	2025-12-28T03:42:54.4595441Z Downloading contourpy-1.3.3-cp311-cp311-manylinux_2_27_x86_64.manylinux_2_28_x86_64.whl (355 kB)
tests (3.11)	Run pip install -r requirements.txt	2025-12-28T03:42:54.4727271Z Downloading cycler-0.12.1-py3-none-any.whl (8.3 kB)
tests (3.11)	Run pip install -r requirements.txt	2025-12-28T03:42:54.4851352Z Downloading fonttools-4.61.1-cp311-cp311-manylinux2014_x86_64.manylinux_2_17_x86_64.whl (5.0 MB)
tests (3.11)	Run pip install -r requirements.txt	2025-12-28T03:42:54.5217694Z    â”â”â”â”â”â”â”â”â”â”â”â”â”â”â”â”â”â”â”â”â”â”â”â”â”â”â”â”â”â”â”â”â”â”â”â”â”â”â”â” 5.0/5.0 MB 143.0 MB/s  0:00:00
tests (3.11)	Run pip install -r requirements.txt	2025-12-28T03:42:54.5320208Z Downloading kiwisolver-1.4.9-cp311-cp311-manylinux2014_x86_64.manylinux_2_17_x86_64.whl (1.4 MB)
tests (3.11)	Run pip install -r requirements.txt	2025-12-28T03:42:54.5490265Z    â”â”â”â”â”â”â”â”â”â”â”â”â”â”â”â”â”â”â”â”â”â”â”â”â”â”â”â”â”â”â”â”â”â”â”â”â”â”â”â” 1.4/1.4 MB 95.7 MB/s  0:00:00
tests (3.11)	Run pip install -r requirements.txt	2025-12-28T03:42:54.5588598Z Downloading packaging-25.0-py3-none-any.whl (66 kB)
tests (3.11)	Run pip install -r requirements.txt	2025-12-28T03:42:54.5706719Z Downloading pillow-12.0.0-cp311-cp311-manylinux_2_27_x86_64.manylinux_2_28_x86_64.whl (7.0 MB)
tests (3.11)	Run pip install -r requirements.txt	2025-12-28T03:42:54.6116879Z    â”â”â”â”â”â”â”â”â”â”â”â”â”â”â”â”â”â”â”â”â”â”â”â”â”â”â”â”â”â”â”â”â”â”â”â”â”â”â”â” 7.0/7.0 MB 176.3 MB/s  0:00:00
tests (3.11)	Run pip install -r requirements.txt	2025-12-28T03:42:54.6219065Z Downloading pyparsing-3.3.1-py3-none-any.whl (121 kB)
tests (3.11)	Run pip install -r requirements.txt	2025-12-28T03:42:54.6342844Z Downloading python_dateutil-2.9.0.post0-py2.py3-none-any.whl (229 kB)
tests (3.11)	Run pip install -r requirements.txt	2025-12-28T03:42:54.6464436Z Downloading pytz-2025.2-py2.py3-none-any.whl (509 kB)
tests (3.11)	Run pip install -r requirements.txt	2025-12-28T03:42:54.6606472Z Downloading pyyaml-6.0.3-cp311-cp311-manylinux2014_x86_64.manylinux_2_17_x86_64.manylinux_2_28_x86_64.whl (806 kB)
tests (3.11)	Run pip install -r requirements.txt	2025-12-28T03:42:54.6669123Z    â”â”â”â”â”â”â”â”â”â”â”â”â”â”â”â”â”â”â”â”â”â”â”â”â”â”â”â”â”â”â”â”â”â”â”â”â”â”â”â” 806.6/806.6 kB 135.0 MB/s  0:00:00
tests (3.11)	Run pip install -r requirements.txt	2025-12-28T03:42:54.6766543Z Downloading six-1.17.0-py2.py3-none-any.whl (11 kB)
tests (3.11)	Run pip install -r requirements.txt	2025-12-28T03:42:54.6886525Z Downloading tzdata-2025.3-py2.py3-none-any.whl (348 kB)
tests (3.11)	Run pip install -r requirements.txt	2025-12-28T03:42:54.7022209Z Downloading absl_py-2.3.1-py3-none-any.whl (135 kB)
tests (3.11)	Run pip install -r requirements.txt	2025-12-28T03:42:54.7142427Z Downloading etils-1.13.0-py3-none-any.whl (170 kB)
tests (3.11)	Run pip install -r requirements.txt	2025-12-28T03:42:54.7265995Z Downloading fsspec-2025.12.0-py3-none-any.whl (201 kB)
tests (3.11)	Run pip install -r requirements.txt	2025-12-28T03:42:54.7395115Z Downloading glfw-2.10.0-py2.py27.py3.py30.py31.py32.py33.py34.py35.py36.py37.py38.p39.p310.p311.p312.p313-none-manylinux_2_28_x86_64.whl (243 kB)
tests (3.11)	Run pip install -r requirements.txt	2025-12-28T03:42:54.7522927Z Downloading importlib_resources-6.5.2-py3-none-any.whl (37 kB)
tests (3.11)	Run pip install -r requirements.txt	2025-12-28T03:42:54.7642765Z Downloading pyopengl-3.1.10-py3-none-any.whl (3.2 MB)
tests (3.11)	Run pip install -r requirements.txt	2025-12-28T03:42:54.7810962Z    â”â”â”â”â”â”â”â”â”â”â”â”â”â”â”â”â”â”â”â”â”â”â”â”â”â”â”â”â”â”â”â”â”â”â”â”â”â”â”â” 3.2/3.2 MB 205.1 MB/s  0:00:00
tests (3.11)	Run pip install -r requirements.txt	2025-12-28T03:42:54.7918947Z Downloading typing_extensions-4.15.0-py3-none-any.whl (44 kB)
tests (3.11)	Run pip install -r requirements.txt	2025-12-28T03:42:54.8034894Z Downloading zipp-3.23.0-py3-none-any.whl (10 kB)
tests (3.11)	Run pip install -r requirements.txt	2025-12-28T03:42:55.0811923Z Building wheels for collected packages: golf-modeling-suite
tests (3.11)	Run pip install -r requirements.txt	2025-12-28T03:42:55.0819432Z   Building editable for golf-modeling-suite (pyproject.toml): started
tests (3.11)	Run pip install -r requirements.txt	2025-12-28T03:42:55.6160907Z   Building editable for golf-modeling-suite (pyproject.toml): finished with status 'done'
tests (3.11)	Run pip install -r requirements.txt	2025-12-28T03:42:55.6166658Z   Created wheel for golf-modeling-suite: filename=golf_modeling_suite-1.0.0-0.editable-py3-none-any.whl size=9214 sha256=7e18a6d5e6873f44850b27526e84d88133efd0044782c539ca34d7a16728e6d7
tests (3.11)	Run pip install -r requirements.txt	2025-12-28T03:42:55.6168534Z   Stored in directory: /tmp/pip-ephem-wheel-cache-9qssg_d0/wheels/bc/bb/0e/3f543f8e98b771bfbacbe26635c66d662a01ee9ec807b324ba
tests (3.11)	Run pip install -r requirements.txt	2025-12-28T03:42:55.6186573Z Successfully built golf-modeling-suite
tests (3.11)	Run pip install -r requirements.txt	2025-12-28T03:42:55.7506305Z Installing collected packages: pytz, PyQt6-Qt6, pyopengl, mpmath, glfw, zipp, tzdata, typing_extensions, sympy, six, pyyaml, PyQt6-sip, pyparsing, pillow, packaging, numpy, kiwisolver, importlib_resources, fsspec, fonttools, etils, defusedxml, cycler, absl-py, scipy, python-dateutil, PyQt6, contourpy, pandas, matplotlib, mujoco, golf-modeling-suite
tests (3.11)	Run pip install -r requirements.txt	2025-12-28T03:43:16.5614638Z 
tests (3.11)	Run pip install -r requirements.txt	2025-12-28T03:43:16.5637901Z Successfully installed PyQt6-6.10.1 PyQt6-Qt6-6.10.1 PyQt6-sip-13.10.3 absl-py-2.3.1 contourpy-1.3.3 cycler-0.12.1 defusedxml-0.7.1 etils-1.13.0 fonttools-4.61.1 fsspec-2025.12.0 glfw-2.10.0 golf-modeling-suite-1.0.0 importlib_resources-6.5.2 kiwisolver-1.4.9 matplotlib-3.10.8 mpmath-1.3.0 mujoco-3.4.0 numpy-1.26.4 packaging-25.0 pandas-2.3.3 pillow-12.0.0 pyopengl-3.1.10 pyparsing-3.3.1 python-dateutil-2.9.0.post0 pytz-2025.2 pyyaml-6.0.3 scipy-1.16.3 six-1.17.0 sympy-1.14.0 typing_extensions-4.15.0 tzdata-2025.3 zipp-3.23.0
tests (3.11)	Run pip install -e .[dev]	ï»¿2025-12-28T03:43:16.9234901Z ##[group]Run pip install -e .[dev]
tests (3.11)	Run pip install -e .[dev]	2025-12-28T03:43:16.9235209Z [36;1mpip install -e .[dev][0m
tests (3.11)	Run pip install -e .[dev]	2025-12-28T03:43:16.9267611Z shell: /usr/bin/bash -e {0}
tests (3.11)	Run pip install -e .[dev]	2025-12-28T03:43:16.9267837Z env:
tests (3.11)	Run pip install -e .[dev]	2025-12-28T03:43:16.9268071Z   pythonLocation: /opt/hostedtoolcache/Python/3.11.14/x64
tests (3.11)	Run pip install -e .[dev]	2025-12-28T03:43:16.9268755Z   PKG_CONFIG_PATH: /opt/hostedtoolcache/Python/3.11.14/x64/lib/pkgconfig
tests (3.11)	Run pip install -e .[dev]	2025-12-28T03:43:16.9269157Z   Python_ROOT_DIR: /opt/hostedtoolcache/Python/3.11.14/x64
tests (3.11)	Run pip install -e .[dev]	2025-12-28T03:43:16.9269495Z   Python2_ROOT_DIR: /opt/hostedtoolcache/Python/3.11.14/x64
tests (3.11)	Run pip install -e .[dev]	2025-12-28T03:43:16.9269864Z   Python3_ROOT_DIR: /opt/hostedtoolcache/Python/3.11.14/x64
tests (3.11)	Run pip install -e .[dev]	2025-12-28T03:43:16.9270229Z   LD_LIBRARY_PATH: /opt/hostedtoolcache/Python/3.11.14/x64/lib
tests (3.11)	Run pip install -e .[dev]	2025-12-28T03:43:16.9270522Z ##[endgroup]
tests (3.11)	Run pip install -e .[dev]	2025-12-28T03:43:17.4504957Z Obtaining file:///home/runner/work/Golf_Modeling_Suite/Golf_Modeling_Suite
tests (3.11)	Run pip install -e .[dev]	2025-12-28T03:43:17.4531393Z   Installing build dependencies: started
tests (3.11)	Run pip install -e .[dev]	2025-12-28T03:43:18.2291631Z   Installing build dependencies: finished with status 'done'
tests (3.11)	Run pip install -e .[dev]	2025-12-28T03:43:18.2297149Z   Checking if build backend supports build_editable: started
tests (3.11)	Run pip install -e .[dev]	2025-12-28T03:43:18.4823430Z   Checking if build backend supports build_editable: finished with status 'done'
tests (3.11)	Run pip install -e .[dev]	2025-12-28T03:43:18.4831500Z   Getting requirements to build editable: started
tests (3.11)	Run pip install -e .[dev]	2025-12-28T03:43:18.8503710Z   Getting requirements to build editable: finished with status 'done'
tests (3.11)	Run pip install -e .[dev]	2025-12-28T03:43:18.8512701Z   Preparing editable metadata (pyproject.toml): started
tests (3.11)	Run pip install -e .[dev]	2025-12-28T03:43:19.0973748Z   Preparing editable metadata (pyproject.toml): finished with status 'done'
tests (3.11)	Run pip install -e .[dev]	2025-12-28T03:43:19.1055091Z Requirement already satisfied: numpy<2.0.0,>=1.26.4 in /opt/hostedtoolcache/Python/3.11.14/x64/lib/python3.11/site-packages (from golf-modeling-suite==1.0.0) (1.26.4)
tests (3.11)	Run pip install -e .[dev]	2025-12-28T03:43:19.1059524Z Requirement already satisfied: pandas<3.0.0,>=2.2.3 in /opt/hostedtoolcache/Python/3.11.14/x64/lib/python3.11/site-packages (from golf-modeling-suite==1.0.0) (2.3.3)
tests (3.11)	Run pip install -e .[dev]	2025-12-28T03:43:19.1063788Z Requirement already satisfied: matplotlib<4.0.0,>=3.8.0 in /opt/hostedtoolcache/Python/3.11.14/x64/lib/python3.11/site-packages (from golf-modeling-suite==1.0.0) (3.10.8)
tests (3.11)	Run pip install -e .[dev]	2025-12-28T03:43:19.1067905Z Requirement already satisfied: scipy<2.0.0,>=1.13.1 in /opt/hostedtoolcache/Python/3.11.14/x64/lib/python3.11/site-packages (from golf-modeling-suite==1.0.0) (1.16.3)
tests (3.11)	Run pip install -e .[dev]	2025-12-28T03:43:19.1073251Z Requirement already satisfied: sympy<2.0.0,>=1.12 in /opt/hostedtoolcache/Python/3.11.14/x64/lib/python3.11/site-packages (from golf-modeling-suite==1.0.0) (1.14.0)
tests (3.11)	Run pip install -e .[dev]	2025-12-28T03:43:19.1077389Z Requirement already satisfied: PyQt6<7.0.0,>=6.6.0 in /opt/hostedtoolcache/Python/3.11.14/x64/lib/python3.11/site-packages (from golf-modeling-suite==1.0.0) (6.10.1)
tests (3.11)	Run pip install -e .[dev]	2025-12-28T03:43:19.1081766Z Requirement already satisfied: mujoco<4.0.0,>=3.2.3 in /opt/hostedtoolcache/Python/3.11.14/x64/lib/python3.11/site-packages (from golf-modeling-suite==1.0.0) (3.4.0)
tests (3.11)	Run pip install -e .[dev]	2025-12-28T03:43:19.1085794Z Requirement already satisfied: pyyaml>=6.0.1 in /opt/hostedtoolcache/Python/3.11.14/x64/lib/python3.11/site-packages (from golf-modeling-suite==1.0.0) (6.0.3)
tests (3.11)	Run pip install -e .[dev]	2025-12-28T03:43:19.1089927Z Requirement already satisfied: defusedxml<1.0.0,>=0.7.1 in /opt/hostedtoolcache/Python/3.11.14/x64/lib/python3.11/site-packages (from golf-modeling-suite==1.0.0) (0.7.1)
tests (3.11)	Run pip install -e .[dev]	2025-12-28T03:43:19.2339311Z Collecting pytest>=8.2.1 (from golf-modeling-suite==1.0.0)
tests (3.11)	Run pip install -e .[dev]	2025-12-28T03:43:19.3117444Z   Downloading pytest-9.0.2-py3-none-any.whl.metadata (7.6 kB)
tests (3.11)	Run pip install -e .[dev]	2025-12-28T03:43:19.3376710Z Collecting pytest-cov>=5.0.0 (from golf-modeling-suite==1.0.0)
tests (3.11)	Run pip install -e .[dev]	2025-12-28T03:43:19.3484499Z   Downloading pytest_cov-7.0.0-py3-none-any.whl.metadata (31 kB)
tests (3.11)	Run pip install -e .[dev]	2025-12-28T03:43:19.3869818Z Collecting pytest-mock>=3.14.0 (from golf-modeling-suite==1.0.0)
tests (3.11)	Run pip install -e .[dev]	2025-12-28T03:43:19.3977091Z   Downloading pytest_mock-3.15.1-py3-none-any.whl.metadata (3.9 kB)
tests (3.11)	Run pip install -e .[dev]	2025-12-28T03:43:19.4212316Z Collecting pytest-qt>=4.2.0 (from golf-modeling-suite==1.0.0)
tests (3.11)	Run pip install -e .[dev]	2025-12-28T03:43:19.4332063Z   Downloading pytest_qt-4.5.0-py3-none-any.whl.metadata (7.9 kB)
tests (3.11)	Run pip install -e .[dev]	2025-12-28T03:43:19.4682911Z Collecting pytest-benchmark>=4.0.0 (from golf-modeling-suite==1.0.0)
tests (3.11)	Run pip install -e .[dev]	2025-12-28T03:43:19.4805448Z   Downloading pytest_benchmark-5.2.3-py3-none-any.whl.metadata (29 kB)
tests (3.11)	Run pip install -e .[dev]	2025-12-28T03:43:19.5120615Z Collecting pip-audit>=2.7.0 (from golf-modeling-suite==1.0.0)
tests (3.11)	Run pip install -e .[dev]	2025-12-28T03:43:19.5261866Z   Downloading pip_audit-2.10.0-py3-none-any.whl.metadata (28 kB)
tests (3.11)	Run pip install -e .[dev]	2025-12-28T03:43:19.9278706Z Collecting ruff==0.14.10 (from golf-modeling-suite==1.0.0)
tests (3.11)	Run pip install -e .[dev]	2025-12-28T03:43:19.9391005Z   Downloading ruff-0.14.10-py3-none-manylinux_2_17_x86_64.manylinux2014_x86_64.whl.metadata (26 kB)
tests (3.11)	Run pip install -e .[dev]	2025-12-28T03:43:19.9987642Z Collecting black>=24.4.2 (from golf-modeling-suite==1.0.0)
tests (3.11)	Run pip install -e .[dev]	2025-12-28T03:43:20.0095848Z   Downloading black-25.12.0-cp311-cp311-manylinux2014_x86_64.manylinux_2_17_x86_64.manylinux_2_28_x86_64.whl.metadata (86 kB)
tests (3.11)	Run pip install -e .[dev]	2025-12-28T03:43:20.1572529Z Collecting mypy>=1.10.0 (from golf-modeling-suite==1.0.0)
tests (3.11)	Run pip install -e .[dev]	2025-12-28T03:43:20.1680460Z   Downloading mypy-1.19.1-cp311-cp311-manylinux2014_x86_64.manylinux_2_17_x86_64.manylinux_2_28_x86_64.whl.metadata (2.2 kB)
tests (3.11)	Run pip install -e .[dev]	2025-12-28T03:43:20.2101357Z Collecting pre-commit>=4.0.0 (from golf-modeling-suite==1.0.0)
tests (3.11)	Run pip install -e .[dev]	2025-12-28T03:43:20.2206566Z   Downloading pre_commit-4.5.1-py2.py3-none-any.whl.metadata (1.2 kB)
tests (3.11)	Run pip install -e .[dev]	2025-12-28T03:43:20.2460598Z Collecting types-PyYAML>=6.0.12.12 (from golf-modeling-suite==1.0.0)
tests (3.11)	Run pip install -e .[dev]	2025-12-28T03:43:20.2571325Z   Downloading types_pyyaml-6.0.12.20250915-py3-none-any.whl.metadata (1.7 kB)
tests (3.11)	Run pip install -e .[dev]	2025-12-28T03:43:20.2960234Z Collecting pandas-stubs>=2.0.0 (from golf-modeling-suite==1.0.0)
tests (3.11)	Run pip install -e .[dev]	2025-12-28T03:43:20.3080528Z   Downloading pandas_stubs-2.3.3.251219-py3-none-any.whl.metadata (10 kB)
tests (3.11)	Run pip install -e .[dev]	2025-12-28T03:43:20.3444368Z Collecting types-requests>=2.31.0 (from golf-modeling-suite==1.0.0)
tests (3.11)	Run pip install -e .[dev]	2025-12-28T03:43:20.3549687Z   Downloading types_requests-2.32.4.20250913-py3-none-any.whl.metadata (2.0 kB)
tests (3.11)	Run pip install -e .[dev]	2025-12-28T03:43:20.4062280Z Collecting sphinx>=7.0.0 (from golf-modeling-suite==1.0.0)
tests (3.11)	Run pip install -e .[dev]	2025-12-28T03:43:20.4165868Z   Downloading sphinx-9.0.4-py3-none-any.whl.metadata (5.8 kB)
tests (3.11)	Run pip install -e .[dev]	2025-12-28T03:43:20.4446447Z Collecting sphinx-rtd-theme>=2.0.0 (from golf-modeling-suite==1.0.0)
tests (3.11)	Run pip install -e .[dev]	2025-12-28T03:43:20.4551112Z   Downloading sphinx_rtd_theme-3.0.2-py2.py3-none-any.whl.metadata (4.4 kB)
tests (3.11)	Run pip install -e .[dev]	2025-12-28T03:43:20.4882727Z Collecting sphinx-autodoc-typehints>=2.0.0 (from golf-modeling-suite==1.0.0)
tests (3.11)	Run pip install -e .[dev]	2025-12-28T03:43:20.4994240Z   Downloading sphinx_autodoc_typehints-3.6.0-py3-none-any.whl.metadata (8.7 kB)
tests (3.11)	Run pip install -e .[dev]	2025-12-28T03:43:20.5268916Z Collecting myst-parser>=2.0.0 (from golf-modeling-suite==1.0.0)
tests (3.11)	Run pip install -e .[dev]	2025-12-28T03:43:20.5375189Z   Downloading myst_parser-4.0.1-py3-none-any.whl.metadata (5.5 kB)
tests (3.11)	Run pip install -e .[dev]	2025-12-28T03:43:20.5486741Z Requirement already satisfied: contourpy>=1.0.1 in /opt/hostedtoolcache/Python/3.11.14/x64/lib/python3.11/site-packages (from matplotlib<4.0.0,>=3.8.0->golf-modeling-suite==1.0.0) (1.3.3)
tests (3.11)	Run pip install -e .[dev]	2025-12-28T03:43:20.5491691Z Requirement already satisfied: cycler>=0.10 in /opt/hostedtoolcache/Python/3.11.14/x64/lib/python3.11/site-packages (from matplotlib<4.0.0,>=3.8.0->golf-modeling-suite==1.0.0) (0.12.1)
tests (3.11)	Run pip install -e .[dev]	2025-12-28T03:43:20.5496185Z Requirement already satisfied: fonttools>=4.22.0 in /opt/hostedtoolcache/Python/3.11.14/x64/lib/python3.11/site-packages (from matplotlib<4.0.0,>=3.8.0->golf-modeling-suite==1.0.0) (4.61.1)
tests (3.11)	Run pip install -e .[dev]	2025-12-28T03:43:20.5501924Z Requirement already satisfied: kiwisolver>=1.3.1 in /opt/hostedtoolcache/Python/3.11.14/x64/lib/python3.11/site-packages (from matplotlib<4.0.0,>=3.8.0->golf-modeling-suite==1.0.0) (1.4.9)
tests (3.11)	Run pip install -e .[dev]	2025-12-28T03:43:20.5508124Z Requirement already satisfied: packaging>=20.0 in /opt/hostedtoolcache/Python/3.11.14/x64/lib/python3.11/site-packages (from matplotlib<4.0.0,>=3.8.0->golf-modeling-suite==1.0.0) (25.0)
tests (3.11)	Run pip install -e .[dev]	2025-12-28T03:43:20.5512857Z Requirement already satisfied: pillow>=8 in /opt/hostedtoolcache/Python/3.11.14/x64/lib/python3.11/site-packages (from matplotlib<4.0.0,>=3.8.0->golf-modeling-suite==1.0.0) (12.0.0)
tests (3.11)	Run pip install -e .[dev]	2025-12-28T03:43:20.5517288Z Requirement already satisfied: pyparsing>=3 in /opt/hostedtoolcache/Python/3.11.14/x64/lib/python3.11/site-packages (from matplotlib<4.0.0,>=3.8.0->golf-modeling-suite==1.0.0) (3.3.1)
tests (3.11)	Run pip install -e .[dev]	2025-12-28T03:43:20.5522243Z Requirement already satisfied: python-dateutil>=2.7 in /opt/hostedtoolcache/Python/3.11.14/x64/lib/python3.11/site-packages (from matplotlib<4.0.0,>=3.8.0->golf-modeling-suite==1.0.0) (2.9.0.post0)
tests (3.11)	Run pip install -e .[dev]	2025-12-28T03:43:20.5541618Z Requirement already satisfied: absl-py in /opt/hostedtoolcache/Python/3.11.14/x64/lib/python3.11/site-packages (from mujoco<4.0.0,>=3.2.3->golf-modeling-suite==1.0.0) (2.3.1)
tests (3.11)	Run pip install -e .[dev]	2025-12-28T03:43:20.5546230Z Requirement already satisfied: etils[epath] in /opt/hostedtoolcache/Python/3.11.14/x64/lib/python3.11/site-packages (from mujoco<4.0.0,>=3.2.3->golf-modeling-suite==1.0.0) (1.13.0)
tests (3.11)	Run pip install -e .[dev]	2025-12-28T03:43:20.5550226Z Requirement already satisfied: glfw in /opt/hostedtoolcache/Python/3.11.14/x64/lib/python3.11/site-packages (from mujoco<4.0.0,>=3.2.3->golf-modeling-suite==1.0.0) (2.10.0)
tests (3.11)	Run pip install -e .[dev]	2025-12-28T03:43:20.5554911Z Requirement already satisfied: pyopengl in /opt/hostedtoolcache/Python/3.11.14/x64/lib/python3.11/site-packages (from mujoco<4.0.0,>=3.2.3->golf-modeling-suite==1.0.0) (3.1.10)
tests (3.11)	Run pip install -e .[dev]	2025-12-28T03:43:20.5640389Z Requirement already satisfied: pytz>=2020.1 in /opt/hostedtoolcache/Python/3.11.14/x64/lib/python3.11/site-packages (from pandas<3.0.0,>=2.2.3->golf-modeling-suite==1.0.0) (2025.2)
tests (3.11)	Run pip install -e .[dev]	2025-12-28T03:43:20.5645120Z Requirement already satisfied: tzdata>=2022.7 in /opt/hostedtoolcache/Python/3.11.14/x64/lib/python3.11/site-packages (from pandas<3.0.0,>=2.2.3->golf-modeling-suite==1.0.0) (2025.3)
tests (3.11)	Run pip install -e .[dev]	2025-12-28T03:43:20.5736087Z Requirement already satisfied: PyQt6-sip<14,>=13.8 in /opt/hostedtoolcache/Python/3.11.14/x64/lib/python3.11/site-packages (from PyQt6<7.0.0,>=6.6.0->golf-modeling-suite==1.0.0) (13.10.3)
tests (3.11)	Run pip install -e .[dev]	2025-12-28T03:43:20.5749705Z Requirement already satisfied: PyQt6-Qt6<6.11.0,>=6.10.0 in /opt/hostedtoolcache/Python/3.11.14/x64/lib/python3.11/site-packages (from PyQt6<7.0.0,>=6.6.0->golf-modeling-suite==1.0.0) (6.10.1)
tests (3.11)	Run pip install -e .[dev]	2025-12-28T03:43:20.5840900Z Requirement already satisfied: mpmath<1.4,>=1.1.0 in /opt/hostedtoolcache/Python/3.11.14/x64/lib/python3.11/site-packages (from sympy<2.0.0,>=1.12->golf-modeling-suite==1.0.0) (1.3.0)
tests (3.11)	Run pip install -e .[dev]	2025-12-28T03:43:20.6089330Z Collecting click>=8.0.0 (from black>=24.4.2->golf-modeling-suite==1.0.0)
tests (3.11)	Run pip install -e .[dev]	2025-12-28T03:43:20.6196818Z   Downloading click-8.3.1-py3-none-any.whl.metadata (2.6 kB)
tests (3.11)	Run pip install -e .[dev]	2025-12-28T03:43:20.6364912Z Collecting mypy-extensions>=0.4.3 (from black>=24.4.2->golf-modeling-suite==1.0.0)
tests (3.11)	Run pip install -e .[dev]	2025-12-28T03:43:20.6466938Z   Downloading mypy_extensions-1.1.0-py3-none-any.whl.metadata (1.1 kB)
tests (3.11)	Run pip install -e .[dev]	2025-12-28T03:43:20.6653743Z Collecting pathspec>=0.9.0 (from black>=24.4.2->golf-modeling-suite==1.0.0)
tests (3.11)	Run pip install -e .[dev]	2025-12-28T03:43:20.6759346Z   Downloading pathspec-0.12.1-py3-none-any.whl.metadata (21 kB)
tests (3.11)	Run pip install -e .[dev]	2025-12-28T03:43:20.7030996Z Collecting platformdirs>=2 (from black>=24.4.2->golf-modeling-suite==1.0.0)
tests (3.11)	Run pip install -e .[dev]	2025-12-28T03:43:20.7142087Z   Downloading platformdirs-4.5.1-py3-none-any.whl.metadata (12 kB)
tests (3.11)	Run pip install -e .[dev]	2025-12-28T03:43:20.7337330Z Collecting pytokens>=0.3.0 (from black>=24.4.2->golf-modeling-suite==1.0.0)
tests (3.11)	Run pip install -e .[dev]	2025-12-28T03:43:20.7440903Z   Downloading pytokens-0.3.0-py3-none-any.whl.metadata (2.0 kB)
tests (3.11)	Run pip install -e .[dev]	2025-12-28T03:43:20.7592837Z Requirement already satisfied: typing_extensions>=4.6.0 in /opt/hostedtoolcache/Python/3.11.14/x64/lib/python3.11/site-packages (from mypy>=1.10.0->golf-modeling-suite==1.0.0) (4.15.0)
tests (3.11)	Run pip install -e .[dev]	2025-12-28T03:43:20.8529750Z Collecting librt>=0.6.2 (from mypy>=1.10.0->golf-modeling-suite==1.0.0)
tests (3.11)	Run pip install -e .[dev]	2025-12-28T03:43:20.8638690Z   Downloading librt-0.7.5-cp311-cp311-manylinux2014_x86_64.manylinux_2_17_x86_64.manylinux_2_28_x86_64.whl.metadata (1.3 kB)
tests (3.11)	Run pip install -e .[dev]	2025-12-28T03:43:20.8892552Z Collecting docutils<0.22,>=0.19 (from myst-parser>=2.0.0->golf-modeling-suite==1.0.0)
tests (3.11)	Run pip install -e .[dev]	2025-12-28T03:43:20.8996018Z   Downloading docutils-0.21.2-py3-none-any.whl.metadata (2.8 kB)
tests (3.11)	Run pip install -e .[dev]	2025-12-28T03:43:20.9224650Z Collecting jinja2 (from myst-parser>=2.0.0->golf-modeling-suite==1.0.0)
tests (3.11)	Run pip install -e .[dev]	2025-12-28T03:43:20.9328961Z   Downloading jinja2-3.1.6-py3-none-any.whl.metadata (2.9 kB)
tests (3.11)	Run pip install -e .[dev]	2025-12-28T03:43:20.9566278Z Collecting markdown-it-py~=3.0 (from myst-parser>=2.0.0->golf-modeling-suite==1.0.0)
tests (3.11)	Run pip install -e .[dev]	2025-12-28T03:43:20.9658695Z   Downloading markdown_it_py-3.0.0-py3-none-any.whl.metadata (6.9 kB)
tests (3.11)	Run pip install -e .[dev]	2025-12-28T03:43:20.9921523Z Collecting mdit-py-plugins>=0.4.1,~=0.4 (from myst-parser>=2.0.0->golf-modeling-suite==1.0.0)
tests (3.11)	Run pip install -e .[dev]	2025-12-28T03:43:21.0026111Z   Downloading mdit_py_plugins-0.5.0-py3-none-any.whl.metadata (2.8 kB)
tests (3.11)	Run pip install -e .[dev]	2025-12-28T03:43:21.0219073Z Collecting sphinx>=7.0.0 (from golf-modeling-suite==1.0.0)
tests (3.11)	Run pip install -e .[dev]	2025-12-28T03:43:21.0324392Z   Downloading sphinx-8.2.3-py3-none-any.whl.metadata (7.0 kB)
tests (3.11)	Run pip install -e .[dev]	2025-12-28T03:43:21.0547205Z Collecting mdurl~=0.1 (from markdown-it-py~=3.0->myst-parser>=2.0.0->golf-modeling-suite==1.0.0)
tests (3.11)	Run pip install -e .[dev]	2025-12-28T03:43:21.0654176Z   Downloading mdurl-0.1.2-py3-none-any.whl.metadata (1.6 kB)
tests (3.11)	Run pip install -e .[dev]	2025-12-28T03:43:21.0953981Z Collecting sphinxcontrib-applehelp>=1.0.7 (from sphinx>=7.0.0->golf-modeling-suite==1.0.0)
tests (3.11)	Run pip install -e .[dev]	2025-12-28T03:43:21.1061142Z   Downloading sphinxcontrib_applehelp-2.0.0-py3-none-any.whl.metadata (2.3 kB)
tests (3.11)	Run pip install -e .[dev]	2025-12-28T03:43:21.1241359Z Collecting sphinxcontrib-devhelp>=1.0.6 (from sphinx>=7.0.0->golf-modeling-suite==1.0.0)
tests (3.11)	Run pip install -e .[dev]	2025-12-28T03:43:21.1344378Z   Downloading sphinxcontrib_devhelp-2.0.0-py3-none-any.whl.metadata (2.3 kB)
tests (3.11)	Run pip install -e .[dev]	2025-12-28T03:43:21.1527659Z Collecting sphinxcontrib-htmlhelp>=2.0.6 (from sphinx>=7.0.0->golf-modeling-suite==1.0.0)
tests (3.11)	Run pip install -e .[dev]	2025-12-28T03:43:21.1631923Z   Downloading sphinxcontrib_htmlhelp-2.1.0-py3-none-any.whl.metadata (2.3 kB)
tests (3.11)	Run pip install -e .[dev]	2025-12-28T03:43:21.1801166Z Collecting sphinxcontrib-jsmath>=1.0.1 (from sphinx>=7.0.0->golf-modeling-suite==1.0.0)
tests (3.11)	Run pip install -e .[dev]	2025-12-28T03:43:21.1902764Z   Downloading sphinxcontrib_jsmath-1.0.1-py2.py3-none-any.whl.metadata (1.4 kB)
tests (3.11)	Run pip install -e .[dev]	2025-12-28T03:43:21.2091842Z Collecting sphinxcontrib-qthelp>=1.0.6 (from sphinx>=7.0.0->golf-modeling-suite==1.0.0)
tests (3.11)	Run pip install -e .[dev]	2025-12-28T03:43:21.2192267Z   Downloading sphinxcontrib_qthelp-2.0.0-py3-none-any.whl.metadata (2.3 kB)
tests (3.11)	Run pip install -e .[dev]	2025-12-28T03:43:21.2376490Z Collecting sphinxcontrib-serializinghtml>=1.1.9 (from sphinx>=7.0.0->golf-modeling-suite==1.0.0)
tests (3.11)	Run pip install -e .[dev]	2025-12-28T03:43:21.2480791Z   Downloading sphinxcontrib_serializinghtml-2.0.0-py3-none-any.whl.metadata (2.4 kB)
tests (3.11)	Run pip install -e .[dev]	2025-12-28T03:43:21.2759573Z Collecting Pygments>=2.17 (from sphinx>=7.0.0->golf-modeling-suite==1.0.0)
tests (3.11)	Run pip install -e .[dev]	2025-12-28T03:43:21.2868127Z   Downloading pygments-2.19.2-py3-none-any.whl.metadata (2.5 kB)
tests (3.11)	Run pip install -e .[dev]	2025-12-28T03:43:21.3084538Z Collecting snowballstemmer>=2.2 (from sphinx>=7.0.0->golf-modeling-suite==1.0.0)
tests (3.11)	Run pip install -e .[dev]	2025-12-28T03:43:21.3207824Z   Downloading snowballstemmer-3.0.1-py3-none-any.whl.metadata (7.9 kB)
tests (3.11)	Run pip install -e .[dev]	2025-12-28T03:43:21.3425999Z Collecting babel>=2.13 (from sphinx>=7.0.0->golf-modeling-suite==1.0.0)
tests (3.11)	Run pip install -e .[dev]	2025-12-28T03:43:21.3527870Z   Downloading babel-2.17.0-py3-none-any.whl.metadata (2.0 kB)
tests (3.11)	Run pip install -e .[dev]	2025-12-28T03:43:21.3739964Z Collecting alabaster>=0.7.14 (from sphinx>=7.0.0->golf-modeling-suite==1.0.0)
tests (3.11)	Run pip install -e .[dev]	2025-12-28T03:43:21.3842839Z   Downloading alabaster-1.0.0-py3-none-any.whl.metadata (2.8 kB)
tests (3.11)	Run pip install -e .[dev]	2025-12-28T03:43:21.4025247Z Collecting imagesize>=1.3 (from sphinx>=7.0.0->golf-modeling-suite==1.0.0)
tests (3.11)	Run pip install -e .[dev]	2025-12-28T03:43:21.4128708Z   Downloading imagesize-1.4.1-py2.py3-none-any.whl.metadata (1.5 kB)
tests (3.11)	Run pip install -e .[dev]	2025-12-28T03:43:21.4455655Z Collecting requests>=2.30.0 (from sphinx>=7.0.0->golf-modeling-suite==1.0.0)
tests (3.11)	Run pip install -e .[dev]	2025-12-28T03:43:21.4558693Z   Downloading requests-2.32.5-py3-none-any.whl.metadata (4.9 kB)
tests (3.11)	Run pip install -e .[dev]	2025-12-28T03:43:21.4748936Z Collecting roman-numerals-py>=1.0.0 (from sphinx>=7.0.0->golf-modeling-suite==1.0.0)
tests (3.11)	Run pip install -e .[dev]	2025-12-28T03:43:21.4852286Z   Downloading roman_numerals_py-4.1.0-py3-none-any.whl.metadata (561 bytes)
tests (3.11)	Run pip install -e .[dev]	2025-12-28T03:43:21.5817386Z Collecting MarkupSafe>=2.0 (from jinja2->myst-parser>=2.0.0->golf-modeling-suite==1.0.0)
tests (3.11)	Run pip install -e .[dev]	2025-12-28T03:43:21.5925710Z   Downloading markupsafe-3.0.3-cp311-cp311-manylinux2014_x86_64.manylinux_2_17_x86_64.manylinux_2_28_x86_64.whl.metadata (2.7 kB)
tests (3.11)	Run pip install -e .[dev]	2025-12-28T03:43:21.6218947Z Collecting types-pytz>=2022.1.1 (from pandas-stubs>=2.0.0->golf-modeling-suite==1.0.0)
tests (3.11)	Run pip install -e .[dev]	2025-12-28T03:43:21.6326438Z   Downloading types_pytz-2025.2.0.20251108-py3-none-any.whl.metadata (1.7 kB)
tests (3.11)	Run pip install -e .[dev]	2025-12-28T03:43:21.6597251Z Collecting CacheControl>=0.13.0 (from CacheControl[filecache]>=0.13.0->pip-audit>=2.7.0->golf-modeling-suite==1.0.0)
tests (3.11)	Run pip install -e .[dev]	2025-12-28T03:43:21.6705196Z   Downloading cachecontrol-0.14.4-py3-none-any.whl.metadata (3.1 kB)
tests (3.11)	Run pip install -e .[dev]	2025-12-28T03:43:21.7143831Z Collecting cyclonedx-python-lib<12,>=5 (from pip-audit>=2.7.0->golf-modeling-suite==1.0.0)
tests (3.11)	Run pip install -e .[dev]	2025-12-28T03:43:21.7254946Z   Downloading cyclonedx_python_lib-11.6.0-py3-none-any.whl.metadata (6.8 kB)
tests (3.11)	Run pip install -e .[dev]	2025-12-28T03:43:21.7490086Z Collecting pip-api>=0.0.28 (from pip-audit>=2.7.0->golf-modeling-suite==1.0.0)
tests (3.11)	Run pip install -e .[dev]	2025-12-28T03:43:21.7592571Z   Downloading pip_api-0.0.34-py3-none-any.whl.metadata (6.6 kB)
tests (3.11)	Run pip install -e .[dev]	2025-12-28T03:43:21.7772349Z Collecting pip-requirements-parser>=32.0.0 (from pip-audit>=2.7.0->golf-modeling-suite==1.0.0)
tests (3.11)	Run pip install -e .[dev]	2025-12-28T03:43:21.7875803Z   Downloading pip_requirements_parser-32.0.1-py3-none-any.whl.metadata (9.3 kB)
tests (3.11)	Run pip install -e .[dev]	2025-12-28T03:43:21.8402598Z Collecting rich>=12.4 (from pip-audit>=2.7.0->golf-modeling-suite==1.0.0)
tests (3.11)	Run pip install -e .[dev]	2025-12-28T03:43:21.8510308Z   Downloading rich-14.2.0-py3-none-any.whl.metadata (18 kB)
tests (3.11)	Run pip install -e .[dev]	2025-12-28T03:43:21.8758377Z Collecting tomli>=2.2.1 (from pip-audit>=2.7.0->golf-modeling-suite==1.0.0)
tests (3.11)	Run pip install -e .[dev]	2025-12-28T03:43:21.8880335Z   Downloading tomli-2.3.0-cp311-cp311-manylinux2014_x86_64.manylinux_2_17_x86_64.manylinux_2_28_x86_64.whl.metadata (10 kB)
tests (3.11)	Run pip install -e .[dev]	2025-12-28T03:43:21.9054284Z Collecting tomli-w>=1.2.0 (from pip-audit>=2.7.0->golf-modeling-suite==1.0.0)
tests (3.11)	Run pip install -e .[dev]	2025-12-28T03:43:21.9163123Z   Downloading tomli_w-1.2.0-py3-none-any.whl.metadata (5.7 kB)
tests (3.11)	Run pip install -e .[dev]	2025-12-28T03:43:21.9467500Z Collecting license-expression<31,>=30 (from cyclonedx-python-lib<12,>=5->pip-audit>=2.7.0->golf-modeling-suite==1.0.0)
tests (3.11)	Run pip install -e .[dev]	2025-12-28T03:43:21.9572090Z   Downloading license_expression-30.4.4-py3-none-any.whl.metadata (11 kB)
tests (3.11)	Run pip install -e .[dev]	2025-12-28T03:43:21.9851332Z Collecting packageurl-python<2,>=0.11 (from cyclonedx-python-lib<12,>=5->pip-audit>=2.7.0->golf-modeling-suite==1.0.0)
tests (3.11)	Run pip install -e .[dev]	2025-12-28T03:43:21.9953680Z   Downloading packageurl_python-0.17.6-py3-none-any.whl.metadata (5.1 kB)
tests (3.11)	Run pip install -e .[dev]	2025-12-28T03:43:22.0230112Z Collecting py-serializable<3.0.0,>=2.1.0 (from cyclonedx-python-lib<12,>=5->pip-audit>=2.7.0->golf-modeling-suite==1.0.0)
tests (3.11)	Run pip install -e .[dev]	2025-12-28T03:43:22.0333130Z   Downloading py_serializable-2.1.0-py3-none-any.whl.metadata (4.3 kB)
tests (3.11)	Run pip install -e .[dev]	2025-12-28T03:43:22.0552063Z Collecting sortedcontainers<3.0.0,>=2.4.0 (from cyclonedx-python-lib<12,>=5->pip-audit>=2.7.0->golf-modeling-suite==1.0.0)
tests (3.11)	Run pip install -e .[dev]	2025-12-28T03:43:22.0656721Z   Downloading sortedcontainers-2.4.0-py2.py3-none-any.whl.metadata (10 kB)
tests (3.11)	Run pip install -e .[dev]	2025-12-28T03:43:22.0990179Z Collecting boolean.py>=4.0 (from license-expression<31,>=30->cyclonedx-python-lib<12,>=5->pip-audit>=2.7.0->golf-modeling-suite==1.0.0)
tests (3.11)	Run pip install -e .[dev]	2025-12-28T03:43:22.1091019Z   Downloading boolean_py-5.0-py3-none-any.whl.metadata (2.3 kB)
tests (3.11)	Run pip install -e .[dev]	2025-12-28T03:43:22.2033737Z Collecting msgpack<2.0.0,>=0.5.2 (from CacheControl>=0.13.0->CacheControl[filecache]>=0.13.0->pip-audit>=2.7.0->golf-modeling-suite==1.0.0)
tests (3.11)	Run pip install -e .[dev]	2025-12-28T03:43:22.2141880Z   Downloading msgpack-1.1.2-cp311-cp311-manylinux2014_x86_64.manylinux_2_17_x86_64.manylinux_2_28_x86_64.whl.metadata (8.1 kB)
tests (3.11)	Run pip install -e .[dev]	2025-12-28T03:43:22.2453304Z Collecting filelock>=3.8.0 (from CacheControl[filecache]>=0.13.0->pip-audit>=2.7.0->golf-modeling-suite==1.0.0)
tests (3.11)	Run pip install -e .[dev]	2025-12-28T03:43:22.2573527Z   Downloading filelock-3.20.1-py3-none-any.whl.metadata (2.1 kB)
tests (3.11)	Run pip install -e .[dev]	2025-12-28T03:43:22.2640234Z Requirement already satisfied: pip in /opt/hostedtoolcache/Python/3.11.14/x64/lib/python3.11/site-packages (from pip-api>=0.0.28->pip-audit>=2.7.0->golf-modeling-suite==1.0.0) (25.3)
tests (3.11)	Run pip install -e .[dev]	2025-12-28T03:43:22.2855472Z Collecting cfgv>=2.0.0 (from pre-commit>=4.0.0->golf-modeling-suite==1.0.0)
tests (3.11)	Run pip install -e .[dev]	2025-12-28T03:43:22.2959222Z   Downloading cfgv-3.5.0-py2.py3-none-any.whl.metadata (8.9 kB)
tests (3.11)	Run pip install -e .[dev]	2025-12-28T03:43:22.3474230Z Collecting identify>=1.0.0 (from pre-commit>=4.0.0->golf-modeling-suite==1.0.0)
tests (3.11)	Run pip install -e .[dev]	2025-12-28T03:43:22.3581236Z   Downloading identify-2.6.15-py2.py3-none-any.whl.metadata (4.4 kB)
tests (3.11)	Run pip install -e .[dev]	2025-12-28T03:43:22.3809733Z Collecting nodeenv>=0.11.1 (from pre-commit>=4.0.0->golf-modeling-suite==1.0.0)
tests (3.11)	Run pip install -e .[dev]	2025-12-28T03:43:22.3915349Z   Downloading nodeenv-1.10.0-py2.py3-none-any.whl.metadata (24 kB)
tests (3.11)	Run pip install -e .[dev]	2025-12-28T03:43:22.4454419Z Collecting virtualenv>=20.10.0 (from pre-commit>=4.0.0->golf-modeling-suite==1.0.0)
tests (3.11)	Run pip install -e .[dev]	2025-12-28T03:43:22.4564910Z   Downloading virtualenv-20.35.4-py3-none-any.whl.metadata (4.6 kB)
tests (3.11)	Run pip install -e .[dev]	2025-12-28T03:43:22.4881391Z Collecting iniconfig>=1.0.1 (from pytest>=8.2.1->golf-modeling-suite==1.0.0)
tests (3.11)	Run pip install -e .[dev]	2025-12-28T03:43:22.4987659Z   Downloading iniconfig-2.3.0-py3-none-any.whl.metadata (2.5 kB)
tests (3.11)	Run pip install -e .[dev]	2025-12-28T03:43:22.5179204Z Collecting pluggy<2,>=1.5 (from pytest>=8.2.1->golf-modeling-suite==1.0.0)
tests (3.11)	Run pip install -e .[dev]	2025-12-28T03:43:22.5286785Z   Downloading pluggy-1.6.0-py3-none-any.whl.metadata (4.8 kB)
tests (3.11)	Run pip install -e .[dev]	2025-12-28T03:43:22.5660472Z Collecting py-cpuinfo (from pytest-benchmark>=4.0.0->golf-modeling-suite==1.0.0)
tests (3.11)	Run pip install -e .[dev]	2025-12-28T03:43:22.5766570Z   Downloading py_cpuinfo-9.0.0-py3-none-any.whl.metadata (794 bytes)
tests (3.11)	Run pip install -e .[dev]	2025-12-28T03:43:23.0033704Z Collecting coverage>=7.10.6 (from coverage[toml]>=7.10.6->pytest-cov>=5.0.0->golf-modeling-suite==1.0.0)
tests (3.11)	Run pip install -e .[dev]	2025-12-28T03:43:23.0144270Z   Downloading coverage-7.13.0-cp311-cp311-manylinux1_x86_64.manylinux_2_28_x86_64.manylinux_2_5_x86_64.whl.metadata (8.5 kB)
tests (3.11)	Run pip install -e .[dev]	2025-12-28T03:43:23.0521840Z Requirement already satisfied: six>=1.5 in /opt/hostedtoolcache/Python/3.11.14/x64/lib/python3.11/site-packages (from python-dateutil>=2.7->matplotlib<4.0.0,>=3.8.0->golf-modeling-suite==1.0.0) (1.17.0)
tests (3.11)	Run pip install -e .[dev]	2025-12-28T03:43:23.1474622Z Collecting charset_normalizer<4,>=2 (from requests>=2.30.0->sphinx>=7.0.0->golf-modeling-suite==1.0.0)
tests (3.11)	Run pip install -e .[dev]	2025-12-28T03:43:23.1584598Z   Downloading charset_normalizer-3.4.4-cp311-cp311-manylinux2014_x86_64.manylinux_2_17_x86_64.manylinux_2_28_x86_64.whl.metadata (37 kB)
tests (3.11)	Run pip install -e .[dev]	2025-12-28T03:43:23.1842047Z Collecting idna<4,>=2.5 (from requests>=2.30.0->sphinx>=7.0.0->golf-modeling-suite==1.0.0)
tests (3.11)	Run pip install -e .[dev]	2025-12-28T03:43:23.1946055Z   Downloading idna-3.11-py3-none-any.whl.metadata (8.4 kB)
tests (3.11)	Run pip install -e .[dev]	2025-12-28T03:43:23.2298190Z Collecting urllib3<3,>=1.21.1 (from requests>=2.30.0->sphinx>=7.0.0->golf-modeling-suite==1.0.0)
tests (3.11)	Run pip install -e .[dev]	2025-12-28T03:43:23.2404428Z   Downloading urllib3-2.6.2-py3-none-any.whl.metadata (6.6 kB)
tests (3.11)	Run pip install -e .[dev]	2025-12-28T03:43:23.2704239Z Collecting certifi>=2017.4.17 (from requests>=2.30.0->sphinx>=7.0.0->golf-modeling-suite==1.0.0)
tests (3.11)	Run pip install -e .[dev]	2025-12-28T03:43:23.2808617Z   Downloading certifi-2025.11.12-py3-none-any.whl.metadata (2.5 kB)
tests (3.11)	Run pip install -e .[dev]	2025-12-28T03:43:23.3204516Z Collecting roman-numerals==4.1.0 (from roman-numerals-py>=1.0.0->sphinx>=7.0.0->golf-modeling-suite==1.0.0)
tests (3.11)	Run pip install -e .[dev]	2025-12-28T03:43:23.3310606Z   Downloading roman_numerals-4.1.0-py3-none-any.whl.metadata (3.3 kB)
tests (3.11)	Run pip install -e .[dev]	2025-12-28T03:43:23.3555496Z INFO: pip is looking at multiple versions of sphinx-autodoc-typehints to determine which version is compatible with other requirements. This could take a while.
tests (3.11)	Run pip install -e .[dev]	2025-12-28T03:43:23.3560771Z Collecting sphinx-autodoc-typehints>=2.0.0 (from golf-modeling-suite==1.0.0)
tests (3.11)	Run pip install -e .[dev]	2025-12-28T03:43:23.3676217Z   Downloading sphinx_autodoc_typehints-3.5.2-py3-none-any.whl.metadata (8.7 kB)
tests (3.11)	Run pip install -e .[dev]	2025-12-28T03:43:23.4230050Z Collecting sphinxcontrib-jquery<5,>=4 (from sphinx-rtd-theme>=2.0.0->golf-modeling-suite==1.0.0)
tests (3.11)	Run pip install -e .[dev]	2025-12-28T03:43:23.4337900Z   Downloading sphinxcontrib_jquery-4.1-py2.py3-none-any.whl.metadata (2.6 kB)
tests (3.11)	Run pip install -e .[dev]	2025-12-28T03:43:23.5083364Z Collecting distlib<1,>=0.3.7 (from virtualenv>=20.10.0->pre-commit>=4.0.0->golf-modeling-suite==1.0.0)
tests (3.11)	Run pip install -e .[dev]	2025-12-28T03:43:23.5188133Z   Downloading distlib-0.4.0-py2.py3-none-any.whl.metadata (5.2 kB)
tests (3.11)	Run pip install -e .[dev]	2025-12-28T03:43:23.5428502Z Requirement already satisfied: fsspec in /opt/hostedtoolcache/Python/3.11.14/x64/lib/python3.11/site-packages (from etils[epath]->mujoco<4.0.0,>=3.2.3->golf-modeling-suite==1.0.0) (2025.12.0)
tests (3.11)	Run pip install -e .[dev]	2025-12-28T03:43:23.5435398Z Requirement already satisfied: importlib_resources in /opt/hostedtoolcache/Python/3.11.14/x64/lib/python3.11/site-packages (from etils[epath]->mujoco<4.0.0,>=3.2.3->golf-modeling-suite==1.0.0) (6.5.2)
tests (3.11)	Run pip install -e .[dev]	2025-12-28T03:43:23.5445149Z Requirement already satisfied: zipp in /opt/hostedtoolcache/Python/3.11.14/x64/lib/python3.11/site-packages (from etils[epath]->mujoco<4.0.0,>=3.2.3->golf-modeling-suite==1.0.0) (3.23.0)
tests (3.11)	Run pip install -e .[dev]	2025-12-28T03:43:23.5801352Z Downloading ruff-0.14.10-py3-none-manylinux_2_17_x86_64.manylinux2014_x86_64.whl (14.2 MB)
tests (3.11)	Run pip install -e .[dev]	2025-12-28T03:43:24.0312289Z    â”â”â”â”â”â”â”â”â”â”â”â”â”â”â”â”â”â”â”â”â”â”â”â”â”â”â”â”â”â”â”â”â”â”â”â”â”â”â”â” 14.2/14.2 MB 33.5 MB/s  0:00:00
tests (3.11)	Run pip install -e .[dev]	2025-12-28T03:43:24.0459574Z Downloading black-25.12.0-cp311-cp311-manylinux2014_x86_64.manylinux_2_17_x86_64.manylinux_2_28_x86_64.whl (1.8 MB)
tests (3.11)	Run pip install -e .[dev]	2025-12-28T03:43:24.0699064Z    â”â”â”â”â”â”â”â”â”â”â”â”â”â”â”â”â”â”â”â”â”â”â”â”â”â”â”â”â”â”â”â”â”â”â”â”â”â”â”â” 1.8/1.8 MB 71.7 MB/s  0:00:00
tests (3.11)	Run pip install -e .[dev]	2025-12-28T03:43:24.0801953Z Downloading click-8.3.1-py3-none-any.whl (108 kB)
tests (3.11)	Run pip install -e .[dev]	2025-12-28T03:43:24.0926926Z Downloading mypy-1.19.1-cp311-cp311-manylinux2014_x86_64.manylinux_2_17_x86_64.manylinux_2_28_x86_64.whl (13.4 MB)
tests (3.11)	Run pip install -e .[dev]	2025-12-28T03:43:24.2134018Z    â”â”â”â”â”â”â”â”â”â”â”â”â”â”â”â”â”â”â”â”â”â”â”â”â”â”â”â”â”â”â”â”â”â”â”â”â”â”â”â” 13.4/13.4 MB 112.4 MB/s  0:00:00
tests (3.11)	Run pip install -e .[dev]	2025-12-28T03:43:24.2239540Z Downloading librt-0.7.5-cp311-cp311-manylinux2014_x86_64.manylinux_2_17_x86_64.manylinux_2_28_x86_64.whl (184 kB)
tests (3.11)	Run pip install -e .[dev]	2025-12-28T03:43:24.2375817Z Downloading mypy_extensions-1.1.0-py3-none-any.whl (5.0 kB)
tests (3.11)	Run pip install -e .[dev]	2025-12-28T03:43:24.2496281Z Downloading myst_parser-4.0.1-py3-none-any.whl (84 kB)
tests (3.11)	Run pip install -e .[dev]	2025-12-28T03:43:24.2623644Z Downloading docutils-0.21.2-py3-none-any.whl (587 kB)
tests (3.11)	Run pip install -e .[dev]	2025-12-28T03:43:24.2696437Z    â”â”â”â”â”â”â”â”â”â”â”â”â”â”â”â”â”â”â”â”â”â”â”â”â”â”â”â”â”â”â”â”â”â”â”â”â”â”â”â” 587.4/587.4 kB 83.9 MB/s  0:00:00
tests (3.11)	Run pip install -e .[dev]	2025-12-28T03:43:24.2800220Z Downloading markdown_it_py-3.0.0-py3-none-any.whl (87 kB)
tests (3.11)	Run pip install -e .[dev]	2025-12-28T03:43:24.2930386Z Downloading mdit_py_plugins-0.5.0-py3-none-any.whl (57 kB)
tests (3.11)	Run pip install -e .[dev]	2025-12-28T03:43:24.3050408Z Downloading mdurl-0.1.2-py3-none-any.whl (10.0 kB)
tests (3.11)	Run pip install -e .[dev]	2025-12-28T03:43:24.3197465Z Downloading sphinx-8.2.3-py3-none-any.whl (3.6 MB)
tests (3.11)	Run pip install -e .[dev]	2025-12-28T03:43:24.3482992Z    â”â”â”â”â”â”â”â”â”â”â”â”â”â”â”â”â”â”â”â”â”â”â”â”â”â”â”â”â”â”â”â”â”â”â”â”â”â”â”â” 3.6/3.6 MB 129.4 MB/s  0:00:00
tests (3.11)	Run pip install -e .[dev]	2025-12-28T03:43:24.3589118Z Downloading alabaster-1.0.0-py3-none-any.whl (13 kB)
tests (3.11)	Run pip install -e .[dev]	2025-12-28T03:43:24.3709511Z Downloading babel-2.17.0-py3-none-any.whl (10.2 MB)
tests (3.11)	Run pip install -e .[dev]	2025-12-28T03:43:24.4342488Z    â”â”â”â”â”â”â”â”â”â”â”â”â”â”â”â”â”â”â”â”â”â”â”â”â”â”â”â”â”â”â”â”â”â”â”â”â”â”â”â” 10.2/10.2 MB 164.4 MB/s  0:00:00
tests (3.11)	Run pip install -e .[dev]	2025-12-28T03:43:24.4448527Z Downloading imagesize-1.4.1-py2.py3-none-any.whl (8.8 kB)
tests (3.11)	Run pip install -e .[dev]	2025-12-28T03:43:24.4568809Z Downloading jinja2-3.1.6-py3-none-any.whl (134 kB)
tests (3.11)	Run pip install -e .[dev]	2025-12-28T03:43:24.4711601Z Downloading markupsafe-3.0.3-cp311-cp311-manylinux2014_x86_64.manylinux_2_17_x86_64.manylinux_2_28_x86_64.whl (22 kB)
tests (3.11)	Run pip install -e .[dev]	2025-12-28T03:43:24.4832176Z Downloading pandas_stubs-2.3.3.251219-py3-none-any.whl (163 kB)
tests (3.11)	Run pip install -e .[dev]	2025-12-28T03:43:24.4971775Z Downloading pathspec-0.12.1-py3-none-any.whl (31 kB)
tests (3.11)	Run pip install -e .[dev]	2025-12-28T03:43:24.5101007Z Downloading pip_audit-2.10.0-py3-none-any.whl (61 kB)
tests (3.11)	Run pip install -e .[dev]	2025-12-28T03:43:24.5258890Z Downloading cyclonedx_python_lib-11.6.0-py3-none-any.whl (511 kB)
tests (3.11)	Run pip install -e .[dev]	2025-12-28T03:43:24.5400866Z Downloading license_expression-30.4.4-py3-none-any.whl (120 kB)
tests (3.11)	Run pip install -e .[dev]	2025-12-28T03:43:24.5526312Z Downloading packageurl_python-0.17.6-py3-none-any.whl (36 kB)
tests (3.11)	Run pip install -e .[dev]	2025-12-28T03:43:24.5646588Z Downloading py_serializable-2.1.0-py3-none-any.whl (23 kB)
tests (3.11)	Run pip install -e .[dev]	2025-12-28T03:43:24.5765142Z Downloading sortedcontainers-2.4.0-py2.py3-none-any.whl (29 kB)
tests (3.11)	Run pip install -e .[dev]	2025-12-28T03:43:24.5887875Z Downloading boolean_py-5.0-py3-none-any.whl (26 kB)
tests (3.11)	Run pip install -e .[dev]	2025-12-28T03:43:24.6011332Z Downloading cachecontrol-0.14.4-py3-none-any.whl (22 kB)
tests (3.11)	Run pip install -e .[dev]	2025-12-28T03:43:24.6131812Z Downloading msgpack-1.1.2-cp311-cp311-manylinux2014_x86_64.manylinux_2_17_x86_64.manylinux_2_28_x86_64.whl (426 kB)
tests (3.11)	Run pip install -e .[dev]	2025-12-28T03:43:24.6282101Z Downloading filelock-3.20.1-py3-none-any.whl (16 kB)
tests (3.11)	Run pip install -e .[dev]	2025-12-28T03:43:24.6402936Z Downloading pip_api-0.0.34-py3-none-any.whl (120 kB)
tests (3.11)	Run pip install -e .[dev]	2025-12-28T03:43:24.6525174Z Downloading pip_requirements_parser-32.0.1-py3-none-any.whl (35 kB)
tests (3.11)	Run pip install -e .[dev]	2025-12-28T03:43:24.6649380Z Downloading platformdirs-4.5.1-py3-none-any.whl (18 kB)
tests (3.11)	Run pip install -e .[dev]	2025-12-28T03:43:24.6769519Z Downloading pre_commit-4.5.1-py2.py3-none-any.whl (226 kB)
tests (3.11)	Run pip install -e .[dev]	2025-12-28T03:43:24.6910688Z Downloading cfgv-3.5.0-py2.py3-none-any.whl (7.4 kB)
tests (3.11)	Run pip install -e .[dev]	2025-12-28T03:43:24.7029008Z Downloading identify-2.6.15-py2.py3-none-any.whl (99 kB)
tests (3.11)	Run pip install -e .[dev]	2025-12-28T03:43:24.7150669Z Downloading nodeenv-1.10.0-py2.py3-none-any.whl (23 kB)
tests (3.11)	Run pip install -e .[dev]	2025-12-28T03:43:24.7273523Z Downloading pygments-2.19.2-py3-none-any.whl (1.2 MB)
tests (3.11)	Run pip install -e .[dev]	2025-12-28T03:43:24.7358748Z    â”â”â”â”â”â”â”â”â”â”â”â”â”â”â”â”â”â”â”â”â”â”â”â”â”â”â”â”â”â”â”â”â”â”â”â”â”â”â”â” 1.2/1.2 MB 157.3 MB/s  0:00:00
tests (3.11)	Run pip install -e .[dev]	2025-12-28T03:43:24.7465057Z Downloading pytest-9.0.2-py3-none-any.whl (374 kB)
tests (3.11)	Run pip install -e .[dev]	2025-12-28T03:43:24.7603549Z Downloading pluggy-1.6.0-py3-none-any.whl (20 kB)
tests (3.11)	Run pip install -e .[dev]	2025-12-28T03:43:24.7726861Z Downloading iniconfig-2.3.0-py3-none-any.whl (7.5 kB)
tests (3.11)	Run pip install -e .[dev]	2025-12-28T03:43:24.7845485Z Downloading pytest_benchmark-5.2.3-py3-none-any.whl (45 kB)
tests (3.11)	Run pip install -e .[dev]	2025-12-28T03:43:24.7975280Z Downloading pytest_cov-7.0.0-py3-none-any.whl (22 kB)
tests (3.11)	Run pip install -e .[dev]	2025-12-28T03:43:24.8098939Z Downloading coverage-7.13.0-cp311-cp311-manylinux1_x86_64.manylinux_2_28_x86_64.manylinux_2_5_x86_64.whl (250 kB)
tests (3.11)	Run pip install -e .[dev]	2025-12-28T03:43:24.8248741Z Downloading pytest_mock-3.15.1-py3-none-any.whl (10 kB)
tests (3.11)	Run pip install -e .[dev]	2025-12-28T03:43:24.8406128Z Downloading pytest_qt-4.5.0-py3-none-any.whl (37 kB)
tests (3.11)	Run pip install -e .[dev]	2025-12-28T03:43:24.8530397Z Downloading pytokens-0.3.0-py3-none-any.whl (12 kB)
tests (3.11)	Run pip install -e .[dev]	2025-12-28T03:43:24.8650508Z Downloading requests-2.32.5-py3-none-any.whl (64 kB)
tests (3.11)	Run pip install -e .[dev]	2025-12-28T03:43:24.8775243Z Downloading charset_normalizer-3.4.4-cp311-cp311-manylinux2014_x86_64.manylinux_2_17_x86_64.manylinux_2_28_x86_64.whl (151 kB)
tests (3.11)	Run pip install -e .[dev]	2025-12-28T03:43:24.8903556Z Downloading idna-3.11-py3-none-any.whl (71 kB)
tests (3.11)	Run pip install -e .[dev]	2025-12-28T03:43:24.9024224Z Downloading urllib3-2.6.2-py3-none-any.whl (131 kB)
tests (3.11)	Run pip install -e .[dev]	2025-12-28T03:43:24.9149976Z Downloading certifi-2025.11.12-py3-none-any.whl (159 kB)
tests (3.11)	Run pip install -e .[dev]	2025-12-28T03:43:24.9276586Z Downloading rich-14.2.0-py3-none-any.whl (243 kB)
tests (3.11)	Run pip install -e .[dev]	2025-12-28T03:43:24.9404707Z Downloading roman_numerals_py-4.1.0-py3-none-any.whl (4.5 kB)
tests (3.11)	Run pip install -e .[dev]	2025-12-28T03:43:24.9521768Z Downloading roman_numerals-4.1.0-py3-none-any.whl (7.7 kB)
tests (3.11)	Run pip install -e .[dev]	2025-12-28T03:43:24.9642814Z Downloading snowballstemmer-3.0.1-py3-none-any.whl (103 kB)
tests (3.11)	Run pip install -e .[dev]	2025-12-28T03:43:24.9781396Z Downloading sphinx_autodoc_typehints-3.5.2-py3-none-any.whl (21 kB)
tests (3.11)	Run pip install -e .[dev]	2025-12-28T03:43:24.9901275Z Downloading sphinx_rtd_theme-3.0.2-py2.py3-none-any.whl (7.7 MB)
tests (3.11)	Run pip install -e .[dev]	2025-12-28T03:43:25.0768424Z    â”â”â”â”â”â”â”â”â”â”â”â”â”â”â”â”â”â”â”â”â”â”â”â”â”â”â”â”â”â”â”â”â”â”â”â”â”â”â”â” 7.7/7.7 MB 89.3 MB/s  0:00:00
tests (3.11)	Run pip install -e .[dev]	2025-12-28T03:43:25.0874515Z Downloading sphinxcontrib_jquery-4.1-py2.py3-none-any.whl (121 kB)
tests (3.11)	Run pip install -e .[dev]	2025-12-28T03:43:25.0998147Z Downloading sphinxcontrib_applehelp-2.0.0-py3-none-any.whl (119 kB)
tests (3.11)	Run pip install -e .[dev]	2025-12-28T03:43:25.1122043Z Downloading sphinxcontrib_devhelp-2.0.0-py3-none-any.whl (82 kB)
tests (3.11)	Run pip install -e .[dev]	2025-12-28T03:43:25.1245622Z Downloading sphinxcontrib_htmlhelp-2.1.0-py3-none-any.whl (98 kB)
tests (3.11)	Run pip install -e .[dev]	2025-12-28T03:43:25.1366441Z Downloading sphinxcontrib_jsmath-1.0.1-py2.py3-none-any.whl (5.1 kB)
tests (3.11)	Run pip install -e .[dev]	2025-12-28T03:43:25.1487664Z Downloading sphinxcontrib_qthelp-2.0.0-py3-none-any.whl (88 kB)
tests (3.11)	Run pip install -e .[dev]	2025-12-28T03:43:25.1615461Z Downloading sphinxcontrib_serializinghtml-2.0.0-py3-none-any.whl (92 kB)
tests (3.11)	Run pip install -e .[dev]	2025-12-28T03:43:25.1753063Z Downloading tomli-2.3.0-cp311-cp311-manylinux2014_x86_64.manylinux_2_17_x86_64.manylinux_2_28_x86_64.whl (242 kB)
tests (3.11)	Run pip install -e .[dev]	2025-12-28T03:43:25.1879143Z Downloading tomli_w-1.2.0-py3-none-any.whl (6.7 kB)
tests (3.11)	Run pip install -e .[dev]	2025-12-28T03:43:25.1995194Z Downloading types_pytz-2025.2.0.20251108-py3-none-any.whl (10 kB)
tests (3.11)	Run pip install -e .[dev]	2025-12-28T03:43:25.2114261Z Downloading types_pyyaml-6.0.12.20250915-py3-none-any.whl (20 kB)
tests (3.11)	Run pip install -e .[dev]	2025-12-28T03:43:25.2231858Z Downloading types_requests-2.32.4.20250913-py3-none-any.whl (20 kB)
tests (3.11)	Run pip install -e .[dev]	2025-12-28T03:43:25.2360676Z Downloading virtualenv-20.35.4-py3-none-any.whl (6.0 MB)
tests (3.11)	Run pip install -e .[dev]	2025-12-28T03:43:25.2693374Z    â”â”â”â”â”â”â”â”â”â”â”â”â”â”â”â”â”â”â”â”â”â”â”â”â”â”â”â”â”â”â”â”â”â”â”â”â”â”â”â” 6.0/6.0 MB 186.3 MB/s  0:00:00
tests (3.11)	Run pip install -e .[dev]	2025-12-28T03:43:25.2797291Z Downloading distlib-0.4.0-py2.py3-none-any.whl (469 kB)
tests (3.11)	Run pip install -e .[dev]	2025-12-28T03:43:25.2934284Z Downloading py_cpuinfo-9.0.0-py3-none-any.whl (22 kB)
tests (3.11)	Run pip install -e .[dev]	2025-12-28T03:43:25.3981653Z Building wheels for collected packages: golf-modeling-suite
tests (3.11)	Run pip install -e .[dev]	2025-12-28T03:43:25.3990177Z   Building editable for golf-modeling-suite (pyproject.toml): started
tests (3.11)	Run pip install -e .[dev]	2025-12-28T03:43:25.9358611Z   Building editable for golf-modeling-suite (pyproject.toml): finished with status 'done'
tests (3.11)	Run pip install -e .[dev]	2025-12-28T03:43:25.9364751Z   Created wheel for golf-modeling-suite: filename=golf_modeling_suite-1.0.0-0.editable-py3-none-any.whl size=9214 sha256=365fb425bec5dd2b7e1ebfba45079ac1f5b78725aa6fcc09fc36e2d8d3d4922c
tests (3.11)	Run pip install -e .[dev]	2025-12-28T03:43:25.9366527Z   Stored in directory: /tmp/pip-ephem-wheel-cache-9gobae4u/wheels/bc/bb/0e/3f543f8e98b771bfbacbe26635c66d662a01ee9ec807b324ba
tests (3.11)	Run pip install -e .[dev]	2025-12-28T03:43:25.9385253Z Successfully built golf-modeling-suite
tests (3.11)	Run pip install -e .[dev]	2025-12-28T03:43:26.0687441Z Installing collected packages: sortedcontainers, py-cpuinfo, distlib, boolean.py, urllib3, types-PyYAML, types-pytz, tomli-w, tomli, sphinxcontrib-serializinghtml, sphinxcontrib-qthelp, sphinxcontrib-jsmath, sphinxcontrib-htmlhelp, sphinxcontrib-devhelp, sphinxcontrib-applehelp, snowballstemmer, ruff, roman-numerals, pytokens, Pygments, py-serializable, pluggy, platformdirs, pip-requirements-parser, pip-api, pathspec, packageurl-python, nodeenv, mypy-extensions, msgpack, mdurl, MarkupSafe, license-expression, librt, iniconfig, imagesize, idna, identify, filelock, docutils, coverage, click, charset_normalizer, cfgv, certifi, babel, alabaster, virtualenv, types-requests, roman-numerals-py, requests, pytest, pandas-stubs, mypy, markdown-it-py, jinja2, cyclonedx-python-lib, black, sphinx, rich, pytest-qt, pytest-mock, pytest-cov, pytest-benchmark, pre-commit, mdit-py-plugins, CacheControl, sphinxcontrib-jquery, sphinx-autodoc-typehints, myst-parser, golf-modeling-suite, sphinx-rtd-theme, pip-audit
tests (3.11)	Run pip install -e .[dev]	2025-12-28T03:43:31.6726785Z   Attempting uninstall: golf-modeling-suite
tests (3.11)	Run pip install -e .[dev]	2025-12-28T03:43:31.6753924Z     Found existing installation: golf-modeling-suite 1.0.0
tests (3.11)	Run pip install -e .[dev]	2025-12-28T03:43:31.6773386Z     Uninstalling golf-modeling-suite-1.0.0:
tests (3.11)	Run pip install -e .[dev]	2025-12-28T03:43:32.0012528Z       Successfully uninstalled golf-modeling-suite-1.0.0
tests (3.11)	Run pip install -e .[dev]	2025-12-28T03:43:32.0964745Z 
tests (3.11)	Run pip install -e .[dev]	2025-12-28T03:43:32.1013075Z Successfully installed CacheControl-0.14.4 MarkupSafe-3.0.3 Pygments-2.19.2 alabaster-1.0.0 babel-2.17.0 black-25.12.0 boolean.py-5.0 certifi-2025.11.12 cfgv-3.5.0 charset_normalizer-3.4.4 click-8.3.1 coverage-7.13.0 cyclonedx-python-lib-11.6.0 distlib-0.4.0 docutils-0.21.2 filelock-3.20.1 golf-modeling-suite-1.0.0 identify-2.6.15 idna-3.11 imagesize-1.4.1 iniconfig-2.3.0 jinja2-3.1.6 librt-0.7.5 license-expression-30.4.4 markdown-it-py-3.0.0 mdit-py-plugins-0.5.0 mdurl-0.1.2 msgpack-1.1.2 mypy-1.19.1 mypy-extensions-1.1.0 myst-parser-4.0.1 nodeenv-1.10.0 packageurl-python-0.17.6 pandas-stubs-2.3.3.251219 pathspec-0.12.1 pip-api-0.0.34 pip-audit-2.10.0 pip-requirements-parser-32.0.1 platformdirs-4.5.1 pluggy-1.6.0 pre-commit-4.5.1 py-cpuinfo-9.0.0 py-serializable-2.1.0 pytest-9.0.2 pytest-benchmark-5.2.3 pytest-cov-7.0.0 pytest-mock-3.15.1 pytest-qt-4.5.0 pytokens-0.3.0 requests-2.32.5 rich-14.2.0 roman-numerals-4.1.0 roman-numerals-py-4.1.0 ruff-0.14.10 snowballstemmer-3.0.1 sortedcontainers-2.4.0 sphinx-8.2.3 sphinx-autodoc-typehints-3.5.2 sphinx-rtd-theme-3.0.2 sphinxcontrib-applehelp-2.0.0 sphinxcontrib-devhelp-2.0.0 sphinxcontrib-htmlhelp-2.1.0 sphinxcontrib-jquery-4.1 sphinxcontrib-jsmath-1.0.1 sphinxcontrib-qthelp-2.0.0 sphinxcontrib-serializinghtml-2.0.0 tomli-2.3.0 tomli-w-1.2.0 types-PyYAML-6.0.12.20250915 types-pytz-2025.2.0.20251108 types-requests-2.32.4.20250913 urllib3-2.6.2 virtualenv-20.35.4
tests (3.11)	Run Tests	ï»¿2025-12-28T03:43:32.3841833Z ##[group]Run xvfb-run pytest --cov=shared/python --cov-report=xml
tests (3.11)	Run Tests	2025-12-28T03:43:32.3842302Z [36;1mxvfb-run pytest --cov=shared/python --cov-report=xml[0m
tests (3.11)	Run Tests	2025-12-28T03:43:32.3875133Z shell: /usr/bin/bash -e {0}
tests (3.11)	Run Tests	2025-12-28T03:43:32.3875359Z env:
tests (3.11)	Run Tests	2025-12-28T03:43:32.3875609Z   pythonLocation: /opt/hostedtoolcache/Python/3.11.14/x64
tests (3.11)	Run Tests	2025-12-28T03:43:32.3876027Z   PKG_CONFIG_PATH: /opt/hostedtoolcache/Python/3.11.14/x64/lib/pkgconfig
tests (3.11)	Run Tests	2025-12-28T03:43:32.3876414Z   Python_ROOT_DIR: /opt/hostedtoolcache/Python/3.11.14/x64
tests (3.11)	Run Tests	2025-12-28T03:43:32.3876784Z   Python2_ROOT_DIR: /opt/hostedtoolcache/Python/3.11.14/x64
tests (3.11)	Run Tests	2025-12-28T03:43:32.3877146Z   Python3_ROOT_DIR: /opt/hostedtoolcache/Python/3.11.14/x64
tests (3.11)	Run Tests	2025-12-28T03:43:32.3877503Z   LD_LIBRARY_PATH: /opt/hostedtoolcache/Python/3.11.14/x64/lib
tests (3.11)	Run Tests	2025-12-28T03:43:32.3877814Z ##[endgroup]
tests (3.11)	Run Tests	2025-12-28T03:43:40.2455855Z ============================= test session starts ==============================
tests (3.11)	Run Tests	2025-12-28T03:43:40.2456430Z platform linux -- Python 3.11.14, pytest-9.0.2, pluggy-1.6.0
tests (3.11)	Run Tests	2025-12-28T03:43:40.2457272Z benchmark: 5.2.3 (defaults: timer=time.perf_counter disable_gc=False min_rounds=5 min_time=0.000005 max_time=1.0 calibration_precision=10 warmup=False warmup_iterations=100000)
tests (3.11)	Run Tests	2025-12-28T03:43:40.2458002Z PyQt6 6.10.1 -- Qt runtime 6.10.1 -- Qt compiled 6.10.0
tests (3.11)	Run Tests	2025-12-28T03:43:40.2458842Z rootdir: /home/runner/work/Golf_Modeling_Suite/Golf_Modeling_Suite
tests (3.11)	Run Tests	2025-12-28T03:43:40.2459316Z configfile: pyproject.toml
tests (3.11)	Run Tests	2025-12-28T03:43:40.2459681Z testpaths: tests, shared/python/tests, engines/*/python/tests, engines/*/tests
tests (3.11)	Run Tests	2025-12-28T03:43:40.2460145Z plugins: benchmark-5.2.3, cov-7.0.0, qt-4.5.0, mock-3.15.1
tests (3.11)	Run Tests	2025-12-28T03:43:40.2460462Z collected 235 items / 1 skipped
tests (3.11)	Run Tests	2025-12-28T03:43:40.2460614Z 
tests (3.11)	Run Tests	2025-12-28T03:43:42.8029376Z tests/benchmarks/test_dynamics_benchmarks.py ..                          [  0%]
tests (3.11)	Run Tests	2025-12-28T03:43:43.2240417Z tests/integration/test_end_to_end.py ...............                     [  7%]
tests (3.11)	Run Tests	2025-12-28T03:43:43.2951185Z tests/integration/test_engine_integration.py .........s                  [ 11%]
tests (3.11)	Run Tests	2025-12-28T03:43:43.3396213Z tests/integration/test_engine_loading.py .......                         [ 14%]
tests (3.11)	Run Tests	2025-12-28T03:43:43.4091860Z tests/integration/test_golf_launcher_integration.py ..                   [ 15%]
tests (3.11)	Run Tests	2025-12-28T03:43:43.4346150Z tests/integration/test_physics_consistency.py .                          [ 15%]
tests (3.11)	Run Tests	2025-12-28T03:43:43.4521444Z tests/physics_validation/test_complex_models.py s.                       [ 16%]
tests (3.11)	Run Tests	2025-12-28T03:43:43.4805606Z tests/physics_validation/test_energy_conservation.py .ss                 [ 17%]
tests (3.11)	Run Tests	2025-12-28T03:43:43.5235393Z tests/physics_validation/test_pendulum_accuracy.py .s                    [ 18%]
tests (3.11)	Run Tests	2025-12-28T03:43:43.7611405Z tests/test_comparative_analysis.py ...                                   [ 20%]
tests (3.11)	Run Tests	2025-12-28T03:43:44.6660148Z tests/test_shared_biomechanics.py ....                                   [ 21%]
tests (3.11)	Run Tests	2025-12-28T03:43:44.7046257Z tests/test_urdf_tools.py ..                                              [ 22%]
tests (3.11)	Run Tests	2025-12-28T03:43:44.7485449Z tests/unit/test_common_utils_coverage.py ......                          [ 25%]
tests (3.11)	Run Tests	2025-12-28T03:43:44.8069480Z tests/unit/test_engine_manager.py ................                       [ 31%]
tests (3.11)	Run Tests	2025-12-28T03:43:44.8201452Z tests/unit/test_examples.py ..                                           [ 32%]
tests (3.11)	Run Tests	2025-12-28T03:43:44.9044062Z tests/unit/test_golf_launcher_basic.py ......                            [ 35%]
tests (3.11)	Run Tests	2025-12-28T03:43:45.1414700Z tests/unit/test_golf_launcher_logic.py .F..                              [ 37%]
tests (3.11)	Run Tests	2025-12-28T03:43:45.2638575Z tests/unit/test_golf_suite_launcher.py .......                           [ 40%]
tests (3.11)	Run Tests	2025-12-28T03:43:45.3232977Z tests/unit/test_launchers.py ..........                                  [ 44%]
tests (3.11)	Run Tests	2025-12-28T03:43:45.7259984Z tests/unit/test_lazy_imports.py .........                                [ 48%]
tests (3.11)	Run Tests	2025-12-28T03:43:45.7593496Z tests/unit/test_model_registry.py .......                                [ 51%]
tests (3.11)	Run Tests	2025-12-28T03:43:45.8914254Z tests/unit/test_output_manager.py .....ss......                          [ 56%]
tests (3.11)	Run Tests	2025-12-28T03:43:45.9147728Z tests/unit/test_physics_parameters.py ........                           [ 60%]
tests (3.11)	Run Tests	2025-12-28T03:43:46.1120672Z tests/unit/test_plotting.py ....................                         [ 68%]
tests (3.11)	Run Tests	2025-12-28T03:43:46.2484882Z tests/unit/test_shared_engine_manager.py .......                         [ 71%]
tests (3.11)	Run Tests	2025-12-28T03:43:46.2957909Z tests/unit/test_shared_model_registry.py .......                         [ 74%]
tests (3.11)	Run Tests	2025-12-28T03:43:46.3310066Z tests/unit/test_shared_output_manager.py ........                        [ 77%]
tests (3.11)	Run Tests	2025-12-28T03:43:46.3642778Z tests/unit/test_shared_physics_parameters.py .........                   [ 81%]
tests (3.11)	Run Tests	2025-12-28T03:43:46.3843416Z tests/unit/test_shared_signal_processing.py ......                       [ 84%]
tests (3.11)	Run Tests	2025-12-28T03:43:46.3994750Z tests/unit/test_signal_processing.py .....                               [ 86%]
tests (3.11)	Run Tests	2025-12-28T03:43:46.4282172Z tests/unit/test_spatial_algebra.py ..........                            [ 90%]
tests (3.11)	Run Tests	2025-12-28T03:43:46.4434720Z tests/unit/test_swing_plane.py .....                                     [ 92%]
tests (3.11)	Run Tests	2025-12-28T03:43:46.4649263Z tests/unit/test_urdf_io.py ...                                           [ 94%]
tests (3.11)	Run Tests	2025-12-28T03:43:46.4827290Z engines/pendulum_models/python/tests/test_example.py ...........         [ 98%]
tests (3.11)	Run Tests	2025-12-28T03:43:53.6106287Z engines/physics_engines/tests/test_induced_acceleration.py ss.           [100%]
tests (3.11)	Run Tests	2025-12-28T03:43:53.6106909Z 
tests (3.11)	Run Tests	2025-12-28T03:43:53.6107176Z =================================== FAILURES ===================================
tests (3.11)	Run Tests	2025-12-28T03:43:53.6107863Z ____________ TestGolfLauncherLogic.test_model_selection_updates_ui _____________
tests (3.11)	Run Tests	2025-12-28T03:43:53.6108728Z 
tests (3.11)	Run Tests	2025-12-28T03:43:53.6109128Z self = <tests.unit.test_golf_launcher_logic.TestGolfLauncherLogic object at 0x7faed1cc9690>
tests (3.11)	Run Tests	2025-12-28T03:43:53.6109914Z mock_thread = <MagicMock name='DockerCheckThread' id='140388743691600'>
tests (3.11)	Run Tests	2025-12-28T03:43:53.6110713Z mock_registry = <MagicMock name='ModelRegistry' id='140388743685712'>
tests (3.11)	Run Tests	2025-12-28T03:43:53.6111183Z 
tests (3.11)	Run Tests	2025-12-28T03:43:53.6111426Z     @patch("shared.python.model_registry.ModelRegistry")
tests (3.11)	Run Tests	2025-12-28T03:43:53.6111998Z     @patch("launchers.golf_launcher.DockerCheckThread")
tests (3.11)	Run Tests	2025-12-28T03:43:53.6112579Z     def test_model_selection_updates_ui(self, mock_thread, mock_registry):
tests (3.11)	Run Tests	2025-12-28T03:43:53.6113210Z         """Test that selecting a model updates the launch button."""
tests (3.11)	Run Tests	2025-12-28T03:43:53.6113685Z         # Setup registry with one model
tests (3.11)	Run Tests	2025-12-28T03:43:53.6114111Z         mock_model = Mock()
tests (3.11)	Run Tests	2025-12-28T03:43:53.6114474Z         mock_model.name = "Test Model"
tests (3.11)	Run Tests	2025-12-28T03:43:53.6114901Z         mock_model.description = "Desc"
tests (3.11)	Run Tests	2025-12-28T03:43:53.6115323Z         mock_model.id = "test_model"
tests (3.11)	Run Tests	2025-12-28T03:43:53.6115706Z     
tests (3.11)	Run Tests	2025-12-28T03:43:53.6116031Z         registry_instance = mock_registry.return_value
tests (3.11)	Run Tests	2025-12-28T03:43:53.6116517Z         registry_instance.get_all_models.return_value = [mock_model]
tests (3.11)	Run Tests	2025-12-28T03:43:53.6116893Z         registry_instance.get_model.return_value = mock_model
tests (3.11)	Run Tests	2025-12-28T03:43:53.6117192Z     
tests (3.11)	Run Tests	2025-12-28T03:43:53.6117367Z         launcher = GolfLauncher()
tests (3.11)	Run Tests	2025-12-28T03:43:53.6117595Z     
tests (3.11)	Run Tests	2025-12-28T03:43:53.6117778Z         # Initial state: No Docker, No Model
tests (3.11)	Run Tests	2025-12-28T03:43:53.6118073Z >       assert launcher.btn_launch.isEnabled() is False
tests (3.11)	Run Tests	2025-12-28T03:43:53.6118679Z E       AssertionError: assert <MagicMock name='mock()' id='140388743735504'> is False
tests (3.11)	Run Tests	2025-12-28T03:43:53.6119189Z E        +  where <MagicMock name='mock()' id='140388743735504'> = <MagicMock id='140388781838224'>()
tests (3.11)	Run Tests	2025-12-28T03:43:53.6120128Z E        +    where <MagicMock id='140388781838224'> = <tests.integration.test_golf_launcher_integration.MockQWidget object at 0x7faed1a8f190>.isEnabled
tests (3.11)	Run Tests	2025-12-28T03:43:53.6121155Z E        +      where <tests.integration.test_golf_launcher_integration.MockQWidget object at 0x7faed1a8f190> = <launchers.golf_launcher.GolfLauncher object at 0x7faecd32be90>.btn_launch
tests (3.11)	Run Tests	2025-12-28T03:43:53.6121778Z 
tests (3.11)	Run Tests	2025-12-28T03:43:53.6122068Z tests/unit/test_golf_launcher_logic.py:249: AssertionError
tests (3.11)	Run Tests	2025-12-28T03:43:53.6122421Z =============================== warnings summary ===============================
tests (3.11)	Run Tests	2025-12-28T03:43:53.6123026Z tests/unit/test_lazy_imports.py::TestPolynomialGeneratorLazyImport::test_polynomial_generator_successful_import
tests (3.11)	Run Tests	2025-12-28T03:43:53.6124167Z   /opt/hostedtoolcache/Python/3.11.14/x64/lib/python3.11/importlib/__init__.py:126: UserWarning: The NumPy module was reloaded (imported a second time). This can in some cases result in small but subtle issues and is discouraged.
tests (3.11)	Run Tests	2025-12-28T03:43:53.6125114Z     return _bootstrap._gcd_import(name[level:], package, level)
tests (3.11)	Run Tests	2025-12-28T03:43:53.6125342Z 
tests (3.11)	Run Tests	2025-12-28T03:43:53.6125543Z -- Docs: https://docs.pytest.org/en/stable/how-to/capture-warnings.html
tests (3.11)	Run Tests	2025-12-28T03:43:53.6125935Z ================================ tests coverage ================================
tests (3.11)	Run Tests	2025-12-28T03:43:53.6126294Z _______________ coverage: platform linux, python 3.11.14-final-0 _______________
tests (3.11)	Run Tests	2025-12-28T03:43:53.6126544Z 
tests (3.11)	Run Tests	2025-12-28T03:43:53.6126675Z Name                                                                                            Stmts   Miss  Cover   Missing
tests (3.11)	Run Tests	2025-12-28T03:43:53.6127070Z -----------------------------------------------------------------------------------------------------------------------------
tests (3.11)	Run Tests	2025-12-28T03:43:53.6127500Z engines/__init__.py                                                                                 0      0   100%
tests (3.11)	Run Tests	2025-12-28T03:43:53.6127953Z engines/pendulum_models/python/__init__.py                                                          0      0   100%
tests (3.11)	Run Tests	2025-12-28T03:43:53.6128717Z engines/pendulum_models/python/src/__init__.py                                                      6      0   100%
tests (3.11)	Run Tests	2025-12-28T03:43:53.6129291Z engines/pendulum_models/python/src/logger_utils.py                                                 29      6    79%   16, 64-68
tests (3.11)	Run Tests	2025-12-28T03:43:53.6129824Z engines/physics_engines/__init__.py                                                                 0      0   100%
tests (3.11)	Run Tests	2025-12-28T03:43:53.6130317Z engines/physics_engines/mujoco/__init__.py                                                          0      0   100%
tests (3.11)	Run Tests	2025-12-28T03:43:53.6130892Z engines/physics_engines/mujoco/add_defusedxml_to_robotics_env.py                                   60     60     0%   4-158
tests (3.11)	Run Tests	2025-12-28T03:43:53.6131520Z engines/physics_engines/mujoco/add_qt_dependencies.py                                              47     47     0%   4-144
tests (3.11)	Run Tests	2025-12-28T03:43:53.6132135Z engines/physics_engines/mujoco/create_myo_placeholders.py                                          21     21     0%   4-233
tests (3.11)	Run Tests	2025-12-28T03:43:53.6132797Z engines/physics_engines/mujoco/docker/src/humanoid_golf/__init__.py                                 0      0   100%
tests (3.11)	Run Tests	2025-12-28T03:43:53.6133479Z engines/physics_engines/mujoco/docker/src/humanoid_golf/iaa_helper.py                              38      2    95%   7-8
tests (3.11)	Run Tests	2025-12-28T03:43:53.6134139Z engines/physics_engines/mujoco/docker_test_dependencies.py                                         96     96     0%   4-161
tests (3.11)	Run Tests	2025-12-28T03:43:53.6134741Z engines/physics_engines/mujoco/fix_linting.py                                                       7      7     0%   4-35
tests (3.11)	Run Tests	2025-12-28T03:43:53.6135303Z engines/physics_engines/mujoco/head_models.py                                                      96     96     0%   7-1600
tests (3.11)	Run Tests	2025-12-28T03:43:53.6135861Z engines/physics_engines/mujoco/python/__init__.py                                                   0      0   100%
tests (3.11)	Run Tests	2025-12-28T03:43:53.6136611Z engines/physics_engines/mujoco/python/examples/__init__.py                                          0      0   100%
tests (3.11)	Run Tests	2025-12-28T03:43:53.6137291Z engines/physics_engines/mujoco/python/examples/example_featherstone_algorithms.py                  28     28     0%   7-74
tests (3.11)	Run Tests	2025-12-28T03:43:53.6138028Z engines/physics_engines/mujoco/python/examples/example_screw_theory.py                             39     39     0%   7-82
tests (3.11)	Run Tests	2025-12-28T03:43:53.6139004Z engines/physics_engines/mujoco/python/golf_suite_launcher.py                                       89     89     0%   6-182
tests (3.11)	Run Tests	2025-12-28T03:43:53.6139649Z engines/physics_engines/mujoco/python/humanoid_launcher.py                                        588    588     0%   7-1075
tests (3.11)	Run Tests	2025-12-28T03:43:53.6140329Z engines/physics_engines/mujoco/python/mujoco_humanoid_golf/__init__.py                             18      5    72%   37-56, 66, 97
tests (3.11)	Run Tests	2025-12-28T03:43:53.6141017Z engines/physics_engines/mujoco/python/mujoco_humanoid_golf/__main__.py                            146    146     0%   3-360
tests (3.11)	Run Tests	2025-12-28T03:43:53.6141946Z engines/physics_engines/mujoco/python/mujoco_humanoid_golf/advanced_control.py                    227    184    19%   50-65, 79, 83, 87, 104-130, 134-138, 146, 154, 162, 182-211, 230-252, 271-298, 321-350, 371-400, 421-478, 491-495, 525-580, 610-631, 650-673
tests (3.11)	Run Tests	2025-12-28T03:43:53.6142887Z engines/physics_engines/mujoco/python/mujoco_humanoid_golf/advanced_export.py                     184    184     0%   9-574
tests (3.11)	Run Tests	2025-12-28T03:43:53.6143617Z engines/physics_engines/mujoco/python/mujoco_humanoid_golf/advanced_gui.py                        187    176     6%   25-406
tests (3.11)	Run Tests	2025-12-28T03:43:53.6144373Z engines/physics_engines/mujoco/python/mujoco_humanoid_golf/advanced_gui_methods.py                 66     57    14%   15-58, 62-93, 97-109
tests (3.11)	Run Tests	2025-12-28T03:43:53.6145349Z engines/physics_engines/mujoco/python/mujoco_humanoid_golf/advanced_kinematics.py                 185    148    20%   60-86, 90-94, 112-144, 158-187, 204-214, 231-254, 289-358, 376-381, 385, 389-392, 410-426, 446-456, 474-504, 515-529, 546-547, 563-570
tests (3.11)	Run Tests	2025-12-28T03:43:53.6146579Z engines/physics_engines/mujoco/python/mujoco_humanoid_golf/biomechanics.py                        184    158    14%   35-70, 74-78, 82-86, 94-110, 121-151, 162-197, 208-215, 223-226, 236-250, 259-275, 307, 311-312, 316-317, 321, 329-330, 341-366, 370, 374-376, 384-440
tests (3.11)	Run Tests	2025-12-28T03:43:53.6147539Z engines/physics_engines/mujoco/python/mujoco_humanoid_golf/cli_runner.py                          151    151     0%   3-315
tests (3.11)	Run Tests	2025-12-28T03:43:53.6148440Z engines/physics_engines/mujoco/python/mujoco_humanoid_golf/club_configurations.py                  66     66     0%   6-478
tests (3.11)	Run Tests	2025-12-28T03:43:53.6149405Z engines/physics_engines/mujoco/python/mujoco_humanoid_golf/control_system.py                      105     75    29%   59-88, 101-121, 125, 129-132, 148-153, 162-163, 172-173, 183-184, 193-194, 211-215, 230-233, 247-258, 266, 274, 278, 289-292, 302-306, 314-318
tests (3.11)	Run Tests	2025-12-28T03:43:53.6150347Z engines/physics_engines/mujoco/python/mujoco_humanoid_golf/examples_advanced_robotics.py          112    112     0%   7-318
tests (3.11)	Run Tests	2025-12-28T03:43:53.6151115Z engines/physics_engines/mujoco/python/mujoco_humanoid_golf/examples_chaotic_pendulum.py           256    256     0%   14-563
tests (3.11)	Run Tests	2025-12-28T03:43:53.6151884Z engines/physics_engines/mujoco/python/mujoco_humanoid_golf/examples_joint_analysis.py             101    101     0%   13-231
tests (3.11)	Run Tests	2025-12-28T03:43:53.6152649Z engines/physics_engines/mujoco/python/mujoco_humanoid_golf/examples_motion_capture.py             160    160     0%   15-470
tests (3.11)	Run Tests	2025-12-28T03:43:53.6153566Z engines/physics_engines/mujoco/python/mujoco_humanoid_golf/grip_modelling_tab.py                  253    229     9%   31-32, 36-96, 100-102, 106-155, 161-389, 394-411, 417-475, 479-480, 484-485, 489-493, 504-508, 519-523, 527-532
tests (3.11)	Run Tests	2025-12-28T03:43:53.6154434Z engines/physics_engines/mujoco/python/mujoco_humanoid_golf/gui/__init__.py                          0      0   100%
tests (3.11)	Run Tests	2025-12-28T03:43:53.6155122Z engines/physics_engines/mujoco/python/mujoco_humanoid_golf/gui/tabs/__init__.py                     3      0   100%
tests (3.11)	Run Tests	2025-12-28T03:43:53.6156031Z engines/physics_engines/mujoco/python/mujoco_humanoid_golf/gui/tabs/analysis_tab.py               101     86    15%   13, 30-39, 43-82, 86-126, 130-174, 182-213
tests (3.11)	Run Tests	2025-12-28T03:43:53.6157341Z engines/physics_engines/mujoco/python/mujoco_humanoid_golf/gui/tabs/controls_tab.py               547    497     9%   15, 31-49, 54-147, 151-166, 172-190, 193-199, 205-212, 216-226, 232-248, 251-295, 298-320, 325-354, 359-422, 431-457, 461-466, 470-484, 487-496, 499-501, 504-513, 517-518, 521-523, 526-532, 535-548, 553-554, 559-631, 642-657, 670-688, 711-834, 837-843, 846-855, 858-860, 863, 866-868, 871-876, 879-882, 885-889
tests (3.11)	Run Tests	2025-12-28T03:43:53.6159222Z engines/physics_engines/mujoco/python/mujoco_humanoid_golf/gui/tabs/manipulation_tab.py           423    391     8%   13, 27-30, 34-324, 328-347, 353-356, 360-363, 367-370, 374-388, 392-424, 428-446, 450-482, 486-496, 500-503, 507-515, 519-538, 544-565, 573-600, 606-630, 638-659, 667-672, 676-689, 693-698, 702-707
tests (3.11)	Run Tests	2025-12-28T03:43:53.6160326Z engines/physics_engines/mujoco/python/mujoco_humanoid_golf/gui/tabs/physics_tab.py                144    138     4%   10-436
tests (3.11)	Run Tests	2025-12-28T03:43:53.6161801Z engines/physics_engines/mujoco/python/mujoco_humanoid_golf/gui/tabs/plotting_tab.py               103    103     0%   1-192
tests (3.11)	Run Tests	2025-12-28T03:43:53.6163421Z engines/physics_engines/mujoco/python/mujoco_humanoid_golf/gui/tabs/visualization_tab.py          310    279    10%   10, 23-25, 29-297, 303-305, 309-330, 334-335, 339-340, 345-347, 351-354, 358-359, 363-378, 385-404, 411-419, 423-429, 435-436, 440-442, 449-450, 454-456, 463-464, 468-470, 474-490, 494-498, 507-509, 513-524
tests (3.11)	Run Tests	2025-12-28T03:43:53.6164948Z engines/physics_engines/mujoco/python/mujoco_humanoid_golf/interactive_manipulation.py            300    242    19%   65-66, 89-127, 151-194, 207-233, 237, 259-277, 281-283, 307-367, 386-472, 481-499, 503-514, 531-559, 563-564, 572-575, 579, 587, 591-612, 624, 642-651, 663-675, 686-689, 707-721, 729-739, 750-768, 776, 789-790, 801-805, 809-811
tests (3.11)	Run Tests	2025-12-28T03:43:53.6166296Z engines/physics_engines/mujoco/python/mujoco_humanoid_golf/inverse_dynamics.py                    209    159    24%   89-114, 124, 148-198, 228-305, 327-337, 362-377, 395-418, 447-471, 494-517, 536-565, 589-590, 610-618, 633-677, 694-695, 720-748, 769-772
tests (3.11)	Run Tests	2025-12-28T03:43:53.6167237Z engines/physics_engines/mujoco/python/mujoco_humanoid_golf/joint_analysis.py                      144    144     0%   13-395
tests (3.11)	Run Tests	2025-12-28T03:43:53.6168165Z engines/physics_engines/mujoco/python/mujoco_humanoid_golf/kinematic_forces.py                    211    176    17%   75-99, 103-107, 122-130, 151-174, 186-192, 214-231, 242-249, 264-278, 299-348, 365-380, 402-424, 450-491, 512-537, 557-590, 603-669
tests (3.11)	Run Tests	2025-12-28T03:43:53.6169361Z engines/physics_engines/mujoco/python/mujoco_humanoid_golf/linkage_mechanisms/__init__.py          43     43     0%   18-1346
tests (3.11)	Run Tests	2025-12-28T03:43:53.6170206Z engines/physics_engines/mujoco/python/mujoco_humanoid_golf/meshcat_adapter.py                     131    110    16%   11-12, 25-54, 57-58, 64-134, 140-159, 172-221, 245-265, 269-270, 275-282, 290-293
tests (3.11)	Run Tests	2025-12-28T03:43:53.6171033Z engines/physics_engines/mujoco/python/mujoco_humanoid_golf/models.py                               97     79    19%   1424-1554, 1569-1602
tests (3.11)	Run Tests	2025-12-28T03:43:53.6172001Z engines/physics_engines/mujoco/python/mujoco_humanoid_golf/motion_capture.py                      239    174    27%   20, 54, 59-61, 72-80, 96-144, 169-196, 229-242, 268, 291-299, 303-308, 326-351, 372-429, 445-456, 481-490, 508-524, 542-558, 578-588, 609-620, 642-655, 671-680, 700-709
tests (3.11)	Run Tests	2025-12-28T03:43:53.6173241Z engines/physics_engines/mujoco/python/mujoco_humanoid_golf/motion_optimization.py                 265    203    23%   96-115, 119-123, 141-189, 210-253, 261-281, 289-313, 324-360, 375-478, 489-497, 512-528, 542-560, 576-594, 606-607, 622-623, 634, 650-670, 679-684, 692-704
tests (3.11)	Run Tests	2025-12-28T03:43:53.6175152Z engines/physics_engines/mujoco/python/mujoco_humanoid_golf/pinocchio_interface.py                 139    139     0%   20-565
tests (3.11)	Run Tests	2025-12-28T03:43:53.6176832Z engines/physics_engines/mujoco/python/mujoco_humanoid_golf/playback_control.py                    112    112     0%   10-284
tests (3.11)	Run Tests	2025-12-28T03:43:53.6178406Z engines/physics_engines/mujoco/python/mujoco_humanoid_golf/plotting.py                             15      8    47%   31-39
tests (3.11)	Run Tests	2025-12-28T03:43:53.6180278Z engines/physics_engines/mujoco/python/mujoco_humanoid_golf/polynomial_generator.py                300    268    11%   41-49, 60-151, 155-285, 291-295, 299-312, 316-321, 325-362, 366-387, 391-413, 417-439, 443-447, 455-465, 469-484, 490-527, 533-550, 556-558, 563-566
tests (3.11)	Run Tests	2025-12-28T03:43:53.6182008Z engines/physics_engines/mujoco/python/mujoco_humanoid_golf/recording_library.py                   252    252     0%   10-663
tests (3.11)	Run Tests	2025-12-28T03:43:53.6182768Z engines/physics_engines/mujoco/python/mujoco_humanoid_golf/rigid_body_dynamics/__init__.py          4      0   100%
tests (3.11)	Run Tests	2025-12-28T03:43:53.6183559Z engines/physics_engines/mujoco/python/mujoco_humanoid_golf/rigid_body_dynamics/aba.py              86      7    92%   77-78, 80-81, 83-84, 184
tests (3.11)	Run Tests	2025-12-28T03:43:53.6184371Z engines/physics_engines/mujoco/python/mujoco_humanoid_golf/rigid_body_dynamics/crba.py             39     36     8%   47-128
tests (3.11)	Run Tests	2025-12-28T03:43:53.6185149Z engines/physics_engines/mujoco/python/mujoco_humanoid_golf/rigid_body_dynamics/rnea.py             70      6    91%   74-75, 77-78, 80-81
tests (3.11)	Run Tests	2025-12-28T03:43:53.6185923Z engines/physics_engines/mujoco/python/mujoco_humanoid_golf/screw_theory/__init__.py                 5      5     0%   19-24
tests (3.11)	Run Tests	2025-12-28T03:43:53.6186673Z engines/physics_engines/mujoco/python/mujoco_humanoid_golf/screw_theory/adjoint.py                 13     13     0%   5-78
tests (3.11)	Run Tests	2025-12-28T03:43:53.6187425Z engines/physics_engines/mujoco/python/mujoco_humanoid_golf/screw_theory/exponential.py             51     51     0%   5-177
tests (3.11)	Run Tests	2025-12-28T03:43:53.6188170Z engines/physics_engines/mujoco/python/mujoco_humanoid_golf/screw_theory/screws.py                  15     15     0%   5-103
tests (3.11)	Run Tests	2025-12-28T03:43:53.6189050Z engines/physics_engines/mujoco/python/mujoco_humanoid_golf/screw_theory/twists.py                  22     22     0%   5-103
tests (3.11)	Run Tests	2025-12-28T03:43:53.6190703Z engines/physics_engines/mujoco/python/mujoco_humanoid_golf/sim_widget.py                          811    730    10%   32-39, 54-56, 59-68, 93-191, 202-215, 219-231, 236-282, 286-293, 297-312, 316-375, 379-406, 414-471, 478-484, 494-527, 531-544, 554-559, 563, 567-568, 576-580, 584, 588-617, 630-632, 645-647, 653-654, 658-660, 664, 668, 679-728, 732-745, 750, 754-858, 864-912, 916, 920-987, 991-1000, 1009-1016, 1020-1055, 1059-1078, 1082-1106, 1117-1184, 1196-1244, 1248-1253, 1258-1261, 1265, 1271-1350, 1354-1416, 1420-1441, 1445-1455, 1459-1461, 1465-1467, 1471-1473, 1477-1479, 1483-1489, 1493-1522, 1526-1530, 1534-1538, 1542-1606
tests (3.11)	Run Tests	2025-12-28T03:43:53.6192339Z engines/physics_engines/mujoco/python/mujoco_humanoid_golf/spatial_algebra/__init__.py              5      0   100%
tests (3.11)	Run Tests	2025-12-28T03:43:53.6193117Z engines/physics_engines/mujoco/python/mujoco_humanoid_golf/spatial_algebra/inertia.py              32     18    44%   51-52, 54-55, 57-58, 105-123
tests (3.11)	Run Tests	2025-12-28T03:43:53.6193940Z engines/physics_engines/mujoco/python/mujoco_humanoid_golf/spatial_algebra/joints.py               79     21    73%   97-111, 137-140, 143-146
tests (3.11)	Run Tests	2025-12-28T03:43:53.6194853Z engines/physics_engines/mujoco/python/mujoco_humanoid_golf/spatial_algebra/spatial_vectors.py     139     81    42%   34-38, 81-115, 148-181, 202-206, 210-214, 222, 260-264, 268-272, 280, 374-379
tests (3.11)	Run Tests	2025-12-28T03:43:53.6195826Z engines/physics_engines/mujoco/python/mujoco_humanoid_golf/spatial_algebra/transforms.py           59     14    76%   46-47, 52-53, 93-94, 149-150, 152-153, 200-201, 203-204
tests (3.11)	Run Tests	2025-12-28T03:43:53.6196658Z engines/physics_engines/mujoco/python/mujoco_humanoid_golf/statistical_analysis.py                  3      3     0%   6-16
tests (3.11)	Run Tests	2025-12-28T03:43:53.6197603Z engines/physics_engines/mujoco/python/mujoco_humanoid_golf/telemetry.py                           178    129    28%   20, 50, 70-77, 82-86, 91-95, 100-119, 128-140, 145-146, 155, 160-174, 179-191, 201-212, 216-220, 224-230, 235-241, 248-254, 259-272, 277-321
tests (3.11)	Run Tests	2025-12-28T03:43:53.6199159Z engines/physics_engines/mujoco/python/mujoco_humanoid_golf/urdf_io.py                             440    164    63%   79-81, 121-122, 147-149, 156, 201, 227, 266-269, 279-282, 288-315, 319-339, 347-386, 390-396, 407-427, 433-434, 481-485, 491-507, 536-537, 628, 651, 654, 658, 661, 682, 685, 690, 695-704, 724, 731, 750, 759, 776-779, 807-829, 837-838, 845-851
tests (3.11)	Run Tests	2025-12-28T03:43:53.6200339Z engines/physics_engines/mujoco/python/mujoco_humanoid_golf/video_export.py                        180    180     0%   10-447
tests (3.11)	Run Tests	2025-12-28T03:43:53.6201057Z engines/physics_engines/mujoco/python/playground_experiments/__init__.py                            0      0   100%
tests (3.11)	Run Tests	2025-12-28T03:43:53.6201786Z engines/physics_engines/mujoco/python/playground_experiments/humanoid_cm_demo.py                   77     77     0%   1-138
tests (3.11)	Run Tests	2025-12-28T03:43:53.6202533Z engines/physics_engines/mujoco/python/playground_experiments/mocapact_demo.py                      40     40     0%   10-84
tests (3.11)	Run Tests	2025-12-28T03:43:53.6203209Z engines/physics_engines/mujoco/python/src/__init__.py                                               5      5     0%   7-15
tests (3.11)	Run Tests	2025-12-28T03:43:53.6203815Z engines/physics_engines/mujoco/python/src/logger_utils.py                                          31     31     0%   7-83
tests (3.11)	Run Tests	2025-12-28T03:43:53.6204440Z engines/physics_engines/mujoco/python/validate_models.py                                           50     50     0%   4-94
tests (3.11)	Run Tests	2025-12-28T03:43:53.6205047Z engines/physics_engines/mujoco/rebuild_docker.py                                                   35     35     0%   4-65
tests (3.11)	Run Tests	2025-12-28T03:43:53.6205528Z launchers/__init__.py                                                                               0      0   100%
tests (3.11)	Run Tests	2025-12-28T03:43:53.6206403Z launchers/golf_launcher.py                                                                        417    130    69%   24-29, 156-157, 168-169, 176-179, 183-255, 259-266, 270-271, 275-279, 302, 337, 351-353, 471, 474, 488, 490, 492, 537-539, 584-587, 596-597, 686-699, 703-704, 708-709, 714, 719-720, 724-727, 738, 740, 746-747, 761-762, 766-775, 779-781, 795-797, 809-811, 818-822, 826-832, 839-848, 855-860
tests (3.11)	Run Tests	2025-12-28T03:43:53.6207320Z launchers/golf_suite_launcher.py                                                                  118     13    89%   19-22, 31, 163-167, 187-191
tests (3.11)	Run Tests	2025-12-28T03:43:53.6207835Z launchers/unified_launcher.py                                                                      77     27    65%   15-17, 32, 43, 47, 58-62, 86, 131-147, 157-158, 163-164
tests (3.11)	Run Tests	2025-12-28T03:43:53.6208414Z shared/python/__init__.py                                                                          26      6    77%   46-51
tests (3.11)	Run Tests	2025-12-28T03:43:53.6208887Z shared/python/biomechanics_data.py                                                                 26      0   100%
tests (3.11)	Run Tests	2025-12-28T03:43:53.6209379Z shared/python/common_utils.py                                                                      91     13    86%   30-32, 74, 96, 165, 224-227, 233-236
tests (3.11)	Run Tests	2025-12-28T03:43:53.6209925Z shared/python/comparative_analysis.py                                                             107     16    85%   105, 111, 115, 140, 182, 195, 228-233, 241-248
tests (3.11)	Run Tests	2025-12-28T03:43:53.6210489Z shared/python/comparative_plotting.py                                                              78      7    91%   54-56, 143, 155-156, 252
tests (3.11)	Run Tests	2025-12-28T03:43:53.6210983Z shared/python/constants.py                                                                         46      0   100%
tests (3.11)	Run Tests	2025-12-28T03:43:53.6211412Z shared/python/core.py                                                                              17      0   100%
tests (3.11)	Run Tests	2025-12-28T03:43:53.6211968Z shared/python/engine_manager.py                                                                   236     42    82%   171-174, 216, 229-230, 241, 255, 280-282, 289-290, 304, 319, 330-331, 337-362, 370-383, 401-402, 455
tests (3.11)	Run Tests	2025-12-28T03:43:53.6212976Z shared/python/engine_probes.py                                                                    187     81    57%   46, 49-53, 94-104, 117, 126-128, 136, 144-146, 149, 186-192, 212-266, 296, 308-332, 356, 374-376, 387, 422, 434-461
tests (3.11)	Run Tests	2025-12-28T03:43:53.6213588Z shared/python/model_registry.py                                                                    49      2    96%   79-80
tests (3.11)	Run Tests	2025-12-28T03:43:53.6214193Z shared/python/output_manager.py                                                                   219     42    81%   60, 66, 142-143, 147, 175, 190-195, 207-212, 217-219, 247, 260-266, 274-279, 344-350, 370-372, 401-402, 427-428
tests (3.11)	Run Tests	2025-12-28T03:43:53.6214921Z shared/python/physics_parameters.py                                                               120      1    99%   344
tests (3.11)	Run Tests	2025-12-28T03:43:53.6215957Z shared/python/plotting.py                                                                         539    145    73%   39-52, 158, 189-191, 195, 228-230, 234, 263-265, 269, 296-298, 341-343, 347, 385-387, 391, 454-462, 511-513, 523, 556-558, 560-562, 570-572, 580-582, 591-595, 621-622, 624-625, 632-634, 641-643, 652-656, 704, 723, 730-741, 763, 770-775, 797, 824-826, 847, 891-893, 936-937, 939-940, 947-949, 965-966, 995-1003, 1007, 1012-1015, 1087-1125, 1133-1165
tests (3.11)	Run Tests	2025-12-28T03:43:53.6216994Z shared/python/pose_estimation/__init__.py                                                           2      2     0%   7-9
tests (3.11)	Run Tests	2025-12-28T03:43:53.6217522Z shared/python/pose_estimation/interface.py                                                         11     11     0%   3-20
tests (3.11)	Run Tests	2025-12-28T03:43:53.6218059Z shared/python/signal_processing.py                                                                 32      1    97%   118
tests (3.11)	Run Tests	2025-12-28T03:43:53.6218841Z shared/python/statistical_analysis.py                                                             270    125    54%   178, 196-204, 215, 224, 230, 265-274, 284-285, 301-316, 337, 351, 354, 366, 450-463, 559-572, 583-592, 612-659, 673-689, 702-775
tests (3.11)	Run Tests	2025-12-28T03:43:53.6219533Z shared/python/swing_plane_analysis.py                                                              40      1    98%   99
tests (3.11)	Run Tests	2025-12-28T03:43:53.6220024Z -----------------------------------------------------------------------------------------------------------------------------
tests (3.11)	Run Tests	2025-12-28T03:43:53.6220420Z TOTAL                                                                                           12810   9288    27%
tests (3.11)	Run Tests	2025-12-28T03:43:53.6220724Z Coverage HTML written to dir htmlcov
tests (3.11)	Run Tests	2025-12-28T03:43:53.6220986Z Coverage XML written to file coverage.xml
tests (3.11)	Run Tests	2025-12-28T03:43:53.9890966Z Required test coverage of 10% reached. Total coverage: 27.49%
tests (3.11)	Run Tests	2025-12-28T03:43:53.9891558Z 
tests (3.11)	Run Tests	2025-12-28T03:43:53.9892296Z ---------------------------------------------------------------------------------------- benchmark: 2 tests ----------------------------------------------------------------------------------------
tests (3.11)	Run Tests	2025-12-28T03:43:53.9893332Z Name (time in us)            Min                   Max                Mean             StdDev              Median                IQR            Outliers  OPS (Kops/s)            Rounds  Iterations
tests (3.11)	Run Tests	2025-12-28T03:43:53.9894250Z ----------------------------------------------------------------------------------------------------------------------------------------------------------------------------------------------------
tests (3.11)	Run Tests	2025-12-28T03:43:53.9895215Z test_rnea_benchmark     564.1900 (1.0)      2,498.2680 (1.90)     579.3936 (1.0)      53.0428 (2.71)     578.2860 (1.0)      11.0652 (1.34)        13;54        1.7259 (1.0)        1543           1
tests (3.11)	Run Tests	2025-12-28T03:43:53.9896196Z test_aba_benchmark      931.3130 (1.65)     1,316.8000 (1.0)      955.4926 (1.65)     19.5917 (1.0)      952.9230 (1.65)      8.2575 (1.0)         40;55        1.0466 (0.61)        677           1
tests (3.11)	Run Tests	2025-12-28T03:43:53.9897128Z ----------------------------------------------------------------------------------------------------------------------------------------------------------------------------------------------------
tests (3.11)	Run Tests	2025-12-28T03:43:53.9897944Z 
tests (3.11)	Run Tests	2025-12-28T03:43:53.9898039Z Legend:
tests (3.11)	Run Tests	2025-12-28T03:43:53.9898806Z   Outliers: 1 Standard Deviation from Mean; 1.5 IQR (InterQuartile Range) from 1st Quartile and 3rd Quartile.
tests (3.11)	Run Tests	2025-12-28T03:43:53.9899426Z   OPS: Operations Per Second, computed as 1 / Mean
tests (3.11)	Run Tests	2025-12-28T03:43:53.9899782Z =========================== short test summary info ============================
tests (3.11)	Run Tests	2025-12-28T03:43:53.9900328Z SKIPPED [1] tests/test_pinocchio_recorder.py:5: could not import 'pinocchio': No module named 'pinocchio'
tests (3.11)	Run Tests	2025-12-28T03:43:53.9901247Z SKIPPED [1] tests/integration/test_engine_integration.py:303: Engine EngineType.MUJOCO not fully implemented: assert False is True
tests (3.11)	Run Tests	2025-12-28T03:43:53.9901953Z SKIPPED [1] tests/physics_validation/test_complex_models.py:27: Pinocchio not installed
tests (3.11)	Run Tests	2025-12-28T03:43:53.9902533Z SKIPPED [1] tests/physics_validation/test_energy_conservation.py:84: Pinocchio not installed
tests (3.11)	Run Tests	2025-12-28T03:43:53.9903117Z SKIPPED [1] tests/physics_validation/test_energy_conservation.py:156: Drake not installed
tests (3.11)	Run Tests	2025-12-28T03:43:53.9903681Z SKIPPED [1] tests/physics_validation/test_pendulum_accuracy.py:101: Drake not installed
tests (3.11)	Run Tests	2025-12-28T03:43:53.9904306Z SKIPPED [1] tests/unit/test_output_manager.py:215: Parquet support not available (missing pyarrow/fastparquet)
tests (3.11)	Run Tests	2025-12-28T03:43:53.9904945Z SKIPPED [1] tests/unit/test_output_manager.py:236: HDF5 support not available (missing pytables)
tests (3.11)	Run Tests	2025-12-28T03:43:53.9905626Z SKIPPED [1] engines/physics_engines/tests/test_induced_acceleration.py:17: Pinocchio or Analysis module not found
tests (3.11)	Run Tests	2025-12-28T03:43:53.9906344Z SKIPPED [1] engines/physics_engines/tests/test_induced_acceleration.py:65: Drake or Analyzer not found
tests (3.11)	Run Tests	2025-12-28T03:43:53.9907320Z FAILED tests/unit/test_golf_launcher_logic.py::TestGolfLauncherLogic::test_model_selection_updates_ui - AssertionError: assert <MagicMock name='mock()' id='140388743735504'> is False
tests (3.11)	Run Tests	2025-12-28T03:43:53.9908176Z  +  where <MagicMock name='mock()' id='140388743735504'> = <MagicMock id='140388781838224'>()
tests (3.11)	Run Tests	2025-12-28T03:43:53.9909006Z  +    where <MagicMock id='140388781838224'> = <tests.integration.test_golf_launcher_integration.MockQWidget object at 0x7faed1a8f190>.isEnabled
tests (3.11)	Run Tests	2025-12-28T03:43:53.9910039Z  +      where <tests.integration.test_golf_launcher_integration.MockQWidget object at 0x7faed1a8f190> = <launchers.golf_launcher.GolfLauncher object at 0x7faecd32be90>.btn_launch
tests (3.11)	Run Tests	2025-12-28T03:43:53.9910831Z ============ 1 failed, 225 passed, 10 skipped, 1 warning in 17.33s =============
tests (3.11)	Run Tests	2025-12-28T03:43:54.2776048Z ##[error]Process completed with exit code 1.
tests (3.11)	Post Run actions/checkout@v4	ï»¿2025-12-28T03:43:54.2884056Z Post job cleanup.
tests (3.11)	Post Run actions/checkout@v4	2025-12-28T03:43:54.3833381Z [command]/usr/bin/git version
tests (3.11)	Post Run actions/checkout@v4	2025-12-28T03:43:54.3873587Z git version 2.52.0
tests (3.11)	Post Run actions/checkout@v4	2025-12-28T03:43:54.3917144Z Temporarily overriding HOME='/home/runner/work/_temp/c4fcad23-85e6-4809-8ad7-3337d5b75cbe' before making global git config changes
tests (3.11)	Post Run actions/checkout@v4	2025-12-28T03:43:54.3918721Z Adding repository directory to the temporary git global config as a safe directory
tests (3.11)	Post Run actions/checkout@v4	2025-12-28T03:43:54.3923623Z [command]/usr/bin/git config --global --add safe.directory /home/runner/work/Golf_Modeling_Suite/Golf_Modeling_Suite
tests (3.11)	Post Run actions/checkout@v4	2025-12-28T03:43:54.3958143Z [command]/usr/bin/git config --local --name-only --get-regexp core\.sshCommand
tests (3.11)	Post Run actions/checkout@v4	2025-12-28T03:43:54.3990231Z [command]/usr/bin/git submodule foreach --recursive sh -c "git config --local --name-only --get-regexp 'core\.sshCommand' && git config --local --unset-all 'core.sshCommand' || :"
tests (3.11)	Post Run actions/checkout@v4	2025-12-28T03:43:54.4228535Z [command]/usr/bin/git config --local --name-only --get-regexp http\.https\:\/\/github\.com\/\.extraheader
tests (3.11)	Post Run actions/checkout@v4	2025-12-28T03:43:54.4249701Z http.https://github.com/.extraheader
tests (3.11)	Post Run actions/checkout@v4	2025-12-28T03:43:54.4262467Z [command]/usr/bin/git config --local --unset-all http.https://github.com/.extraheader
tests (3.11)	Post Run actions/checkout@v4	2025-12-28T03:43:54.4293313Z [command]/usr/bin/git submodule foreach --recursive sh -c "git config --local --name-only --get-regexp 'http\.https\:\/\/github\.com\/\.extraheader' && git config --local --unset-all 'http.https://github.com/.extraheader' || :"
tests (3.11)	Post Run actions/checkout@v4	2025-12-28T03:43:54.4520340Z [command]/usr/bin/git config --local --name-only --get-regexp ^includeIf\.gitdir:
tests (3.11)	Post Run actions/checkout@v4	2025-12-28T03:43:54.4550811Z [command]/usr/bin/git submodule foreach --recursive git config --local --show-origin --name-only --get-regexp remote.origin.url
tests (3.11)	Complete job	ï»¿2025-12-28T03:43:54.4919132Z Cleaning up orphan processes
